{"/data/github/geopackage-js/lib/features/user/featureColumn.js":{"path":"/data/github/geopackage-js/lib/features/user/featureColumn.js","s":{"1":1,"2":1,"3":1,"4":301,"5":301,"6":301,"7":0,"8":1,"9":1,"10":7,"11":1,"12":7,"13":1,"14":39,"15":1,"16":53,"17":1,"18":4013,"19":1},"b":{"1":[0,301],"2":[301,247]},"f":{"1":301,"2":7,"3":7,"4":39,"5":53,"6":4013},"fnMap":{"1":{"name":"(anonymous_1)","line":14,"loc":{"start":{"line":14,"column":20},"end":{"line":14,"column":106}}},"2":{"name":"(anonymous_2)","line":33,"loc":{"start":{"line":33,"column":55},"end":{"line":33,"column":77}}},"3":{"name":"(anonymous_3)","line":48,"loc":{"start":{"line":48,"column":37},"end":{"line":48,"column":88}}},"4":{"name":"(anonymous_4)","line":63,"loc":{"start":{"line":63,"column":38},"end":{"line":63,"column":89}}},"5":{"name":"(anonymous_5)","line":79,"loc":{"start":{"line":79,"column":44},"end":{"line":79,"column":100}}},"6":{"name":"(anonymous_6)","line":87,"loc":{"start":{"line":87,"column":37},"end":{"line":87,"column":49}}}},"statementMap":{"1":{"start":{"line":6,"column":0},"end":{"line":7,"column":46}},"2":{"start":{"line":9,"column":0},"end":{"line":9,"column":27}},"3":{"start":{"line":14,"column":0},"end":{"line":21,"column":1}},"4":{"start":{"line":15,"column":2},"end":{"line":15,"column":87}},"5":{"start":{"line":16,"column":2},"end":{"line":16,"column":35}},"6":{"start":{"line":18,"column":2},"end":{"line":20,"column":3}},"7":{"start":{"line":19,"column":4},"end":{"line":19,"column":83}},"8":{"start":{"line":23,"column":0},"end":{"line":23,"column":41}},"9":{"start":{"line":33,"column":0},"end":{"line":35,"column":1}},"10":{"start":{"line":34,"column":2},"end":{"line":34,"column":114}},"11":{"start":{"line":48,"column":0},"end":{"line":50,"column":1}},"12":{"start":{"line":49,"column":2},"end":{"line":49,"column":128}},"13":{"start":{"line":63,"column":0},"end":{"line":65,"column":1}},"14":{"start":{"line":64,"column":2},"end":{"line":64,"column":104}},"15":{"start":{"line":79,"column":0},"end":{"line":81,"column":1}},"16":{"start":{"line":80,"column":2},"end":{"line":80,"column":81}},"17":{"start":{"line":87,"column":0},"end":{"line":89,"column":2}},"18":{"start":{"line":88,"column":2},"end":{"line":88,"column":41}},"19":{"start":{"line":91,"column":0},"end":{"line":91,"column":31}}},"branchMap":{"1":{"line":18,"type":"if","locations":[{"start":{"line":18,"column":2},"end":{"line":18,"column":2}},{"start":{"line":18,"column":2},"end":{"line":18,"column":2}}]},"2":{"line":18,"type":"binary-expr","locations":[{"start":{"line":18,"column":6},"end":{"line":18,"column":19}},{"start":{"line":18,"column":23},"end":{"line":18,"column":75}}]}}},"/data/github/geopackage-js/lib/user/userColumn.js":{"path":"/data/github/geopackage-js/lib/user/userColumn.js","s":{"1":1,"2":1,"3":1406,"4":1406,"5":1406,"6":1406,"7":1406,"8":1406,"9":1406,"10":1,"11":2,"12":2,"13":2,"14":2,"15":1,"16":1406,"17":0,"18":1},"b":{"1":[2,0],"2":[0,1406],"3":[1406,30,15]},"f":{"1":1406,"2":2,"3":1406},"fnMap":{"1":{"name":"UserColumn","line":12,"loc":{"start":{"line":12,"column":0},"end":{"line":12,"column":83}}},"2":{"name":"(anonymous_2)","line":23,"loc":{"start":{"line":23,"column":35},"end":{"line":23,"column":47}}},"3":{"name":"(anonymous_3)","line":31,"loc":{"start":{"line":31,"column":35},"end":{"line":31,"column":47}}}},"statementMap":{"1":{"start":{"line":6,"column":0},"end":{"line":6,"column":43}},"2":{"start":{"line":12,"column":0},"end":{"line":21,"column":1}},"3":{"start":{"line":13,"column":2},"end":{"line":13,"column":21}},"4":{"start":{"line":14,"column":2},"end":{"line":14,"column":19}},"5":{"start":{"line":15,"column":2},"end":{"line":15,"column":27}},"6":{"start":{"line":16,"column":2},"end":{"line":16,"column":17}},"7":{"start":{"line":17,"column":2},"end":{"line":18,"column":35}},"8":{"start":{"line":19,"column":2},"end":{"line":19,"column":31}},"9":{"start":{"line":20,"column":2},"end":{"line":20,"column":21}},"10":{"start":{"line":23,"column":0},"end":{"line":29,"column":2}},"11":{"start":{"line":24,"column":2},"end":{"line":24,"column":23}},"12":{"start":{"line":25,"column":2},"end":{"line":27,"column":3}},"13":{"start":{"line":26,"column":4},"end":{"line":26,"column":41}},"14":{"start":{"line":28,"column":2},"end":{"line":28,"column":14}},"15":{"start":{"line":31,"column":0},"end":{"line":35,"column":2}},"16":{"start":{"line":32,"column":2},"end":{"line":34,"column":3}},"17":{"start":{"line":33,"column":4},"end":{"line":33,"column":151}},"18":{"start":{"line":37,"column":0},"end":{"line":37,"column":28}}},"branchMap":{"1":{"line":25,"type":"if","locations":[{"start":{"line":25,"column":2},"end":{"line":25,"column":2}},{"start":{"line":25,"column":2},"end":{"line":25,"column":2}}]},"2":{"line":32,"type":"if","locations":[{"start":{"line":32,"column":2},"end":{"line":32,"column":2}},{"start":{"line":32,"column":2},"end":{"line":32,"column":2}}]},"3":{"line":32,"type":"binary-expr","locations":[{"start":{"line":32,"column":5},"end":{"line":32,"column":13}},{"start":{"line":32,"column":17},"end":{"line":32,"column":70}},{"start":{"line":32,"column":74},"end":{"line":32,"column":127}}]}}},"/data/github/geopackage-js/lib/db/dataTypes.js":{"path":"/data/github/geopackage-js/lib/db/dataTypes.js","s":{"1":1,"2":1,"3":1,"4":1,"5":1,"6":1,"7":1,"8":1,"9":1,"10":1,"11":1,"12":1,"13":1,"14":1,"15":1,"16":1,"17":1,"18":1,"19":1,"20":1,"21":1,"22":1,"23":1,"24":1,"25":1,"26":1,"27":1,"28":1,"29":1,"30":1,"31":1,"32":1,"33":1,"34":1,"35":1,"36":1,"37":1,"38":1,"39":1,"40":1,"41":1,"42":1,"43":1,"44":1,"45":152,"46":152,"47":8,"48":8,"49":1,"50":1,"51":1,"52":1,"53":1,"54":1,"55":1,"56":1,"57":70,"58":70,"59":1,"60":1,"61":1,"62":1,"63":8,"64":8,"65":22,"66":22,"67":28,"68":28,"69":1,"70":1,"71":1,"72":1,"73":8,"74":8,"75":152,"76":1,"77":1251,"78":1251,"79":1251,"80":1251,"81":1251},"b":{"1":[8,1,1,1,1,70,1,1,8,22,28,1,1,8],"2":[1251,0]},"f":{"1":152,"2":1251},"fnMap":{"1":{"name":"(anonymous_1)","line":110,"loc":{"start":{"line":110,"column":22},"end":{"line":110,"column":41}}},"2":{"name":"(anonymous_2)","line":166,"loc":{"start":{"line":166,"column":26},"end":{"line":166,"column":41}}}},"statementMap":{"1":{"start":{"line":10,"column":0},"end":{"line":10,"column":48}},"2":{"start":{"line":15,"column":0},"end":{"line":15,"column":48}},"3":{"start":{"line":20,"column":0},"end":{"line":20,"column":50}},"4":{"start":{"line":25,"column":0},"end":{"line":25,"column":52}},"5":{"start":{"line":30,"column":0},"end":{"line":30,"column":40}},"6":{"start":{"line":35,"column":0},"end":{"line":35,"column":48}},"7":{"start":{"line":40,"column":0},"end":{"line":40,"column":44}},"8":{"start":{"line":45,"column":0},"end":{"line":45,"column":46}},"9":{"start":{"line":50,"column":0},"end":{"line":50,"column":42}},"10":{"start":{"line":55,"column":0},"end":{"line":55,"column":42}},"11":{"start":{"line":60,"column":0},"end":{"line":60,"column":42}},"12":{"start":{"line":65,"column":0},"end":{"line":65,"column":42}},"13":{"start":{"line":70,"column":0},"end":{"line":70,"column":50}},"14":{"start":{"line":71,"column":0},"end":{"line":71,"column":50}},"15":{"start":{"line":73,"column":0},"end":{"line":73,"column":33}},"16":{"start":{"line":74,"column":0},"end":{"line":74,"column":69}},"17":{"start":{"line":75,"column":0},"end":{"line":75,"column":69}},"18":{"start":{"line":76,"column":0},"end":{"line":76,"column":70}},"19":{"start":{"line":77,"column":0},"end":{"line":77,"column":71}},"20":{"start":{"line":78,"column":0},"end":{"line":78,"column":65}},"21":{"start":{"line":79,"column":0},"end":{"line":79,"column":69}},"22":{"start":{"line":80,"column":0},"end":{"line":80,"column":67}},"23":{"start":{"line":81,"column":0},"end":{"line":81,"column":68}},"24":{"start":{"line":82,"column":0},"end":{"line":82,"column":66}},"25":{"start":{"line":83,"column":0},"end":{"line":83,"column":66}},"26":{"start":{"line":84,"column":0},"end":{"line":84,"column":67}},"27":{"start":{"line":85,"column":0},"end":{"line":85,"column":67}},"28":{"start":{"line":86,"column":0},"end":{"line":86,"column":71}},"29":{"start":{"line":87,"column":0},"end":{"line":87,"column":71}},"30":{"start":{"line":89,"column":0},"end":{"line":89,"column":48}},"31":{"start":{"line":90,"column":0},"end":{"line":90,"column":48}},"32":{"start":{"line":91,"column":0},"end":{"line":91,"column":49}},"33":{"start":{"line":92,"column":0},"end":{"line":92,"column":50}},"34":{"start":{"line":93,"column":0},"end":{"line":93,"column":44}},"35":{"start":{"line":94,"column":0},"end":{"line":94,"column":48}},"36":{"start":{"line":95,"column":0},"end":{"line":95,"column":46}},"37":{"start":{"line":96,"column":0},"end":{"line":96,"column":47}},"38":{"start":{"line":97,"column":0},"end":{"line":97,"column":45}},"39":{"start":{"line":98,"column":0},"end":{"line":98,"column":45}},"40":{"start":{"line":99,"column":0},"end":{"line":99,"column":46}},"41":{"start":{"line":100,"column":0},"end":{"line":100,"column":46}},"42":{"start":{"line":101,"column":0},"end":{"line":101,"column":50}},"43":{"start":{"line":102,"column":0},"end":{"line":102,"column":50}},"44":{"start":{"line":110,"column":0},"end":{"line":159,"column":1}},"45":{"start":{"line":111,"column":2},"end":{"line":111,"column":23}},"46":{"start":{"line":113,"column":2},"end":{"line":156,"column":3}},"47":{"start":{"line":115,"column":6},"end":{"line":115,"column":49}},"48":{"start":{"line":116,"column":6},"end":{"line":116,"column":12}},"49":{"start":{"line":118,"column":6},"end":{"line":118,"column":49}},"50":{"start":{"line":119,"column":6},"end":{"line":119,"column":12}},"51":{"start":{"line":121,"column":6},"end":{"line":121,"column":50}},"52":{"start":{"line":122,"column":6},"end":{"line":122,"column":12}},"53":{"start":{"line":124,"column":6},"end":{"line":124,"column":51}},"54":{"start":{"line":125,"column":6},"end":{"line":125,"column":12}},"55":{"start":{"line":127,"column":6},"end":{"line":127,"column":45}},"56":{"start":{"line":128,"column":6},"end":{"line":128,"column":12}},"57":{"start":{"line":130,"column":6},"end":{"line":130,"column":49}},"58":{"start":{"line":131,"column":6},"end":{"line":131,"column":12}},"59":{"start":{"line":133,"column":6},"end":{"line":133,"column":47}},"60":{"start":{"line":134,"column":6},"end":{"line":134,"column":12}},"61":{"start":{"line":136,"column":6},"end":{"line":136,"column":48}},"62":{"start":{"line":137,"column":6},"end":{"line":137,"column":12}},"63":{"start":{"line":139,"column":6},"end":{"line":139,"column":46}},"64":{"start":{"line":140,"column":6},"end":{"line":140,"column":12}},"65":{"start":{"line":142,"column":6},"end":{"line":142,"column":46}},"66":{"start":{"line":143,"column":6},"end":{"line":143,"column":12}},"67":{"start":{"line":145,"column":6},"end":{"line":145,"column":46}},"68":{"start":{"line":146,"column":6},"end":{"line":146,"column":12}},"69":{"start":{"line":148,"column":6},"end":{"line":148,"column":46}},"70":{"start":{"line":149,"column":6},"end":{"line":149,"column":12}},"71":{"start":{"line":151,"column":6},"end":{"line":151,"column":50}},"72":{"start":{"line":152,"column":6},"end":{"line":152,"column":12}},"73":{"start":{"line":154,"column":6},"end":{"line":154,"column":50}},"74":{"start":{"line":155,"column":6},"end":{"line":155,"column":12}},"75":{"start":{"line":158,"column":2},"end":{"line":158,"column":14}},"76":{"start":{"line":166,"column":0},"end":{"line":173,"column":1}},"77":{"start":{"line":167,"column":2},"end":{"line":167,"column":16}},"78":{"start":{"line":168,"column":2},"end":{"line":171,"column":3}},"79":{"start":{"line":169,"column":4},"end":{"line":169,"column":30}},"80":{"start":{"line":170,"column":4},"end":{"line":170,"column":46}},"81":{"start":{"line":172,"column":2},"end":{"line":172,"column":15}}},"branchMap":{"1":{"line":113,"type":"switch","locations":[{"start":{"line":114,"column":4},"end":{"line":116,"column":12}},{"start":{"line":117,"column":4},"end":{"line":119,"column":12}},{"start":{"line":120,"column":4},"end":{"line":122,"column":12}},{"start":{"line":123,"column":4},"end":{"line":125,"column":12}},{"start":{"line":126,"column":4},"end":{"line":128,"column":12}},{"start":{"line":129,"column":4},"end":{"line":131,"column":12}},{"start":{"line":132,"column":4},"end":{"line":134,"column":12}},{"start":{"line":135,"column":4},"end":{"line":137,"column":12}},{"start":{"line":138,"column":4},"end":{"line":140,"column":12}},{"start":{"line":141,"column":4},"end":{"line":143,"column":12}},{"start":{"line":144,"column":4},"end":{"line":146,"column":12}},{"start":{"line":147,"column":4},"end":{"line":149,"column":12}},{"start":{"line":150,"column":4},"end":{"line":152,"column":12}},{"start":{"line":153,"column":4},"end":{"line":155,"column":12}}]},"2":{"line":168,"type":"if","locations":[{"start":{"line":168,"column":2},"end":{"line":168,"column":2}},{"start":{"line":168,"column":2},"end":{"line":168,"column":2}}]}}},"/data/github/geopackage-js/lib/features/user/featureTable.js":{"path":"/data/github/geopackage-js/lib/features/user/featureTable.js","s":{"1":1,"2":1,"3":1,"4":54,"5":54,"6":54,"7":301,"8":301,"9":54,"10":54,"11":54,"12":54,"13":1,"14":1,"15":32,"16":1,"17":1,"18":1},"b":{"1":[54,247]},"f":{"1":54,"2":32,"3":1},"fnMap":{"1":{"name":"(anonymous_1)","line":15,"loc":{"start":{"line":15,"column":19},"end":{"line":15,"column":48}}},"2":{"name":"(anonymous_2)","line":35,"loc":{"start":{"line":35,"column":43},"end":{"line":35,"column":55}}},"3":{"name":"(anonymous_3)","line":39,"loc":{"start":{"line":39,"column":38},"end":{"line":39,"column":49}}}},"statementMap":{"1":{"start":{"line":6,"column":0},"end":{"line":6,"column":48}},"2":{"start":{"line":8,"column":0},"end":{"line":8,"column":27}},"3":{"start":{"line":15,"column":0},"end":{"line":27,"column":1}},"4":{"start":{"line":16,"column":2},"end":{"line":16,"column":43}},"5":{"start":{"line":17,"column":2},"end":{"line":17,"column":27}},"6":{"start":{"line":18,"column":2},"end":{"line":24,"column":3}},"7":{"start":{"line":19,"column":4},"end":{"line":19,"column":28}},"8":{"start":{"line":20,"column":4},"end":{"line":23,"column":5}},"9":{"start":{"line":21,"column":6},"end":{"line":21,"column":86}},"10":{"start":{"line":22,"column":6},"end":{"line":22,"column":30}},"11":{"start":{"line":25,"column":2},"end":{"line":25,"column":66}},"12":{"start":{"line":26,"column":2},"end":{"line":26,"column":32}},"13":{"start":{"line":29,"column":0},"end":{"line":29,"column":39}},"14":{"start":{"line":35,"column":0},"end":{"line":37,"column":2}},"15":{"start":{"line":36,"column":2},"end":{"line":36,"column":53}},"16":{"start":{"line":39,"column":0},"end":{"line":41,"column":1}},"17":{"start":{"line":40,"column":2},"end":{"line":40,"column":33}},"18":{"start":{"line":47,"column":0},"end":{"line":47,"column":30}}},"branchMap":{"1":{"line":20,"type":"if","locations":[{"start":{"line":20,"column":4},"end":{"line":20,"column":4}},{"start":{"line":20,"column":4},"end":{"line":20,"column":4}}]}}},"/data/github/geopackage-js/lib/user/userTable.js":{"path":"/data/github/geopackage-js/lib/user/userTable.js","s":{"1":1,"2":273,"3":273,"4":1247,"5":273,"6":1406,"7":1406,"8":0,"9":1406,"10":0,"11":273,"12":273,"13":273,"14":273,"15":1406,"16":1406,"17":1406,"18":272,"19":0,"20":272,"21":1406,"22":1406,"23":273,"24":273,"25":273,"26":273,"27":273,"28":1,"29":918,"30":0,"31":1,"32":0,"33":0,"34":0,"35":1,"36":918,"37":0,"38":1,"39":44,"40":44,"41":0,"42":44,"43":1,"44":3860,"45":1,"46":20436,"47":1,"48":42,"49":1,"50":3322,"51":1,"52":503,"53":1,"54":0,"55":1,"56":1,"57":1},"b":{"1":[0,1406],"2":[0,1406],"3":[272,1134],"4":[0,272],"5":[0,918],"6":[0,0],"7":[0,0],"8":[0,918],"9":[918,918],"10":[0,44],"11":[44,44]},"f":{"1":273,"2":1247,"3":918,"4":0,"5":918,"6":44,"7":3860,"8":20436,"9":42,"10":3322,"11":503,"12":0},"fnMap":{"1":{"name":"(anonymous_1)","line":11,"loc":{"start":{"line":11,"column":16},"end":{"line":11,"column":45}}},"2":{"name":"(anonymous_2)","line":15,"loc":{"start":{"line":15,"column":15},"end":{"line":15,"column":30}}},"3":{"name":"(anonymous_3)","line":62,"loc":{"start":{"line":62,"column":37},"end":{"line":62,"column":77}}},"4":{"name":"(anonymous_4)","line":73,"loc":{"start":{"line":73,"column":32},"end":{"line":73,"column":60}}},"5":{"name":"(anonymous_5)","line":85,"loc":{"start":{"line":85,"column":35},"end":{"line":85,"column":60}}},"6":{"name":"(anonymous_6)","line":96,"loc":{"start":{"line":96,"column":37},"end":{"line":96,"column":59}}},"7":{"name":"(anonymous_7)","line":109,"loc":{"start":{"line":109,"column":45},"end":{"line":109,"column":62}}},"8":{"name":"(anonymous_8)","line":118,"loc":{"start":{"line":118,"column":41},"end":{"line":118,"column":58}}},"9":{"name":"(anonymous_9)","line":127,"loc":{"start":{"line":127,"column":46},"end":{"line":127,"column":68}}},"10":{"name":"(anonymous_10)","line":135,"loc":{"start":{"line":135,"column":34},"end":{"line":135,"column":46}}},"11":{"name":"(anonymous_11)","line":143,"loc":{"start":{"line":143,"column":34},"end":{"line":143,"column":46}}},"12":{"name":"(anonymous_12)","line":147,"loc":{"start":{"line":147,"column":42},"end":{"line":147,"column":70}}}},"statementMap":{"1":{"start":{"line":11,"column":0},"end":{"line":54,"column":1}},"2":{"start":{"line":12,"column":2},"end":{"line":12,"column":30}},"3":{"start":{"line":15,"column":2},"end":{"line":17,"column":5}},"4":{"start":{"line":16,"column":4},"end":{"line":16,"column":29}},"5":{"start":{"line":19,"column":2},"end":{"line":26,"column":3}},"6":{"start":{"line":20,"column":4},"end":{"line":20,"column":28}},"7":{"start":{"line":21,"column":4},"end":{"line":25,"column":5}},"8":{"start":{"line":22,"column":6},"end":{"line":22,"column":93}},"9":{"start":{"line":23,"column":11},"end":{"line":25,"column":5}},"10":{"start":{"line":24,"column":6},"end":{"line":24,"column":131}},"11":{"start":{"line":28,"column":2},"end":{"line":28,"column":21}},"12":{"start":{"line":29,"column":2},"end":{"line":29,"column":36}},"13":{"start":{"line":30,"column":2},"end":{"line":30,"column":27}},"14":{"start":{"line":32,"column":2},"end":{"line":43,"column":3}},"15":{"start":{"line":33,"column":4},"end":{"line":33,"column":28}},"16":{"start":{"line":34,"column":4},"end":{"line":34,"column":29}},"17":{"start":{"line":35,"column":4},"end":{"line":40,"column":5}},"18":{"start":{"line":36,"column":6},"end":{"line":38,"column":7}},"19":{"start":{"line":37,"column":8},"end":{"line":37,"column":139}},"20":{"start":{"line":39,"column":6},"end":{"line":39,"column":17}},"21":{"start":{"line":41,"column":4},"end":{"line":41,"column":38}},"22":{"start":{"line":42,"column":4},"end":{"line":42,"column":41}},"23":{"start":{"line":45,"column":2},"end":{"line":45,"column":25}},"24":{"start":{"line":46,"column":2},"end":{"line":46,"column":37}},"25":{"start":{"line":47,"column":2},"end":{"line":47,"column":37}},"26":{"start":{"line":48,"column":2},"end":{"line":48,"column":30}},"27":{"start":{"line":53,"column":2},"end":{"line":53,"column":20}},"28":{"start":{"line":62,"column":0},"end":{"line":66,"column":2}},"29":{"start":{"line":63,"column":2},"end":{"line":65,"column":3}},"30":{"start":{"line":64,"column":4},"end":{"line":64,"column":149}},"31":{"start":{"line":73,"column":0},"end":{"line":78,"column":2}},"32":{"start":{"line":74,"column":2},"end":{"line":74,"column":31}},"33":{"start":{"line":75,"column":2},"end":{"line":77,"column":3}},"34":{"start":{"line":76,"column":4},"end":{"line":76,"column":191}},"35":{"start":{"line":85,"column":0},"end":{"line":89,"column":2}},"36":{"start":{"line":86,"column":2},"end":{"line":88,"column":3}},"37":{"start":{"line":87,"column":4},"end":{"line":87,"column":95}},"38":{"start":{"line":96,"column":0},"end":{"line":102,"column":2}},"39":{"start":{"line":97,"column":2},"end":{"line":97,"column":43}},"40":{"start":{"line":98,"column":2},"end":{"line":100,"column":3}},"41":{"start":{"line":99,"column":4},"end":{"line":99,"column":105}},"42":{"start":{"line":101,"column":2},"end":{"line":101,"column":15}},"43":{"start":{"line":109,"column":0},"end":{"line":111,"column":2}},"44":{"start":{"line":110,"column":2},"end":{"line":110,"column":33}},"45":{"start":{"line":118,"column":0},"end":{"line":120,"column":2}},"46":{"start":{"line":119,"column":2},"end":{"line":119,"column":29}},"47":{"start":{"line":127,"column":0},"end":{"line":129,"column":2}},"48":{"start":{"line":128,"column":2},"end":{"line":128,"column":66}},"49":{"start":{"line":135,"column":0},"end":{"line":137,"column":2}},"50":{"start":{"line":136,"column":2},"end":{"line":136,"column":29}},"51":{"start":{"line":143,"column":0},"end":{"line":145,"column":2}},"52":{"start":{"line":144,"column":2},"end":{"line":144,"column":36}},"53":{"start":{"line":147,"column":0},"end":{"line":149,"column":2}},"54":{"start":{"line":148,"column":2},"end":{"line":148,"column":48}},"55":{"start":{"line":151,"column":0},"end":{"line":151,"column":36}},"56":{"start":{"line":152,"column":0},"end":{"line":152,"column":30}},"57":{"start":{"line":154,"column":0},"end":{"line":154,"column":27}}},"branchMap":{"1":{"line":21,"type":"if","locations":[{"start":{"line":21,"column":4},"end":{"line":21,"column":4}},{"start":{"line":21,"column":4},"end":{"line":21,"column":4}}]},"2":{"line":23,"type":"if","locations":[{"start":{"line":23,"column":11},"end":{"line":23,"column":11}},{"start":{"line":23,"column":11},"end":{"line":23,"column":11}}]},"3":{"line":35,"type":"if","locations":[{"start":{"line":35,"column":4},"end":{"line":35,"column":4}},{"start":{"line":35,"column":4},"end":{"line":35,"column":4}}]},"4":{"line":36,"type":"if","locations":[{"start":{"line":36,"column":6},"end":{"line":36,"column":6}},{"start":{"line":36,"column":6},"end":{"line":36,"column":6}}]},"5":{"line":63,"type":"if","locations":[{"start":{"line":63,"column":2},"end":{"line":63,"column":2}},{"start":{"line":63,"column":2},"end":{"line":63,"column":2}}]},"6":{"line":75,"type":"if","locations":[{"start":{"line":75,"column":2},"end":{"line":75,"column":2}},{"start":{"line":75,"column":2},"end":{"line":75,"column":2}}]},"7":{"line":75,"type":"binary-expr","locations":[{"start":{"line":75,"column":6},"end":{"line":75,"column":13}},{"start":{"line":75,"column":17},"end":{"line":75,"column":36}}]},"8":{"line":86,"type":"if","locations":[{"start":{"line":86,"column":2},"end":{"line":86,"column":2}},{"start":{"line":86,"column":2},"end":{"line":86,"column":2}}]},"9":{"line":86,"type":"binary-expr","locations":[{"start":{"line":86,"column":6},"end":{"line":86,"column":25}},{"start":{"line":86,"column":29},"end":{"line":86,"column":43}}]},"10":{"line":98,"type":"if","locations":[{"start":{"line":98,"column":2},"end":{"line":98,"column":2}},{"start":{"line":98,"column":2},"end":{"line":98,"column":2}}]},"11":{"line":98,"type":"binary-expr","locations":[{"start":{"line":98,"column":6},"end":{"line":98,"column":25}},{"start":{"line":98,"column":29},"end":{"line":98,"column":43}}]}}},"/data/github/geopackage-js/lib/features/columns/index.js":{"path":"/data/github/geopackage-js/lib/features/columns/index.js","s":{"1":1,"2":1,"3":1,"4":58,"5":58,"6":58,"7":58,"8":58,"9":58,"10":58,"11":1,"12":1,"13":1,"14":147,"15":1,"16":1,"17":53,"18":1,"19":52,"20":52,"21":51,"22":51,"23":51,"24":1,"25":1,"26":5,"27":5,"28":50,"29":0,"30":50,"31":50,"32":5,"33":1,"34":29,"35":29,"36":1,"37":2,"38":2,"39":1,"40":30,"41":1,"42":2,"43":1,"44":1,"45":1,"46":1,"47":1,"48":1,"49":1,"50":1,"51":1,"52":1,"53":1,"54":1,"55":1,"56":1,"57":1,"58":1,"59":1,"60":1,"61":1,"62":1,"63":1,"64":1,"65":1,"66":1},"b":{"1":[51,1],"2":[52,52],"3":[0,50]},"f":{"1":58,"2":1,"3":147,"4":53,"5":52,"6":52,"7":5,"8":50,"9":5,"10":29,"11":2,"12":30,"13":2,"14":1,"15":1},"fnMap":{"1":{"name":"(anonymous_1)","line":18,"loc":{"start":{"line":18,"column":22},"end":{"line":18,"column":33}}},"2":{"name":"(anonymous_2)","line":64,"loc":{"start":{"line":64,"column":44},"end":{"line":64,"column":55}}},"3":{"name":"(anonymous_3)","line":93,"loc":{"start":{"line":93,"column":25},"end":{"line":93,"column":46}}},"4":{"name":"(anonymous_4)","line":99,"loc":{"start":{"line":99,"column":44},"end":{"line":99,"column":56}}},"5":{"name":"(anonymous_5)","line":109,"loc":{"start":{"line":109,"column":49},"end":{"line":109,"column":80}}},"6":{"name":"(anonymous_6)","line":110,"loc":{"start":{"line":110,"column":84},"end":{"line":110,"column":107}}},"7":{"name":"(anonymous_7)","line":125,"loc":{"start":{"line":125,"column":48},"end":{"line":125,"column":68}}},"8":{"name":"(anonymous_8)","line":127,"loc":{"start":{"line":127,"column":105},"end":{"line":127,"column":136}}},"9":{"name":"(anonymous_9)","line":131,"loc":{"start":{"line":131,"column":5},"end":{"line":131,"column":36}}},"10":{"name":"(anonymous_10)","line":142,"loc":{"start":{"line":142,"column":38},"end":{"line":142,"column":75}}},"11":{"name":"(anonymous_11)","line":153,"loc":{"start":{"line":153,"column":43},"end":{"line":153,"column":80}}},"12":{"name":"(anonymous_12)","line":158,"loc":{"start":{"line":158,"column":60},"end":{"line":158,"column":72}}},"13":{"name":"(anonymous_13)","line":162,"loc":{"start":{"line":162,"column":46},"end":{"line":162,"column":58}}},"14":{"name":"(anonymous_14)","line":166,"loc":{"start":{"line":166,"column":45},"end":{"line":166,"column":83}}},"15":{"name":"(anonymous_15)","line":167,"loc":{"start":{"line":167,"column":32},"end":{"line":167,"column":51}}}},"statementMap":{"1":{"start":{"line":7,"column":0},"end":{"line":10,"column":55}},"2":{"start":{"line":12,"column":0},"end":{"line":12,"column":27}},"3":{"start":{"line":18,"column":0},"end":{"line":62,"column":2}},"4":{"start":{"line":23,"column":1},"end":{"line":23,"column":17}},"5":{"start":{"line":29,"column":1},"end":{"line":29,"column":18}},"6":{"start":{"line":36,"column":1},"end":{"line":36,"column":25}},"7":{"start":{"line":42,"column":1},"end":{"line":42,"column":10}},"8":{"start":{"line":48,"column":1},"end":{"line":48,"column":13}},"9":{"start":{"line":54,"column":1},"end":{"line":54,"column":8}},"10":{"start":{"line":60,"column":1},"end":{"line":60,"column":8}},"11":{"start":{"line":64,"column":0},"end":{"line":66,"column":2}},"12":{"start":{"line":65,"column":2},"end":{"line":65,"column":33}},"13":{"start":{"line":93,"column":0},"end":{"line":95,"column":1}},"14":{"start":{"line":94,"column":2},"end":{"line":94,"column":29}},"15":{"start":{"line":97,"column":0},"end":{"line":97,"column":39}},"16":{"start":{"line":99,"column":0},"end":{"line":101,"column":2}},"17":{"start":{"line":100,"column":2},"end":{"line":100,"column":31}},"18":{"start":{"line":109,"column":0},"end":{"line":118,"column":2}},"19":{"start":{"line":110,"column":2},"end":{"line":117,"column":16}},"20":{"start":{"line":111,"column":4},"end":{"line":115,"column":5}},"21":{"start":{"line":112,"column":6},"end":{"line":112,"column":35}},"22":{"start":{"line":113,"column":6},"end":{"line":113,"column":52}},"23":{"start":{"line":114,"column":6},"end":{"line":114,"column":31}},"24":{"start":{"line":116,"column":4},"end":{"line":116,"column":25}},"25":{"start":{"line":125,"column":0},"end":{"line":134,"column":2}},"26":{"start":{"line":126,"column":2},"end":{"line":126,"column":22}},"27":{"start":{"line":127,"column":2},"end":{"line":133,"column":5}},"28":{"start":{"line":128,"column":4},"end":{"line":128,"column":33}},"29":{"start":{"line":128,"column":13},"end":{"line":128,"column":33}},"30":{"start":{"line":129,"column":4},"end":{"line":129,"column":66}},"31":{"start":{"line":130,"column":4},"end":{"line":130,"column":14}},"32":{"start":{"line":132,"column":4},"end":{"line":132,"column":30}},"33":{"start":{"line":142,"column":0},"end":{"line":145,"column":2}},"34":{"start":{"line":143,"column":2},"end":{"line":143,"column":48}},"35":{"start":{"line":144,"column":2},"end":{"line":144,"column":64}},"36":{"start":{"line":153,"column":0},"end":{"line":156,"column":2}},"37":{"start":{"line":154,"column":2},"end":{"line":154,"column":34}},"38":{"start":{"line":155,"column":2},"end":{"line":155,"column":68}},"39":{"start":{"line":158,"column":0},"end":{"line":160,"column":2}},"40":{"start":{"line":159,"column":2},"end":{"line":159,"column":56}},"41":{"start":{"line":162,"column":0},"end":{"line":164,"column":2}},"42":{"start":{"line":163,"column":2},"end":{"line":163,"column":42}},"43":{"start":{"line":166,"column":0},"end":{"line":172,"column":2}},"44":{"start":{"line":167,"column":2},"end":{"line":171,"column":16}},"45":{"start":{"line":168,"column":4},"end":{"line":168,"column":53}},"46":{"start":{"line":169,"column":4},"end":{"line":169,"column":47}},"47":{"start":{"line":170,"column":4},"end":{"line":170,"column":31}},"48":{"start":{"line":178,"column":0},"end":{"line":178,"column":52}},"49":{"start":{"line":184,"column":0},"end":{"line":184,"column":54}},"50":{"start":{"line":190,"column":0},"end":{"line":190,"column":70}},"51":{"start":{"line":196,"column":0},"end":{"line":196,"column":71}},"52":{"start":{"line":202,"column":0},"end":{"line":202,"column":68}},"53":{"start":{"line":208,"column":0},"end":{"line":208,"column":44}},"54":{"start":{"line":214,"column":0},"end":{"line":214,"column":34}},"55":{"start":{"line":220,"column":0},"end":{"line":220,"column":34}},"56":{"start":{"line":226,"column":0},"end":{"line":226,"column":69}},"57":{"start":{"line":228,"column":0},"end":{"line":228,"column":106}},"58":{"start":{"line":229,"column":0},"end":{"line":230,"column":218}},"59":{"start":{"line":232,"column":0},"end":{"line":232,"column":41}},"60":{"start":{"line":233,"column":0},"end":{"line":233,"column":43}},"61":{"start":{"line":234,"column":0},"end":{"line":234,"column":56}},"62":{"start":{"line":235,"column":0},"end":{"line":235,"column":33}},"63":{"start":{"line":236,"column":0},"end":{"line":236,"column":24}},"64":{"start":{"line":237,"column":0},"end":{"line":237,"column":24}},"65":{"start":{"line":239,"column":0},"end":{"line":239,"column":55}},"66":{"start":{"line":240,"column":0},"end":{"line":240,"column":49}}},"branchMap":{"1":{"line":111,"type":"if","locations":[{"start":{"line":111,"column":4},"end":{"line":111,"column":4}},{"start":{"line":111,"column":4},"end":{"line":111,"column":4}}]},"2":{"line":111,"type":"binary-expr","locations":[{"start":{"line":111,"column":8},"end":{"line":111,"column":15}},{"start":{"line":111,"column":19},"end":{"line":111,"column":33}}]},"3":{"line":128,"type":"if","locations":[{"start":{"line":128,"column":4},"end":{"line":128,"column":4}},{"start":{"line":128,"column":4},"end":{"line":128,"column":4}}]}}},"/data/github/geopackage-js/lib/dao/dao.js":{"path":"/data/github/geopackage-js/lib/dao/dao.js","s":{"1":1,"2":1,"3":1752,"4":1,"5":1366,"6":0,"7":1366,"8":9873,"9":1,"10":229,"11":229,"12":62,"13":167,"14":1,"15":293,"16":293,"17":293,"18":293,"19":293,"20":0,"21":293,"22":1,"23":292,"24":292,"25":292,"26":1,"27":717,"28":717,"29":1,"30":720,"31":720,"32":1436,"33":720,"34":1,"35":717,"36":717,"37":717,"38":717,"39":717,"40":0,"41":717,"42":714,"43":3,"44":3,"45":3,"46":1,"47":12,"48":12,"49":1,"50":24,"51":24,"52":1,"53":16,"54":16,"55":16,"56":16,"57":1,"58":4,"59":4,"60":1,"61":175,"62":175,"63":1,"64":9,"65":1,"66":9,"67":9,"68":1,"69":294,"70":1,"71":294,"72":1,"73":718,"74":718,"75":1434,"76":718,"77":1,"78":720,"79":720,"80":1436,"81":720,"82":1,"83":734,"84":1,"85":734,"86":734,"87":1473,"88":1473,"89":739,"90":1473,"91":734,"92":1,"93":2210,"94":2210,"95":2210,"96":2210,"97":1,"98":176,"99":176,"100":528,"101":528,"102":528,"103":176,"104":1,"105":16,"106":16,"107":39,"108":39,"109":39,"110":39,"111":16,"112":1,"113":2447,"114":1,"115":2813,"116":2813,"117":1428,"118":1385,"119":2813,"120":1,"121":267,"122":1,"123":473,"124":473,"125":473,"126":473,"127":4,"128":469,"129":1,"130":0,"131":0,"132":0,"133":0,"134":0,"135":0,"136":0,"137":0,"138":0,"139":1,"140":0,"141":1,"142":0,"143":1,"144":0,"145":1,"146":8,"147":1,"148":8,"149":1,"150":2,"151":1,"152":1,"153":1,"154":1,"155":1,"156":1,"157":1,"158":1,"159":1,"160":1,"161":1,"162":3,"163":1,"164":0,"165":1,"166":1113,"167":1113,"168":1113,"169":1,"170":1,"171":1,"172":1,"173":2,"174":2,"175":2,"176":2,"177":2,"178":2,"179":2,"180":2,"181":2,"182":2,"183":2,"184":1,"185":716,"186":716,"187":714,"188":2,"189":1,"190":1,"191":1},"b":{"1":[0,1366],"2":[62,167],"3":[0,293],"4":[1,292],"5":[0,717],"6":[714,3],"7":[739,734],"8":[2210,0],"9":[2210,1428],"10":[528,0],"11":[528,528],"12":[0,176],"13":[39,0],"14":[39,39],"15":[0,16],"16":[1428,1385],"17":[2813,1385],"18":[4,469],"19":[0,0],"20":[0,0],"21":[1,1],"22":[714,2]},"f":{"1":1752,"2":1366,"3":229,"4":229,"5":293,"6":293,"7":717,"8":720,"9":717,"10":717,"11":12,"12":24,"13":16,"14":4,"15":175,"16":9,"17":9,"18":294,"19":294,"20":718,"21":720,"22":734,"23":734,"24":2210,"25":176,"26":16,"27":2447,"28":2813,"29":267,"30":473,"31":0,"32":0,"33":0,"34":0,"35":0,"36":8,"37":8,"38":2,"39":1,"40":1,"41":3,"42":0,"43":1113,"44":1,"45":2,"46":716,"47":716,"48":1},"fnMap":{"1":{"name":"(anonymous_1)","line":11,"loc":{"start":{"line":11,"column":10},"end":{"line":11,"column":31}}},"2":{"name":"(anonymous_2)","line":15,"loc":{"start":{"line":15,"column":41},"end":{"line":15,"column":67}}},"3":{"name":"(anonymous_3)","line":26,"loc":{"start":{"line":26,"column":30},"end":{"line":26,"column":50}}},"4":{"name":"(anonymous_4)","line":27,"loc":{"start":{"line":27,"column":108},"end":{"line":27,"column":131}}},"5":{"name":"(anonymous_5)","line":35,"loc":{"start":{"line":35,"column":33},"end":{"line":35,"column":56}}},"6":{"name":"(anonymous_6)","line":40,"loc":{"start":{"line":40,"column":40},"end":{"line":40,"column":62}}},"7":{"name":"(anonymous_7)","line":50,"loc":{"start":{"line":50,"column":31},"end":{"line":50,"column":59}}},"8":{"name":"(anonymous_8)","line":55,"loc":{"start":{"line":55,"column":27},"end":{"line":55,"column":45}}},"9":{"name":"(anonymous_9)","line":63,"loc":{"start":{"line":63,"column":38},"end":{"line":63,"column":68}}},"10":{"name":"(anonymous_10)","line":69,"loc":{"start":{"line":69,"column":40},"end":{"line":69,"column":62}}},"11":{"name":"(anonymous_11)","line":83,"loc":{"start":{"line":83,"column":28},"end":{"line":83,"column":48}}},"12":{"name":"(anonymous_12)","line":88,"loc":{"start":{"line":88,"column":29},"end":{"line":88,"column":62}}},"13":{"name":"(anonymous_13)","line":93,"loc":{"start":{"line":93,"column":36},"end":{"line":93,"column":82}}},"14":{"name":"(anonymous_14)","line":100,"loc":{"start":{"line":100,"column":39},"end":{"line":100,"column":108}}},"15":{"name":"(anonymous_15)","line":105,"loc":{"start":{"line":105,"column":43},"end":{"line":105,"column":97}}},"16":{"name":"(anonymous_16)","line":110,"loc":{"start":{"line":110,"column":35},"end":{"line":110,"column":89}}},"17":{"name":"(anonymous_17)","line":114,"loc":{"start":{"line":114,"column":27},"end":{"line":114,"column":115}}},"18":{"name":"(anonymous_18)","line":119,"loc":{"start":{"line":119,"column":38},"end":{"line":119,"column":56}}},"19":{"name":"(anonymous_19)","line":123,"loc":{"start":{"line":123,"column":42},"end":{"line":123,"column":61}}},"20":{"name":"(anonymous_20)","line":127,"loc":{"start":{"line":127,"column":39},"end":{"line":127,"column":64}}},"21":{"name":"(anonymous_21)","line":135,"loc":{"start":{"line":135,"column":43},"end":{"line":135,"column":68}}},"22":{"name":"(anonymous_22)","line":143,"loc":{"start":{"line":143,"column":37},"end":{"line":143,"column":55}}},"23":{"name":"(anonymous_23)","line":147,"loc":{"start":{"line":147,"column":49},"end":{"line":147,"column":78}}},"24":{"name":"(anonymous_24)","line":160,"loc":{"start":{"line":160,"column":40},"end":{"line":160,"column":57}}},"25":{"name":"(anonymous_25)","line":168,"loc":{"start":{"line":168,"column":45},"end":{"line":168,"column":63}}},"26":{"name":"(anonymous_26)","line":179,"loc":{"start":{"line":179,"column":41},"end":{"line":179,"column":59}}},"27":{"name":"(anonymous_27)","line":191,"loc":{"start":{"line":191,"column":44},"end":{"line":191,"column":68}}},"28":{"name":"(anonymous_28)","line":195,"loc":{"start":{"line":195,"column":56},"end":{"line":195,"column":91}}},"29":{"name":"(anonymous_29)","line":205,"loc":{"start":{"line":205,"column":44},"end":{"line":205,"column":90}}},"30":{"name":"(anonymous_30)","line":209,"loc":{"start":{"line":209,"column":36},"end":{"line":209,"column":107}}},"31":{"name":"(anonymous_31)","line":220,"loc":{"start":{"line":220,"column":43},"end":{"line":220,"column":76}}},"32":{"name":"(anonymous_32)","line":225,"loc":{"start":{"line":225,"column":40},"end":{"line":225,"column":62}}},"33":{"name":"(anonymous_33)","line":232,"loc":{"start":{"line":232,"column":22},"end":{"line":232,"column":40}}},"34":{"name":"(anonymous_34)","line":236,"loc":{"start":{"line":236,"column":49},"end":{"line":236,"column":75}}},"35":{"name":"(anonymous_35)","line":240,"loc":{"start":{"line":240,"column":25},"end":{"line":240,"column":42}}},"36":{"name":"(anonymous_36)","line":244,"loc":{"start":{"line":244,"column":28},"end":{"line":244,"column":74}}},"37":{"name":"(anonymous_37)","line":248,"loc":{"start":{"line":248,"column":28},"end":{"line":248,"column":74}}},"38":{"name":"(anonymous_38)","line":252,"loc":{"start":{"line":252,"column":23},"end":{"line":252,"column":50}}},"39":{"name":"(anonymous_39)","line":259,"loc":{"start":{"line":259,"column":27},"end":{"line":259,"column":55}}},"40":{"name":"(anonymous_40)","line":266,"loc":{"start":{"line":266,"column":32},"end":{"line":266,"column":61}}},"41":{"name":"(anonymous_41)","line":273,"loc":{"start":{"line":273,"column":28},"end":{"line":273,"column":65}}},"42":{"name":"(anonymous_42)","line":277,"loc":{"start":{"line":277,"column":26},"end":{"line":277,"column":45}}},"43":{"name":"(anonymous_43)","line":281,"loc":{"start":{"line":281,"column":23},"end":{"line":281,"column":50}}},"44":{"name":"(anonymous_44)","line":287,"loc":{"start":{"line":287,"column":33},"end":{"line":287,"column":79}}},"45":{"name":"(anonymous_45)","line":292,"loc":{"start":{"line":292,"column":23},"end":{"line":292,"column":50}}},"46":{"name":"(anonymous_46)","line":308,"loc":{"start":{"line":308,"column":31},"end":{"line":308,"column":58}}},"47":{"name":"(anonymous_47)","line":309,"loc":{"start":{"line":309,"column":30},"end":{"line":309,"column":54}}},"48":{"name":"(anonymous_48)","line":318,"loc":{"start":{"line":318,"column":26},"end":{"line":318,"column":45}}}},"statementMap":{"1":{"start":{"line":6,"column":0},"end":{"line":8,"column":29}},"2":{"start":{"line":11,"column":0},"end":{"line":13,"column":1}},"3":{"start":{"line":12,"column":2},"end":{"line":12,"column":31}},"4":{"start":{"line":15,"column":0},"end":{"line":20,"column":2}},"5":{"start":{"line":16,"column":2},"end":{"line":16,"column":22}},"6":{"start":{"line":16,"column":15},"end":{"line":16,"column":22}},"7":{"start":{"line":17,"column":2},"end":{"line":19,"column":3}},"8":{"start":{"line":18,"column":4},"end":{"line":18,"column":30}},"9":{"start":{"line":26,"column":0},"end":{"line":33,"column":2}},"10":{"start":{"line":27,"column":2},"end":{"line":32,"column":5}},"11":{"start":{"line":28,"column":4},"end":{"line":30,"column":5}},"12":{"start":{"line":29,"column":6},"end":{"line":29,"column":91}},"13":{"start":{"line":31,"column":4},"end":{"line":31,"column":34}},"14":{"start":{"line":35,"column":0},"end":{"line":48,"column":2}},"15":{"start":{"line":36,"column":2},"end":{"line":36,"column":51}},"16":{"start":{"line":37,"column":2},"end":{"line":37,"column":53}},"17":{"start":{"line":38,"column":2},"end":{"line":38,"column":103}},"18":{"start":{"line":40,"column":2},"end":{"line":47,"column":16}},"19":{"start":{"line":41,"column":4},"end":{"line":41,"column":34}},"20":{"start":{"line":41,"column":13},"end":{"line":41,"column":34}},"21":{"start":{"line":42,"column":4},"end":{"line":42,"column":35}},"22":{"start":{"line":42,"column":17},"end":{"line":42,"column":35}},"23":{"start":{"line":43,"column":4},"end":{"line":43,"column":43}},"24":{"start":{"line":45,"column":4},"end":{"line":45,"column":50}},"25":{"start":{"line":46,"column":4},"end":{"line":46,"column":34}},"26":{"start":{"line":50,"column":0},"end":{"line":53,"column":2}},"27":{"start":{"line":51,"column":2},"end":{"line":51,"column":40}},"28":{"start":{"line":52,"column":2},"end":{"line":52,"column":48}},"29":{"start":{"line":55,"column":0},"end":{"line":61,"column":2}},"30":{"start":{"line":56,"column":2},"end":{"line":56,"column":20}},"31":{"start":{"line":57,"column":2},"end":{"line":59,"column":3}},"32":{"start":{"line":58,"column":4},"end":{"line":58,"column":45}},"33":{"start":{"line":60,"column":2},"end":{"line":60,"column":18}},"34":{"start":{"line":63,"column":0},"end":{"line":77,"column":2}},"35":{"start":{"line":64,"column":2},"end":{"line":64,"column":58}},"36":{"start":{"line":65,"column":2},"end":{"line":65,"column":60}},"37":{"start":{"line":67,"column":2},"end":{"line":67,"column":103}},"38":{"start":{"line":69,"column":2},"end":{"line":76,"column":16}},"39":{"start":{"line":70,"column":4},"end":{"line":70,"column":34}},"40":{"start":{"line":70,"column":13},"end":{"line":70,"column":34}},"41":{"start":{"line":71,"column":4},"end":{"line":71,"column":35}},"42":{"start":{"line":71,"column":17},"end":{"line":71,"column":35}},"43":{"start":{"line":72,"column":4},"end":{"line":72,"column":43}},"44":{"start":{"line":74,"column":4},"end":{"line":74,"column":50}},"45":{"start":{"line":75,"column":4},"end":{"line":75,"column":34}},"46":{"start":{"line":83,"column":0},"end":{"line":86,"column":2}},"47":{"start":{"line":84,"column":2},"end":{"line":84,"column":79}},"48":{"start":{"line":85,"column":2},"end":{"line":85,"column":39}},"49":{"start":{"line":88,"column":0},"end":{"line":91,"column":2}},"50":{"start":{"line":89,"column":2},"end":{"line":89,"column":79}},"51":{"start":{"line":90,"column":2},"end":{"line":90,"column":53}},"52":{"start":{"line":93,"column":0},"end":{"line":98,"column":2}},"53":{"start":{"line":94,"column":2},"end":{"line":94,"column":59}},"54":{"start":{"line":95,"column":2},"end":{"line":95,"column":61}},"55":{"start":{"line":96,"column":2},"end":{"line":96,"column":103}},"56":{"start":{"line":97,"column":2},"end":{"line":97,"column":64}},"57":{"start":{"line":100,"column":0},"end":{"line":103,"column":1}},"58":{"start":{"line":101,"column":2},"end":{"line":101,"column":101}},"59":{"start":{"line":102,"column":2},"end":{"line":102,"column":68}},"60":{"start":{"line":105,"column":0},"end":{"line":108,"column":1}},"61":{"start":{"line":106,"column":2},"end":{"line":106,"column":96}},"62":{"start":{"line":107,"column":2},"end":{"line":107,"column":68}},"63":{"start":{"line":110,"column":0},"end":{"line":112,"column":1}},"64":{"start":{"line":111,"column":2},"end":{"line":111,"column":107}},"65":{"start":{"line":114,"column":0},"end":{"line":117,"column":2}},"66":{"start":{"line":115,"column":2},"end":{"line":115,"column":141}},"67":{"start":{"line":116,"column":2},"end":{"line":116,"column":68}},"68":{"start":{"line":119,"column":0},"end":{"line":121,"column":2}},"69":{"start":{"line":120,"column":2},"end":{"line":120,"column":67}},"70":{"start":{"line":123,"column":0},"end":{"line":125,"column":2}},"71":{"start":{"line":124,"column":2},"end":{"line":124,"column":47}},"72":{"start":{"line":127,"column":0},"end":{"line":133,"column":2}},"73":{"start":{"line":128,"column":2},"end":{"line":128,"column":42}},"74":{"start":{"line":129,"column":2},"end":{"line":131,"column":3}},"75":{"start":{"line":130,"column":4},"end":{"line":130,"column":66}},"76":{"start":{"line":132,"column":2},"end":{"line":132,"column":51}},"77":{"start":{"line":135,"column":0},"end":{"line":141,"column":2}},"78":{"start":{"line":136,"column":2},"end":{"line":136,"column":18}},"79":{"start":{"line":137,"column":2},"end":{"line":139,"column":3}},"80":{"start":{"line":138,"column":4},"end":{"line":138,"column":75}},"81":{"start":{"line":140,"column":2},"end":{"line":140,"column":16}},"82":{"start":{"line":143,"column":0},"end":{"line":145,"column":2}},"83":{"start":{"line":144,"column":2},"end":{"line":144,"column":62}},"84":{"start":{"line":147,"column":0},"end":{"line":158,"column":2}},"85":{"start":{"line":148,"column":2},"end":{"line":148,"column":23}},"86":{"start":{"line":150,"column":2},"end":{"line":156,"column":3}},"87":{"start":{"line":151,"column":4},"end":{"line":151,"column":35}},"88":{"start":{"line":152,"column":4},"end":{"line":154,"column":5}},"89":{"start":{"line":153,"column":6},"end":{"line":153,"column":43}},"90":{"start":{"line":155,"column":4},"end":{"line":155,"column":85}},"91":{"start":{"line":157,"column":2},"end":{"line":157,"column":21}},"92":{"start":{"line":160,"column":0},"end":{"line":166,"column":2}},"93":{"start":{"line":161,"column":2},"end":{"line":161,"column":16}},"94":{"start":{"line":162,"column":2},"end":{"line":164,"column":3}},"95":{"start":{"line":163,"column":4},"end":{"line":163,"column":21}},"96":{"start":{"line":165,"column":2},"end":{"line":165,"column":14}},"97":{"start":{"line":168,"column":0},"end":{"line":177,"column":2}},"98":{"start":{"line":169,"column":2},"end":{"line":169,"column":16}},"99":{"start":{"line":170,"column":2},"end":{"line":175,"column":3}},"100":{"start":{"line":171,"column":4},"end":{"line":171,"column":26}},"101":{"start":{"line":172,"column":4},"end":{"line":174,"column":5}},"102":{"start":{"line":173,"column":6},"end":{"line":173,"column":23}},"103":{"start":{"line":176,"column":2},"end":{"line":176,"column":34}},"104":{"start":{"line":179,"column":0},"end":{"line":189,"column":2}},"105":{"start":{"line":180,"column":2},"end":{"line":180,"column":16}},"106":{"start":{"line":181,"column":2},"end":{"line":187,"column":3}},"107":{"start":{"line":182,"column":4},"end":{"line":182,"column":35}},"108":{"start":{"line":183,"column":4},"end":{"line":183,"column":40}},"109":{"start":{"line":184,"column":4},"end":{"line":186,"column":5}},"110":{"start":{"line":185,"column":6},"end":{"line":185,"column":23}},"111":{"start":{"line":188,"column":2},"end":{"line":188,"column":34}},"112":{"start":{"line":191,"column":0},"end":{"line":193,"column":2}},"113":{"start":{"line":192,"column":2},"end":{"line":192,"column":73}},"114":{"start":{"line":195,"column":0},"end":{"line":203,"column":2}},"115":{"start":{"line":196,"column":2},"end":{"line":196,"column":37}},"116":{"start":{"line":197,"column":2},"end":{"line":201,"column":3}},"117":{"start":{"line":198,"column":4},"end":{"line":198,"column":29}},"118":{"start":{"line":200,"column":4},"end":{"line":200,"column":36}},"119":{"start":{"line":202,"column":2},"end":{"line":202,"column":21}},"120":{"start":{"line":205,"column":0},"end":{"line":207,"column":2}},"121":{"start":{"line":206,"column":2},"end":{"line":206,"column":96}},"122":{"start":{"line":209,"column":0},"end":{"line":218,"column":2}},"123":{"start":{"line":210,"column":2},"end":{"line":210,"column":67}},"124":{"start":{"line":211,"column":2},"end":{"line":211,"column":54}},"125":{"start":{"line":212,"column":2},"end":{"line":212,"column":103}},"126":{"start":{"line":213,"column":2},"end":{"line":217,"column":3}},"127":{"start":{"line":214,"column":4},"end":{"line":214,"column":65}},"128":{"start":{"line":216,"column":4},"end":{"line":216,"column":53}},"129":{"start":{"line":220,"column":0},"end":{"line":230,"column":2}},"130":{"start":{"line":221,"column":2},"end":{"line":221,"column":67}},"131":{"start":{"line":222,"column":2},"end":{"line":222,"column":54}},"132":{"start":{"line":223,"column":2},"end":{"line":223,"column":85}},"133":{"start":{"line":225,"column":2},"end":{"line":229,"column":16}},"134":{"start":{"line":226,"column":4},"end":{"line":226,"column":34}},"135":{"start":{"line":226,"column":13},"end":{"line":226,"column":34}},"136":{"start":{"line":227,"column":4},"end":{"line":227,"column":35}},"137":{"start":{"line":227,"column":17},"end":{"line":227,"column":35}},"138":{"start":{"line":228,"column":4},"end":{"line":228,"column":32}},"139":{"start":{"line":232,"column":0},"end":{"line":234,"column":2}},"140":{"start":{"line":233,"column":2},"end":{"line":233,"column":74}},"141":{"start":{"line":236,"column":0},"end":{"line":238,"column":2}},"142":{"start":{"line":237,"column":2},"end":{"line":237,"column":24}},"143":{"start":{"line":240,"column":0},"end":{"line":242,"column":1}},"144":{"start":{"line":241,"column":2},"end":{"line":241,"column":22}},"145":{"start":{"line":244,"column":0},"end":{"line":246,"column":2}},"146":{"start":{"line":245,"column":2},"end":{"line":245,"column":94}},"147":{"start":{"line":248,"column":0},"end":{"line":250,"column":2}},"148":{"start":{"line":249,"column":2},"end":{"line":249,"column":94}},"149":{"start":{"line":252,"column":0},"end":{"line":257,"column":2}},"150":{"start":{"line":253,"column":2},"end":{"line":255,"column":3}},"151":{"start":{"line":254,"column":4},"end":{"line":254,"column":53}},"152":{"start":{"line":256,"column":2},"end":{"line":256,"column":58}},"153":{"start":{"line":259,"column":0},"end":{"line":264,"column":2}},"154":{"start":{"line":260,"column":2},"end":{"line":260,"column":50}},"155":{"start":{"line":261,"column":2},"end":{"line":261,"column":58}},"156":{"start":{"line":263,"column":2},"end":{"line":263,"column":81}},"157":{"start":{"line":266,"column":0},"end":{"line":271,"column":2}},"158":{"start":{"line":267,"column":2},"end":{"line":267,"column":52}},"159":{"start":{"line":268,"column":2},"end":{"line":268,"column":60}},"160":{"start":{"line":270,"column":2},"end":{"line":270,"column":81}},"161":{"start":{"line":273,"column":0},"end":{"line":275,"column":2}},"162":{"start":{"line":274,"column":2},"end":{"line":274,"column":81}},"163":{"start":{"line":277,"column":0},"end":{"line":279,"column":2}},"164":{"start":{"line":278,"column":2},"end":{"line":278,"column":75}},"165":{"start":{"line":281,"column":0},"end":{"line":285,"column":2}},"166":{"start":{"line":282,"column":2},"end":{"line":282,"column":79}},"167":{"start":{"line":283,"column":2},"end":{"line":283,"column":74}},"168":{"start":{"line":284,"column":2},"end":{"line":284,"column":54}},"169":{"start":{"line":287,"column":0},"end":{"line":290,"column":2}},"170":{"start":{"line":288,"column":2},"end":{"line":288,"column":100}},"171":{"start":{"line":289,"column":2},"end":{"line":289,"column":57}},"172":{"start":{"line":292,"column":0},"end":{"line":306,"column":2}},"173":{"start":{"line":293,"column":2},"end":{"line":293,"column":74}},"174":{"start":{"line":295,"column":2},"end":{"line":295,"column":40}},"175":{"start":{"line":296,"column":2},"end":{"line":296,"column":24}},"176":{"start":{"line":297,"column":2},"end":{"line":297,"column":42}},"177":{"start":{"line":298,"column":2},"end":{"line":301,"column":3}},"178":{"start":{"line":299,"column":4},"end":{"line":299,"column":101}},"179":{"start":{"line":300,"column":4},"end":{"line":300,"column":89}},"180":{"start":{"line":302,"column":2},"end":{"line":302,"column":59}},"181":{"start":{"line":303,"column":2},"end":{"line":303,"column":88}},"182":{"start":{"line":304,"column":2},"end":{"line":304,"column":22}},"183":{"start":{"line":305,"column":2},"end":{"line":305,"column":54}},"184":{"start":{"line":308,"column":0},"end":{"line":316,"column":2}},"185":{"start":{"line":309,"column":2},"end":{"line":315,"column":16}},"186":{"start":{"line":310,"column":4},"end":{"line":314,"column":5}},"187":{"start":{"line":311,"column":6},"end":{"line":311,"column":36}},"188":{"start":{"line":313,"column":6},"end":{"line":313,"column":36}},"189":{"start":{"line":318,"column":0},"end":{"line":320,"column":2}},"190":{"start":{"line":319,"column":2},"end":{"line":319,"column":66}},"191":{"start":{"line":326,"column":0},"end":{"line":326,"column":21}}},"branchMap":{"1":{"line":16,"type":"if","locations":[{"start":{"line":16,"column":2},"end":{"line":16,"column":2}},{"start":{"line":16,"column":2},"end":{"line":16,"column":2}}]},"2":{"line":28,"type":"if","locations":[{"start":{"line":28,"column":4},"end":{"line":28,"column":4}},{"start":{"line":28,"column":4},"end":{"line":28,"column":4}}]},"3":{"line":41,"type":"if","locations":[{"start":{"line":41,"column":4},"end":{"line":41,"column":4}},{"start":{"line":41,"column":4},"end":{"line":41,"column":4}}]},"4":{"line":42,"type":"if","locations":[{"start":{"line":42,"column":4},"end":{"line":42,"column":4}},{"start":{"line":42,"column":4},"end":{"line":42,"column":4}}]},"5":{"line":70,"type":"if","locations":[{"start":{"line":70,"column":4},"end":{"line":70,"column":4}},{"start":{"line":70,"column":4},"end":{"line":70,"column":4}}]},"6":{"line":71,"type":"if","locations":[{"start":{"line":71,"column":4},"end":{"line":71,"column":4}},{"start":{"line":71,"column":4},"end":{"line":71,"column":4}}]},"7":{"line":152,"type":"if","locations":[{"start":{"line":152,"column":4},"end":{"line":152,"column":4}},{"start":{"line":152,"column":4},"end":{"line":152,"column":4}}]},"8":{"line":162,"type":"if","locations":[{"start":{"line":162,"column":2},"end":{"line":162,"column":2}},{"start":{"line":162,"column":2},"end":{"line":162,"column":2}}]},"9":{"line":162,"type":"binary-expr","locations":[{"start":{"line":162,"column":5},"end":{"line":162,"column":24}},{"start":{"line":162,"column":28},"end":{"line":162,"column":42}}]},"10":{"line":172,"type":"if","locations":[{"start":{"line":172,"column":4},"end":{"line":172,"column":4}},{"start":{"line":172,"column":4},"end":{"line":172,"column":4}}]},"11":{"line":172,"type":"binary-expr","locations":[{"start":{"line":172,"column":8},"end":{"line":172,"column":27}},{"start":{"line":172,"column":31},"end":{"line":172,"column":45}}]},"12":{"line":176,"type":"cond-expr","locations":[{"start":{"line":176,"column":22},"end":{"line":176,"column":26}},{"start":{"line":176,"column":29},"end":{"line":176,"column":33}}]},"13":{"line":184,"type":"if","locations":[{"start":{"line":184,"column":4},"end":{"line":184,"column":4}},{"start":{"line":184,"column":4},"end":{"line":184,"column":4}}]},"14":{"line":184,"type":"binary-expr","locations":[{"start":{"line":184,"column":8},"end":{"line":184,"column":27}},{"start":{"line":184,"column":31},"end":{"line":184,"column":45}}]},"15":{"line":188,"type":"cond-expr","locations":[{"start":{"line":188,"column":22},"end":{"line":188,"column":26}},{"start":{"line":188,"column":29},"end":{"line":188,"column":33}}]},"16":{"line":197,"type":"if","locations":[{"start":{"line":197,"column":2},"end":{"line":197,"column":2}},{"start":{"line":197,"column":2},"end":{"line":197,"column":2}}]},"17":{"line":197,"type":"binary-expr","locations":[{"start":{"line":197,"column":5},"end":{"line":197,"column":24}},{"start":{"line":197,"column":28},"end":{"line":197,"column":42}}]},"18":{"line":213,"type":"if","locations":[{"start":{"line":213,"column":2},"end":{"line":213,"column":2}},{"start":{"line":213,"column":2},"end":{"line":213,"column":2}}]},"19":{"line":226,"type":"if","locations":[{"start":{"line":226,"column":4},"end":{"line":226,"column":4}},{"start":{"line":226,"column":4},"end":{"line":226,"column":4}}]},"20":{"line":227,"type":"if","locations":[{"start":{"line":227,"column":4},"end":{"line":227,"column":4}},{"start":{"line":227,"column":4},"end":{"line":227,"column":4}}]},"21":{"line":253,"type":"if","locations":[{"start":{"line":253,"column":2},"end":{"line":253,"column":2}},{"start":{"line":253,"column":2},"end":{"line":253,"column":2}}]},"22":{"line":310,"type":"if","locations":[{"start":{"line":310,"column":4},"end":{"line":310,"column":4}},{"start":{"line":310,"column":4},"end":{"line":310,"column":4}}]}}},"/data/github/geopackage-js/lib/db/sqliteQueryBuilder.js":{"path":"/data/github/geopackage-js/lib/db/sqliteQueryBuilder.js","s":{"1":1,"2":13194,"3":1,"4":1724,"5":1724,"6":0,"7":1724,"8":1724,"9":175,"10":1724,"11":4,"12":1720,"13":1724,"14":1724,"15":4,"16":1724,"17":1724,"18":1724,"19":1724,"20":1724,"21":1724,"22":1,"23":0,"24":0,"25":0,"26":1,"27":1113,"28":176,"29":937,"30":937,"31":937,"32":937,"33":937,"34":6484,"35":5691,"36":4754,"37":4754,"38":5691,"39":5691,"40":5691,"41":937,"42":937,"43":1,"44":176,"45":176,"46":176,"47":176,"48":176,"49":176,"50":900,"51":900,"52":724,"53":724,"54":900,"55":900,"56":900,"57":176,"58":176,"59":1,"60":1115,"61":1115,"62":176,"63":176,"64":900,"65":939,"66":6488,"67":5695,"68":46,"69":5649,"70":1115,"71":1,"72":1,"73":1,"74":1,"75":1,"76":1,"77":0,"78":1,"79":1,"80":1,"81":1,"82":1,"83":1,"84":1,"85":1,"86":1,"87":1,"88":1,"89":1,"90":2,"91":2,"92":2,"93":0,"94":0,"95":0,"96":0,"97":0,"98":0,"99":0,"100":0,"101":2,"102":4,"103":2,"104":4,"105":4,"106":4,"107":4,"108":2,"109":1,"110":8620,"111":1688,"112":8620,"113":1,"114":4,"115":4,"116":0,"117":4,"118":4,"119":1,"120":3448},"b":{"1":[0,1724],"2":[1724,1724],"3":[175,1549],"4":[4,1720],"5":[1724,4],"6":[4,1720],"7":[176,937],"8":[5691,793],"9":[4754,937],"10":[724,176],"11":[176,939],"12":[5695,793],"13":[46,5649],"14":[0,1],"15":[1,0],"16":[1,0],"17":[0,2],"18":[0,0],"19":[2,2],"20":[4,0],"21":[1688,6932],"22":[3448,0]},"f":{"1":13194,"2":1724,"3":0,"4":1113,"5":176,"6":1115,"7":1,"8":2,"9":8620,"10":4,"11":3448},"fnMap":{"1":{"name":"(anonymous_1)","line":6,"loc":{"start":{"line":6,"column":31},"end":{"line":6,"column":52}}},"2":{"name":"(anonymous_2)","line":10,"loc":{"start":{"line":10,"column":28},"end":{"line":10,"column":110}}},"3":{"name":"(anonymous_3)","line":40,"loc":{"start":{"line":40,"column":28},"end":{"line":40,"column":52}}},"4":{"name":"(anonymous_4)","line":46,"loc":{"start":{"line":46,"column":29},"end":{"line":46,"column":53}}},"5":{"name":"(anonymous_5)","line":70,"loc":{"start":{"line":70,"column":44},"end":{"line":70,"column":68}}},"6":{"name":"(anonymous_6)","line":91,"loc":{"start":{"line":91,"column":43},"end":{"line":91,"column":60}}},"7":{"name":"(anonymous_7)","line":112,"loc":{"start":{"line":112,"column":29},"end":{"line":112,"column":71}}},"8":{"name":"(anonymous_8)","line":140,"loc":{"start":{"line":140,"column":35},"end":{"line":140,"column":59}}},"9":{"name":"appendClauseToString","line":172,"loc":{"start":{"line":172,"column":0},"end":{"line":172,"column":52}}},"10":{"name":"appendColumnsToString","line":179,"loc":{"start":{"line":179,"column":0},"end":{"line":179,"column":48}}},"11":{"name":"isEmpty","line":188,"loc":{"start":{"line":188,"column":0},"end":{"line":188,"column":25}}}},"statementMap":{"1":{"start":{"line":6,"column":0},"end":{"line":8,"column":1}},"2":{"start":{"line":7,"column":2},"end":{"line":7,"column":41}},"3":{"start":{"line":10,"column":0},"end":{"line":38,"column":1}},"4":{"start":{"line":12,"column":2},"end":{"line":12,"column":17}},"5":{"start":{"line":13,"column":2},"end":{"line":15,"column":3}},"6":{"start":{"line":14,"column":4},"end":{"line":14,"column":82}},"7":{"start":{"line":17,"column":2},"end":{"line":17,"column":21}},"8":{"start":{"line":18,"column":2},"end":{"line":20,"column":3}},"9":{"start":{"line":19,"column":4},"end":{"line":19,"column":25}},"10":{"start":{"line":21,"column":2},"end":{"line":25,"column":3}},"11":{"start":{"line":22,"column":4},"end":{"line":22,"column":50}},"12":{"start":{"line":24,"column":4},"end":{"line":24,"column":18}},"13":{"start":{"line":27,"column":2},"end":{"line":27,"column":28}},"14":{"start":{"line":28,"column":2},"end":{"line":30,"column":3}},"15":{"start":{"line":29,"column":4},"end":{"line":29,"column":24}},"16":{"start":{"line":31,"column":2},"end":{"line":31,"column":56}},"17":{"start":{"line":32,"column":2},"end":{"line":32,"column":61}},"18":{"start":{"line":33,"column":2},"end":{"line":33,"column":58}},"19":{"start":{"line":34,"column":2},"end":{"line":34,"column":61}},"20":{"start":{"line":35,"column":2},"end":{"line":35,"column":56}},"21":{"start":{"line":37,"column":2},"end":{"line":37,"column":15}},"22":{"start":{"line":40,"column":0},"end":{"line":44,"column":1}},"23":{"start":{"line":41,"column":2},"end":{"line":41,"column":56}},"24":{"start":{"line":42,"column":2},"end":{"line":42,"column":56}},"25":{"start":{"line":43,"column":2},"end":{"line":43,"column":15}},"26":{"start":{"line":46,"column":0},"end":{"line":68,"column":1}},"27":{"start":{"line":47,"column":2},"end":{"line":49,"column":3}},"28":{"start":{"line":48,"column":4},"end":{"line":48,"column":68}},"29":{"start":{"line":50,"column":2},"end":{"line":50,"column":45}},"30":{"start":{"line":51,"column":2},"end":{"line":51,"column":16}},"31":{"start":{"line":52,"column":2},"end":{"line":52,"column":18}},"32":{"start":{"line":53,"column":2},"end":{"line":53,"column":19}},"33":{"start":{"line":54,"column":2},"end":{"line":64,"column":3}},"34":{"start":{"line":55,"column":4},"end":{"line":63,"column":5}},"35":{"start":{"line":56,"column":6},"end":{"line":59,"column":7}},"36":{"start":{"line":57,"column":8},"end":{"line":57,"column":20}},"37":{"start":{"line":58,"column":8},"end":{"line":58,"column":22}},"38":{"start":{"line":60,"column":6},"end":{"line":60,"column":20}},"39":{"start":{"line":61,"column":6},"end":{"line":61,"column":18}},"40":{"start":{"line":62,"column":6},"end":{"line":62,"column":56}},"41":{"start":{"line":66,"column":2},"end":{"line":66,"column":47}},"42":{"start":{"line":67,"column":2},"end":{"line":67,"column":16}},"43":{"start":{"line":70,"column":0},"end":{"line":89,"column":1}},"44":{"start":{"line":71,"column":2},"end":{"line":71,"column":45}},"45":{"start":{"line":72,"column":2},"end":{"line":72,"column":16}},"46":{"start":{"line":73,"column":2},"end":{"line":73,"column":18}},"47":{"start":{"line":74,"column":2},"end":{"line":74,"column":19}},"48":{"start":{"line":75,"column":2},"end":{"line":75,"column":44}},"49":{"start":{"line":76,"column":2},"end":{"line":85,"column":3}},"50":{"start":{"line":77,"column":4},"end":{"line":77,"column":29}},"51":{"start":{"line":78,"column":4},"end":{"line":81,"column":5}},"52":{"start":{"line":79,"column":6},"end":{"line":79,"column":18}},"53":{"start":{"line":80,"column":6},"end":{"line":80,"column":20}},"54":{"start":{"line":82,"column":4},"end":{"line":82,"column":18}},"55":{"start":{"line":83,"column":4},"end":{"line":83,"column":28}},"56":{"start":{"line":84,"column":4},"end":{"line":84,"column":54}},"57":{"start":{"line":87,"column":2},"end":{"line":87,"column":47}},"58":{"start":{"line":88,"column":2},"end":{"line":88,"column":16}},"59":{"start":{"line":91,"column":0},"end":{"line":110,"column":1}},"60":{"start":{"line":92,"column":2},"end":{"line":92,"column":26}},"61":{"start":{"line":93,"column":2},"end":{"line":108,"column":3}},"62":{"start":{"line":94,"column":4},"end":{"line":94,"column":46}},"63":{"start":{"line":95,"column":4},"end":{"line":97,"column":5}},"64":{"start":{"line":96,"column":6},"end":{"line":96,"column":112}},"65":{"start":{"line":99,"column":4},"end":{"line":107,"column":5}},"66":{"start":{"line":100,"column":6},"end":{"line":106,"column":7}},"67":{"start":{"line":101,"column":8},"end":{"line":105,"column":9}},"68":{"start":{"line":102,"column":10},"end":{"line":102,"column":96}},"69":{"start":{"line":104,"column":10},"end":{"line":104,"column":80}},"70":{"start":{"line":109,"column":2},"end":{"line":109,"column":24}},"71":{"start":{"line":112,"column":0},"end":{"line":138,"column":1}},"72":{"start":{"line":113,"column":2},"end":{"line":113,"column":16}},"73":{"start":{"line":114,"column":2},"end":{"line":114,"column":43}},"74":{"start":{"line":115,"column":2},"end":{"line":115,"column":19}},"75":{"start":{"line":116,"column":2},"end":{"line":124,"column":3}},"76":{"start":{"line":117,"column":4},"end":{"line":119,"column":5}},"77":{"start":{"line":118,"column":6},"end":{"line":118,"column":21}},"78":{"start":{"line":120,"column":4},"end":{"line":120,"column":18}},"79":{"start":{"line":121,"column":4},"end":{"line":121,"column":36}},"80":{"start":{"line":122,"column":4},"end":{"line":122,"column":34}},"81":{"start":{"line":123,"column":4},"end":{"line":123,"column":19}},"82":{"start":{"line":125,"column":2},"end":{"line":129,"column":3}},"83":{"start":{"line":126,"column":4},"end":{"line":128,"column":5}},"84":{"start":{"line":127,"column":6},"end":{"line":127,"column":30}},"85":{"start":{"line":130,"column":2},"end":{"line":133,"column":3}},"86":{"start":{"line":131,"column":4},"end":{"line":131,"column":24}},"87":{"start":{"line":132,"column":4},"end":{"line":132,"column":20}},"88":{"start":{"line":134,"column":2},"end":{"line":137,"column":4}},"89":{"start":{"line":140,"column":0},"end":{"line":170,"column":1}},"90":{"start":{"line":141,"column":2},"end":{"line":141,"column":43}},"91":{"start":{"line":142,"column":2},"end":{"line":142,"column":19}},"92":{"start":{"line":143,"column":2},"end":{"line":167,"column":3}},"93":{"start":{"line":144,"column":4},"end":{"line":144,"column":46}},"94":{"start":{"line":146,"column":4},"end":{"line":154,"column":5}},"95":{"start":{"line":147,"column":6},"end":{"line":147,"column":31}},"96":{"start":{"line":148,"column":6},"end":{"line":150,"column":7}},"97":{"start":{"line":149,"column":8},"end":{"line":149,"column":23}},"98":{"start":{"line":151,"column":6},"end":{"line":151,"column":20}},"99":{"start":{"line":152,"column":6},"end":{"line":152,"column":33}},"100":{"start":{"line":153,"column":6},"end":{"line":153,"column":56}},"101":{"start":{"line":156,"column":4},"end":{"line":166,"column":5}},"102":{"start":{"line":157,"column":6},"end":{"line":159,"column":7}},"103":{"start":{"line":158,"column":8},"end":{"line":158,"column":23}},"104":{"start":{"line":160,"column":6},"end":{"line":160,"column":20}},"105":{"start":{"line":162,"column":6},"end":{"line":165,"column":7}},"106":{"start":{"line":163,"column":8},"end":{"line":163,"column":35}},"107":{"start":{"line":164,"column":8},"end":{"line":164,"column":58}},"108":{"start":{"line":169,"column":2},"end":{"line":169,"column":16}},"109":{"start":{"line":172,"column":0},"end":{"line":177,"column":1}},"110":{"start":{"line":173,"column":2},"end":{"line":175,"column":3}},"111":{"start":{"line":174,"column":4},"end":{"line":174,"column":28}},"112":{"start":{"line":176,"column":2},"end":{"line":176,"column":16}},"113":{"start":{"line":179,"column":0},"end":{"line":186,"column":1}},"114":{"start":{"line":180,"column":2},"end":{"line":180,"column":23}},"115":{"start":{"line":181,"column":2},"end":{"line":183,"column":3}},"116":{"start":{"line":182,"column":4},"end":{"line":182,"column":35}},"117":{"start":{"line":184,"column":2},"end":{"line":184,"column":16}},"118":{"start":{"line":185,"column":2},"end":{"line":185,"column":16}},"119":{"start":{"line":188,"column":0},"end":{"line":190,"column":1}},"120":{"start":{"line":189,"column":2},"end":{"line":189,"column":40}}},"branchMap":{"1":{"line":13,"type":"if","locations":[{"start":{"line":13,"column":2},"end":{"line":13,"column":2}},{"start":{"line":13,"column":2},"end":{"line":13,"column":2}}]},"2":{"line":13,"type":"binary-expr","locations":[{"start":{"line":13,"column":6},"end":{"line":13,"column":22}},{"start":{"line":13,"column":26},"end":{"line":13,"column":42}}]},"3":{"line":18,"type":"if","locations":[{"start":{"line":18,"column":2},"end":{"line":18,"column":2}},{"start":{"line":18,"column":2},"end":{"line":18,"column":2}}]},"4":{"line":21,"type":"if","locations":[{"start":{"line":21,"column":2},"end":{"line":21,"column":2}},{"start":{"line":21,"column":2},"end":{"line":21,"column":2}}]},"5":{"line":21,"type":"binary-expr","locations":[{"start":{"line":21,"column":5},"end":{"line":21,"column":12}},{"start":{"line":21,"column":16},"end":{"line":21,"column":30}}]},"6":{"line":28,"type":"if","locations":[{"start":{"line":28,"column":2},"end":{"line":28,"column":2}},{"start":{"line":28,"column":2},"end":{"line":28,"column":2}}]},"7":{"line":47,"type":"if","locations":[{"start":{"line":47,"column":2},"end":{"line":47,"column":2}},{"start":{"line":47,"column":2},"end":{"line":47,"column":2}}]},"8":{"line":55,"type":"if","locations":[{"start":{"line":55,"column":4},"end":{"line":55,"column":4}},{"start":{"line":55,"column":4},"end":{"line":55,"column":4}}]},"9":{"line":56,"type":"if","locations":[{"start":{"line":56,"column":6},"end":{"line":56,"column":6}},{"start":{"line":56,"column":6},"end":{"line":56,"column":6}}]},"10":{"line":78,"type":"if","locations":[{"start":{"line":78,"column":4},"end":{"line":78,"column":4}},{"start":{"line":78,"column":4},"end":{"line":78,"column":4}}]},"11":{"line":93,"type":"if","locations":[{"start":{"line":93,"column":2},"end":{"line":93,"column":2}},{"start":{"line":93,"column":2},"end":{"line":93,"column":2}}]},"12":{"line":100,"type":"if","locations":[{"start":{"line":100,"column":6},"end":{"line":100,"column":6}},{"start":{"line":100,"column":6},"end":{"line":100,"column":6}}]},"13":{"line":101,"type":"if","locations":[{"start":{"line":101,"column":8},"end":{"line":101,"column":8}},{"start":{"line":101,"column":8},"end":{"line":101,"column":8}}]},"14":{"line":117,"type":"if","locations":[{"start":{"line":117,"column":4},"end":{"line":117,"column":4}},{"start":{"line":117,"column":4},"end":{"line":117,"column":4}}]},"15":{"line":125,"type":"if","locations":[{"start":{"line":125,"column":2},"end":{"line":125,"column":2}},{"start":{"line":125,"column":2},"end":{"line":125,"column":2}}]},"16":{"line":130,"type":"if","locations":[{"start":{"line":130,"column":2},"end":{"line":130,"column":2}},{"start":{"line":130,"column":2},"end":{"line":130,"column":2}}]},"17":{"line":143,"type":"if","locations":[{"start":{"line":143,"column":2},"end":{"line":143,"column":2}},{"start":{"line":143,"column":2},"end":{"line":143,"column":2}}]},"18":{"line":148,"type":"if","locations":[{"start":{"line":148,"column":6},"end":{"line":148,"column":6}},{"start":{"line":148,"column":6},"end":{"line":148,"column":6}}]},"19":{"line":157,"type":"if","locations":[{"start":{"line":157,"column":6},"end":{"line":157,"column":6}},{"start":{"line":157,"column":6},"end":{"line":157,"column":6}}]},"20":{"line":162,"type":"if","locations":[{"start":{"line":162,"column":6},"end":{"line":162,"column":6}},{"start":{"line":162,"column":6},"end":{"line":162,"column":6}}]},"21":{"line":173,"type":"if","locations":[{"start":{"line":173,"column":2},"end":{"line":173,"column":2}},{"start":{"line":173,"column":2},"end":{"line":173,"column":2}}]},"22":{"line":189,"type":"binary-expr","locations":[{"start":{"line":189,"column":9},"end":{"line":189,"column":16}},{"start":{"line":189,"column":20},"end":{"line":189,"column":39}}]}}},"/data/github/geopackage-js/lib/dao/columnValues.js":{"path":"/data/github/geopackage-js/lib/dao/columnValues.js","s":{"1":1,"2":736,"3":736,"4":1,"5":1,"6":0,"7":1,"8":1473,"9":1473,"10":1,"11":1512},"b":{},"f":{"1":736,"2":0,"3":1473,"4":1512},"fnMap":{"1":{"name":"(anonymous_1)","line":2,"loc":{"start":{"line":2,"column":19},"end":{"line":2,"column":30}}},"2":{"name":"(anonymous_2)","line":9,"loc":{"start":{"line":9,"column":31},"end":{"line":9,"column":43}}},"3":{"name":"(anonymous_3)","line":13,"loc":{"start":{"line":13,"column":35},"end":{"line":13,"column":60}}},"4":{"name":"(anonymous_4)","line":18,"loc":{"start":{"line":18,"column":34},"end":{"line":18,"column":52}}}},"statementMap":{"1":{"start":{"line":2,"column":0},"end":{"line":5,"column":1}},"2":{"start":{"line":3,"column":2},"end":{"line":3,"column":19}},"3":{"start":{"line":4,"column":2},"end":{"line":4,"column":20}},"4":{"start":{"line":7,"column":0},"end":{"line":7,"column":30}},"5":{"start":{"line":9,"column":0},"end":{"line":11,"column":2}},"6":{"start":{"line":10,"column":2},"end":{"line":10,"column":41}},"7":{"start":{"line":13,"column":0},"end":{"line":16,"column":2}},"8":{"start":{"line":14,"column":2},"end":{"line":14,"column":28}},"9":{"start":{"line":15,"column":2},"end":{"line":15,"column":30}},"10":{"start":{"line":18,"column":0},"end":{"line":20,"column":2}},"11":{"start":{"line":19,"column":2},"end":{"line":19,"column":29}}},"branchMap":{}},"/data/github/geopackage-js/lib/core/srs/index.js":{"path":"/data/github/geopackage-js/lib/core/srs/index.js","s":{"1":1,"2":1,"3":1,"4":404,"5":404,"6":404,"7":404,"8":404,"9":404,"10":1,"11":365,"12":1,"13":1,"14":249,"15":1,"16":4,"17":1,"18":5,"19":2,"20":3,"21":2,"22":1,"23":0,"24":1,"25":1,"26":38,"27":38,"28":38,"29":38,"30":38,"31":38,"32":38,"33":38,"34":1,"35":38,"36":38,"37":38,"38":38,"39":38,"40":38,"41":38,"42":38,"43":1,"44":38,"45":38,"46":38,"47":38,"48":38,"49":38,"50":38,"51":38,"52":1,"53":41,"54":41,"55":41,"56":41,"57":41,"58":41,"59":41,"60":41,"61":1,"62":0,"63":1,"64":0,"65":1,"66":0,"67":1,"68":0,"69":1,"70":0,"71":1,"72":0,"73":1,"74":0,"75":1,"76":1,"77":1,"78":1,"79":1,"80":1,"81":1,"82":1,"83":1,"84":1,"85":1},"b":{"1":[2,3],"2":[5,2,0],"3":[2,1],"4":[3,3,3],"5":[0,1],"6":[1,1]},"f":{"1":404,"2":365,"3":249,"4":4,"5":5,"6":38,"7":38,"8":38,"9":41,"10":0,"11":0,"12":0,"13":0,"14":0,"15":0,"16":0},"fnMap":{"1":{"name":"(anonymous_1)","line":16,"loc":{"start":{"line":16,"column":29},"end":{"line":16,"column":40}}},"2":{"name":"(anonymous_2)","line":78,"loc":{"start":{"line":78,"column":32},"end":{"line":78,"column":53}}},"3":{"name":"(anonymous_3)","line":84,"loc":{"start":{"line":84,"column":51},"end":{"line":84,"column":63}}},"4":{"name":"(anonymous_4)","line":93,"loc":{"start":{"line":93,"column":49},"end":{"line":93,"column":75}}},"5":{"name":"(anonymous_5)","line":97,"loc":{"start":{"line":97,"column":52},"end":{"line":97,"column":67}}},"6":{"name":"(anonymous_6)","line":115,"loc":{"start":{"line":115,"column":50},"end":{"line":115,"column":69}}},"7":{"name":"(anonymous_7)","line":134,"loc":{"start":{"line":134,"column":63},"end":{"line":134,"column":82}}},"8":{"name":"(anonymous_8)","line":153,"loc":{"start":{"line":153,"column":64},"end":{"line":153,"column":83}}},"9":{"name":"(anonymous_9)","line":172,"loc":{"start":{"line":172,"column":56},"end":{"line":172,"column":75}}},"10":{"name":"(anonymous_10)","line":191,"loc":{"start":{"line":191,"column":52},"end":{"line":191,"column":77}}},"11":{"name":"(anonymous_11)","line":202,"loc":{"start":{"line":202,"column":57},"end":{"line":202,"column":95}}},"12":{"name":"(anonymous_12)","line":212,"loc":{"start":{"line":212,"column":56},"end":{"line":212,"column":80}}},"13":{"name":"(anonymous_13)","line":222,"loc":{"start":{"line":222,"column":57},"end":{"line":222,"column":81}}},"14":{"name":"(anonymous_14)","line":232,"loc":{"start":{"line":232,"column":50},"end":{"line":232,"column":75}}},"15":{"name":"(anonymous_15)","line":242,"loc":{"start":{"line":242,"column":57},"end":{"line":242,"column":82}}},"16":{"name":"(anonymous_16)","line":252,"loc":{"start":{"line":252,"column":55},"end":{"line":252,"column":80}}}},"statementMap":{"1":{"start":{"line":7,"column":0},"end":{"line":7,"column":35}},"2":{"start":{"line":9,"column":0},"end":{"line":10,"column":29}},"3":{"start":{"line":16,"column":0},"end":{"line":51,"column":2}},"4":{"start":{"line":21,"column":2},"end":{"line":21,"column":16}},"5":{"start":{"line":26,"column":2},"end":{"line":26,"column":14}},"6":{"start":{"line":32,"column":2},"end":{"line":32,"column":20}},"7":{"start":{"line":38,"column":2},"end":{"line":38,"column":32}},"8":{"start":{"line":44,"column":2},"end":{"line":44,"column":18}},"9":{"start":{"line":50,"column":2},"end":{"line":50,"column":19}},"10":{"start":{"line":78,"column":0},"end":{"line":80,"column":1}},"11":{"start":{"line":79,"column":2},"end":{"line":79,"column":29}},"12":{"start":{"line":82,"column":0},"end":{"line":82,"column":46}},"13":{"start":{"line":84,"column":0},"end":{"line":86,"column":2}},"14":{"start":{"line":85,"column":2},"end":{"line":85,"column":38}},"15":{"start":{"line":93,"column":0},"end":{"line":95,"column":2}},"16":{"start":{"line":94,"column":2},"end":{"line":94,"column":41}},"17":{"start":{"line":97,"column":0},"end":{"line":107,"column":2}},"18":{"start":{"line":98,"column":2},"end":{"line":106,"column":3}},"19":{"start":{"line":99,"column":4},"end":{"line":99,"column":30}},"20":{"start":{"line":100,"column":9},"end":{"line":106,"column":3}},"21":{"start":{"line":101,"column":6},"end":{"line":101,"column":35}},"22":{"start":{"line":102,"column":9},"end":{"line":106,"column":3}},"23":{"start":{"line":103,"column":4},"end":{"line":103,"column":86}},"24":{"start":{"line":105,"column":4},"end":{"line":105,"column":14}},"25":{"start":{"line":115,"column":0},"end":{"line":126,"column":1}},"26":{"start":{"line":116,"column":2},"end":{"line":116,"column":41}},"27":{"start":{"line":117,"column":2},"end":{"line":117,"column":35}},"28":{"start":{"line":118,"column":2},"end":{"line":118,"column":20}},"29":{"start":{"line":119,"column":2},"end":{"line":119,"column":28}},"30":{"start":{"line":120,"column":2},"end":{"line":120,"column":38}},"31":{"start":{"line":121,"column":2},"end":{"line":121,"column":279}},"32":{"start":{"line":122,"column":2},"end":{"line":122,"column":95}},"33":{"start":{"line":125,"column":2},"end":{"line":125,"column":29}},"34":{"start":{"line":134,"column":0},"end":{"line":145,"column":1}},"35":{"start":{"line":135,"column":2},"end":{"line":135,"column":41}},"36":{"start":{"line":136,"column":2},"end":{"line":136,"column":43}},"37":{"start":{"line":137,"column":2},"end":{"line":137,"column":18}},"38":{"start":{"line":138,"column":2},"end":{"line":138,"column":28}},"39":{"start":{"line":139,"column":2},"end":{"line":139,"column":36}},"40":{"start":{"line":140,"column":2},"end":{"line":140,"column":31}},"41":{"start":{"line":141,"column":2},"end":{"line":141,"column":70}},"42":{"start":{"line":144,"column":2},"end":{"line":144,"column":29}},"43":{"start":{"line":153,"column":0},"end":{"line":164,"column":1}},"44":{"start":{"line":154,"column":2},"end":{"line":154,"column":41}},"45":{"start":{"line":155,"column":2},"end":{"line":155,"column":44}},"46":{"start":{"line":156,"column":2},"end":{"line":156,"column":17}},"47":{"start":{"line":157,"column":2},"end":{"line":157,"column":28}},"48":{"start":{"line":158,"column":2},"end":{"line":158,"column":35}},"49":{"start":{"line":159,"column":2},"end":{"line":159,"column":31}},"50":{"start":{"line":160,"column":2},"end":{"line":160,"column":71}},"51":{"start":{"line":163,"column":2},"end":{"line":163,"column":29}},"52":{"start":{"line":172,"column":0},"end":{"line":183,"column":1}},"53":{"start":{"line":173,"column":2},"end":{"line":173,"column":41}},"54":{"start":{"line":174,"column":2},"end":{"line":174,"column":44}},"55":{"start":{"line":175,"column":2},"end":{"line":175,"column":20}},"56":{"start":{"line":176,"column":2},"end":{"line":176,"column":28}},"57":{"start":{"line":177,"column":2},"end":{"line":177,"column":38}},"58":{"start":{"line":178,"column":2},"end":{"line":178,"column":699}},"59":{"start":{"line":179,"column":2},"end":{"line":179,"column":70}},"60":{"start":{"line":182,"column":2},"end":{"line":182,"column":29}},"61":{"start":{"line":191,"column":0},"end":{"line":193,"column":2}},"62":{"start":{"line":192,"column":2},"end":{"line":192,"column":41}},"63":{"start":{"line":202,"column":0},"end":{"line":204,"column":2}},"64":{"start":{"line":203,"column":2},"end":{"line":203,"column":41}},"65":{"start":{"line":212,"column":0},"end":{"line":214,"column":2}},"66":{"start":{"line":213,"column":2},"end":{"line":213,"column":41}},"67":{"start":{"line":222,"column":0},"end":{"line":224,"column":2}},"68":{"start":{"line":223,"column":2},"end":{"line":223,"column":41}},"69":{"start":{"line":232,"column":0},"end":{"line":234,"column":2}},"70":{"start":{"line":233,"column":2},"end":{"line":233,"column":41}},"71":{"start":{"line":242,"column":0},"end":{"line":244,"column":2}},"72":{"start":{"line":243,"column":2},"end":{"line":243,"column":41}},"73":{"start":{"line":252,"column":0},"end":{"line":254,"column":2}},"74":{"start":{"line":253,"column":2},"end":{"line":253,"column":41}},"75":{"start":{"line":260,"column":0},"end":{"line":260,"column":75}},"76":{"start":{"line":266,"column":0},"end":{"line":266,"column":55}},"77":{"start":{"line":272,"column":0},"end":{"line":272,"column":51}},"78":{"start":{"line":278,"column":0},"end":{"line":278,"column":78}},"79":{"start":{"line":284,"column":0},"end":{"line":284,"column":63}},"80":{"start":{"line":290,"column":0},"end":{"line":290,"column":87}},"8
[...]
e":62,"column":60}},{"start":{"line":62,"column":64},"end":{"line":62,"column":70}}]},"4":{"line":72,"type":"cond-expr","locations":[{"start":{"line":72,"column":26},"end":{"line":72,"column":47}},{"start":{"line":72,"column":50},"end":{"line":72,"column":62}}]},"5":{"line":144,"type":"cond-expr","locations":[{"start":{"line":144,"column":65},"end":{"line":144,"column":93}},{"start":{"line":144,"column":96},"end":{"line":144,"column":112}}]},"6":{"line":149,"type":"if","locations":[{"start":{"line":149,"column":6},"end":{"line":149,"column":6}},{"start":{"line":149,"column":6},"end":{"line":149,"column":6}}]},"7":{"line":175,"type":"binary-expr","locations":[{"start":{"line":175,"column":25},"end":{"line":175,"column":31}},{"start":{"line":175,"column":35},"end":{"line":175,"column":73}}]},"8":{"line":188,"type":"if","locations":[{"start":{"line":188,"column":4},"end":{"line":188,"column":4}},{"start":{"line":188,"column":4},"end":{"line":188,"column":4}}]},"9":{"line":195,"type":"if","locations":[{"start":{"line":195,"column":8},"end":{"line":195,"column":8}},{"start":{"line":195,"column":8},"end":{"line":195,"column":8}}]},"10":{"line":198,"type":"if","locations":[{"start":{"line":198,"column":10},"end":{"line":198,"column":10}},{"start":{"line":198,"column":10},"end":{"line":198,"column":10}}]},"11":{"line":198,"type":"binary-expr","locations":[{"start":{"line":198,"column":14},"end":{"line":198,"column":28}},{"start":{"line":198,"column":32},"end":{"line":198,"column":62}}]},"12":{"line":208,"type":"if","locations":[{"start":{"line":208,"column":10},"end":{"line":208,"column":10}},{"start":{"line":208,"column":10},"end":{"line":208,"column":10}}]},"13":{"line":208,"type":"binary-expr","locations":[{"start":{"line":208,"column":13},"end":{"line":208,"column":50}},{"start":{"line":208,"column":54},"end":{"line":208,"column":96}}]},"14":{"line":210,"type":"if","locations":[{"start":{"line":210,"column":17},"end":{"line":210,"column":17}},{"start":{"line":210,"column":17},"end":{"line":210,"column":17}}]},"15":{"line":211,"type":"cond-expr","locations":[{"start":{"line":211,"column":49},"end":{"line":211,"column":56}},{"start":{"line":211,"column":59},"end":{"line":211,"column":72}}]},"16":{"line":235,"type":"if","locations":[{"start":{"line":235,"column":8},"end":{"line":235,"column":8}},{"start":{"line":235,"column":8},"end":{"line":235,"column":8}}]},"17":{"line":237,"type":"if","locations":[{"start":{"line":237,"column":10},"end":{"line":237,"column":10}},{"start":{"line":237,"column":10},"end":{"line":237,"column":10}}]},"18":{"line":237,"type":"binary-expr","locations":[{"start":{"line":237,"column":14},"end":{"line":237,"column":28}},{"start":{"line":237,"column":32},"end":{"line":237,"column":62}}]},"19":{"line":245,"type":"if","locations":[{"start":{"line":245,"column":10},"end":{"line":245,"column":10}},{"start":{"line":245,"column":10},"end":{"line":245,"column":10}}]},"20":{"line":245,"type":"binary-expr","locations":[{"start":{"line":245,"column":13},"end":{"line":245,"column":50}},{"start":{"line":245,"column":54},"end":{"line":245,"column":96}}]},"21":{"line":247,"type":"if","locations":[{"start":{"line":247,"column":17},"end":{"line":247,"column":17}},{"start":{"line":247,"column":17},"end":{"line":247,"column":17}}]},"22":{"line":248,"type":"cond-expr","locations":[{"start":{"line":248,"column":49},"end":{"line":248,"column":56}},{"start":{"line":248,"column":59},"end":{"line":248,"column":72}}]},"23":{"line":275,"type":"binary-expr","locations":[{"start":{"line":275,"column":25},"end":{"line":275,"column":31}},{"start":{"line":275,"column":35},"end":{"line":275,"column":70}}]},"24":{"line":290,"type":"if","locations":[{"start":{"line":290,"column":4},"end":{"line":290,"column":4}},{"start":{"line":290,"column":4},"end":{"line":290,"column":4}}]},"25":{"line":310,"type":"if","locations":[{"start":{"line":310,"column":4},"end":{"line":310,"column":4}},{"start":{"line":310,"column":4},"end":{"line":310,"column":4}}]},"26":{"line":313,"type":"if","locations":[{"start":{"line":313,"column":4},"end":{"line":313,"column":4}},{"start":{"line":313,"column":4},"end":{"line":313,"column":4}}]},"27":{"line":313,"type":"binary-expr","locations":[{"start":{"line":313,"column":8},"end":{"line":313,"column":30}},{"start":{"line":313,"column":34},"end":{"line":313,"column":56}}]},"28":{"line":358,"type":"if","locations":[{"start":{"line":358,"column":10},"end":{"line":358,"column":10}},{"start":{"line":358,"column":10},"end":{"line":358,"column":10}}]},"29":{"line":361,"type":"if","locations":[{"start":{"line":361,"column":10},"end":{"line":361,"column":10}},{"start":{"line":361,"column":10},"end":{"line":361,"column":10}}]},"30":{"line":361,"type":"binary-expr","locations":[{"start":{"line":361,"column":14},"end":{"line":361,"column":28}},{"start":{"line":361,"column":32},"end":{"line":361,"column":48}}]},"31":{"line":379,"type":"if","locations":[{"start":{"line":379,"column":4},"end":{"line":379,"column":4}},{"start":{"line":379,"column":4},"end":{"line":379,"column":4}}]},"32":{"line":379,"type":"binary-expr","locations":[{"start":{"line":379,"column":8},"end":{"line":379,"column":11}},{"start":{"line":379,"column":15},"end":{"line":379,"column":26}}]},"33":{"line":398,"type":"if","locations":[{"start":{"line":398,"column":4},"end":{"line":398,"column":4}},{"start":{"line":398,"column":4},"end":{"line":398,"column":4}}]},"34":{"line":398,"type":"binary-expr","locations":[{"start":{"line":398,"column":8},"end":{"line":398,"column":11}},{"start":{"line":398,"column":15},"end":{"line":398,"column":23}}]}}},"/data/github/geopackage-js/lib/db/sqliteAdapter.js":{"path":"/data/github/geopackage-js/lib/db/sqliteAdapter.js","s":{"1":1,"2":1,"3":153,"4":153,"5":153,"6":153,"7":0,"8":0,"9":153,"10":153,"11":153,"12":1,"13":1,"14":1,"15":154,"16":1,"17":138,"18":1,"19":0,"20":1,"21":0,"22":1,"23":1469,"24":1,"25":0,"26":1,"27":736,"28":1,"29":411,"30":3,"31":408,"32":1,"33":1113,"34":1113,"35":3,"36":1110,"37":1,"38":5,"39":5,"40":1,"41":243,"42":243,"43":3213,"44":243,"45":1,"46":1,"47":1,"48":0,"49":1,"50":1,"51":15,"52":15},"b":{"1":[153,1],"2":[0,153],"3":[3,408],"4":[3,1110],"5":[243,0],"6":[0,1]},"f":{"1":153,"2":153,"3":1,"4":154,"5":138,"6":0,"7":0,"8":1469,"9":0,"10":736,"11":411,"12":1113,"13":1113,"14":5,"15":5,"16":243,"17":3213,"18":3212,"19":1,"20":1,"21":15,"22":15},"fnMap":{"1":{"name":"(anonymous_1)","line":4,"loc":{"start":{"line":4,"column":31},"end":{"line":4,"column":60}}},"2":{"name":"(anonymous_2)","line":7,"loc":{"start":{"line":7,"column":42},"end":{"line":7,"column":56}}},"3":{"name":"(anonymous_3)","line":18,"loc":{"start":{"line":18,"column":37},"end":{"line":18,"column":50}}},"4":{"name":"Adapter","line":22,"loc":{"start":{"line":22,"column":0},"end":{"line":22,"column":21}}},"5":{"name":"(anonymous_5)","line":26,"loc":{"start":{"line":26,"column":26},"end":{"line":26,"column":37}}},"6":{"name":"(anonymous_6)","line":30,"loc":{"start":{"line":30,"column":27},"end":{"line":30,"column":46}}},"7":{"name":"(anonymous_7)","line":34,"loc":{"start":{"line":34,"column":36},"end":{"line":34,"column":48}}},"8":{"name":"(anonymous_8)","line":38,"loc":{"start":{"line":38,"column":24},"end":{"line":38,"column":57}}},"9":{"name":"(anonymous_9)","line":42,"loc":{"start":{"line":42,"column":28},"end":{"line":42,"column":40}}},"10":{"name":"(anonymous_10)","line":46,"loc":{"start":{"line":46,"column":24},"end":{"line":46,"column":57}}},"11":{"name":"(anonymous_11)","line":50,"loc":{"start":{"line":50,"column":24},"end":{"line":50,"column":56}}},"12":{"name":"(anonymous_12)","line":57,"loc":{"start":{"line":57,"column":27},"end":{"line":57,"column":59}}},"13":{"name":"(anonymous_13)","line":58,"loc":{"start":{"line":58,"column":27},"end":{"line":58,"column":41}}},"14":{"name":"(anonymous_14)","line":64,"loc":{"start":{"line":64,"column":27},"end":{"line":64,"column":59}}},"15":{"name":"(anonymous_15)","line":65,"loc":{"start":{"line":65,"column":27},"end":{"line":65,"column":41}}},"16":{"name":"(anonymous_16)","line":70,"loc":{"start":{"line":70,"column":25},"end":{"line":70,"column":76}}},"17":{"name":"(anonymous_17)","line":72,"loc":{"start":{"line":72,"column":22},"end":{"line":72,"column":44}}},"18":{"name":"(anonymous_18)","line":73,"loc":{"start":{"line":73,"column":32},"end":{"line":73,"column":43}}},"19":{"name":"(anonymous_19)","line":79,"loc":{"start":{"line":79,"column":30},"end":{"line":79,"column":56}}},"20":{"name":"(anonymous_20)","line":80,"loc":{"start":{"line":80,"column":54},"end":{"line":80,"column":68}}},"21":{"name":"(anonymous_21)","line":86,"loc":{"start":{"line":86,"column":26},"end":{"line":86,"column":57}}},"22":{"name":"(anonymous_22)","line":87,"loc":{"start":{"line":87,"column":64},"end":{"line":87,"column":86}}}},"statementMap":{"1":{"start":{"line":1,"column":0},"end":{"line":2,"column":23}},"2":{"start":{"line":4,"column":0},"end":{"line":16,"column":1}},"3":{"start":{"line":5,"column":2},"end":{"line":5,"column":45}},"4":{"start":{"line":6,"column":2},"end":{"line":6,"column":28}},"5":{"start":{"line":7,"column":2},"end":{"line":15,"column":5}},"6":{"start":{"line":8,"column":4},"end":{"line":11,"column":5}},"7":{"start":{"line":9,"column":6},"end":{"line":9,"column":45}},"8":{"start":{"line":10,"column":6},"end":{"line":10,"column":27}},"9":{"start":{"line":12,"column":4},"end":{"line":12,"column":34}},"10":{"start":{"line":13,"column":4},"end":{"line":13,"column":32}},"11":{"start":{"line":14,"column":4},"end":{"line":14,"column":27}},"12":{"start":{"line":18,"column":0},"end":{"line":20,"column":1}},"13":{"start":{"line":19,"column":2},"end":{"line":19,"column":25}},"14":{"start":{"line":22,"column":0},"end":{"line":24,"column":1}},"15":{"start":{"line":23,"column":2},"end":{"line":23,"column":15}},"16":{"start":{"line":26,"column":0},"end":{"line":28,"column":1}},"17":{"start":{"line":27,"column":2},"end":{"line":27,"column":18}},"18":{"start":{"line":30,"column":0},"end":{"line":32,"column":1}},"19":{"start":{"line":31,"column":2},"end":{"line":31,"column":39}},"20":{"start":{"line":34,"column":0},"end":{"line":36,"column":2}},"21":{"start":{"line":35,"column":2},"end":{"line":35,"column":17}},"22":{"start":{"line":38,"column":0},"end":{"line":40,"column":2}},"23":{"start":{"line":39,"column":2},"end":{"line":39,"column":40}},"24":{"start":{"line":42,"column":0},"end":{"line":44,"column":2}},"25":{"start":{"line":43,"column":2},"end":{"line":43,"column":44}},"26":{"start":{"line":46,"column":0},"end":{"line":48,"column":2}},"27":{"start":{"line":47,"column":2},"end":{"line":47,"column":40}},"28":{"start":{"line":50,"column":0},"end":{"line":55,"column":1}},"29":{"start":{"line":51,"column":2},"end":{"line":53,"column":3}},"30":{"start":{"line":52,"column":4},"end":{"line":52,"column":46}},"31":{"start":{"line":54,"column":2},"end":{"line":54,"column":27}},"32":{"start":{"line":57,"column":0},"end":{"line":62,"column":2}},"33":{"start":{"line":58,"column":2},"end":{"line":61,"column":5}},"34":{"start":{"line":59,"column":4},"end":{"line":59,"column":33}},"35":{"start":{"line":59,"column":12},"end":{"line":59,"column":33}},"36":{"start":{"line":60,"column":4},"end":{"line":60,"column":38}},"37":{"start":{"line":64,"column":0},"end":{"line":68,"column":2}},"38":{"start":{"line":65,"column":2},"end":{"line":67,"column":5}},"39":{"start":{"line":66,"column":4},"end":{"line":66,"column":32}},"40":{"start":{"line":70,"column":0},"end":{"line":77,"column":2}},"41":{"start":{"line":71,"column":2},"end":{"line":75,"column":3}},"42":{"start":{"line":72,"column":4},"end":{"line":74,"column":5}},"43":{"start":{"line":73,"column":6},"end":{"line":73,"column":47}},"44":{"start":{"line":76,"column":2},"end":{"line":76,"column":55}},"45":{"start":{"line":79,"column":0},"end":{"line":84,"column":2}},"46":{"start":{"line":80,"column":2},"end":{"line":83,"column":5}},"47":{"start":{"line":81,"column":4},"end":{"line":81,"column":33}},"48":{"start":{"line":81,"column":12},"end":{"line":81,"column":33}},"49":{"start":{"line":82,"column":4},"end":{"line":82,"column":41}},"50":{"start":{"line":86,"column":0},"end":{"line":90,"column":2}},"51":{"start":{"line":87,"column":2},"end":{"line":89,"column":5}},"52":{"start":{"line":88,"column":4},"end":{"line":88,"column":32}}},"branchMap":{"1":{"line":6,"type":"binary-expr","locations":[{"start":{"line":6,"column":13},"end":{"line":6,"column":21}},{"start":{"line":6,"column":25},"end":{"line":6,"column":27}}]},"2":{"line":8,"type":"if","locations":[{"start":{"line":8,"column":4},"end":{"line":8,"column":4}},{"start":{"line":8,"column":4},"end":{"line":8,"column":4}}]},"3":{"line":51,"type":"if","locations":[{"start":{"line":51,"column":2},"end":{"line":51,"column":2}},{"start":{"line":51,"column":2},"end":{"line":51,"column":2}}]},"4":{"line":59,"type":"if","locations":[{"start":{"line":59,"column":4},"end":{"line":59,"column":4}},{"start":{"line":59,"column":4},"end":{"line":59,"column":4}}]},"5":{"line":71,"type":"if","locations":[{"start":{"line":71,"column":2},"end":{"line":71,"column":2}},{"start":{"line":71,"column":2},"end":{"line":71,"column":2}}]},"6":{"line":81,"type":"if","locations":[{"start":{"line":81,"column":4},"end":{"line":81,"column":4}},{"start":{"line":81,"column":4},"end":{"line":81,"column":4}}]}}},"/data/github/geopackage-js/lib/tiles/creator/node.js":{"path":"/data/github/geopackage-js/lib/tiles/creator/node.js","s":{"1":1,"2":1,"3":1,"4":95,"5":95,"6":95,"7":95,"8":95,"9":95,"10":1,"11":1,"12":65536,"13":1,"14":165,"15":165,"16":165,"17":165,"18":165,"19":165,"20":165,"21":165,"22":165,"23":165,"24":65536,"25":65536,"26":65536,"27":165,"28":97,"29":97,"30":97,"31":97,"32":97,"33":97,"34":97,"35":97,"36":97,"37":97,"38":97,"39":97,"40":97,"41":97,"42":97,"43":97,"44":97,"45":165,"46":1,"47":95,"48":95,"49":95,"50":507,"51":507,"52":95,"53":0,"54":0,"55":95,"56":95,"57":1},"b":{"1":[164,1],"2":[0,95]},"f":{"1":95,"2":65536,"3":165,"4":165,"5":165,"6":65536,"7":65536,"8":165,"9":97,"10":97,"11":165,"12":95,"13":507,"14":0,"15":95},"fnMap":{"1":{"name":"NodeTileCreator","line":9,"loc":{"start":{"line":9,"column":0},"end":{"line":9,"column":124}}},"2":{"name":"(anonymous_2)","line":21,"loc":{"start":{"line":21,"column":37},"end":{"line":21,"column":83}}},"3":{"name":"(anonymous_3)","line":29,"loc":{"start":{"line":29,"column":36},"end":{"line":29,"column":87}}},"4":{"name":"(anonymous_4)","line":37,"loc":{"start":{"line":37,"column":30},"end":{"line":37,"column":44}}},"5":{"name":"(anonymous_5)","line":41,"loc":{"start":{"line":41,"column":52},"end":{"line":41,"column":77}}},"6":{"name":"(anonymous_6)","line":42,"loc":{"start":{"line":42,"column":36},"end":{"line":42,"column":63}}},"7":{"name":"(anonymous_7)","line":43,"loc":{"start":{"line":43,"column":27},"end":{"line":43,"column":39}}},"8":{"name":"(anonymous_8)","line":48,"loc":{"start":{"line":48,"column":20},"end":{"line":48,"column":34}}},"9":{"name":"(anonymous_9)","line":49,"loc":{"start":{"line":49,"column":38},"end":{"line":49,"column":65}}},"10":{"name":"(anonymous_10)","line":55,"loc":{"start":{"line":55,"column":43},"end":{"line":55,"column":59}}},"11":{"name":"(anonymous_11)","line":79,"loc":{"start":{"line":79,"column":22},"end":{"line":79,"column":36}}},"12":{"name":"(anonymous_12)","line":87,"loc":{"start":{"line":87,"column":44},"end":{"line":87,"column":72}}},"13":{"name":"(anonymous_13)","line":90,"loc":{"start":{"line":90,"column":18},"end":{"line":90,"column":45}}},"14":{"name":"(anonymous_14)","line":95,"loc":{"start":{"line":95,"column":64},"end":{"line":95,"column":75}}},"15":{"name":"(anonymous_15)","line":99,"loc":{"start":{"line":99,"column":63},"end":{"line":99,"column":74}}}},"statementMap":{"1":{"start":{"line":1,"column":0},"end":{"line":5,"column":42}},"2":{"start":{"line":7,"column":0},"end":{"line":7,"column":49}},"3":{"start":{"line":9,"column":0},"end":{"line":17,"column":1}},"4":{"start":{"line":10,"column":2},"end":{"line":10,"column":37}},"5":{"start":{"line":12,"column":2},"end":{"line":12,"column":40}},"6":{"start":{"line":13,"column":2},"end":{"line":13,"column":19}},"7":{"start":{"line":14,"column":2},"end":{"line":14,"column":61}},"8":{"start":{"line":15,"column":2},"end":{"line":15,"column":42}},"9":{"start":{"line":16,"column":2},"end":{"line":16,"column":23}},"10":{"start":{"line":19,"column":0},"end":{"line":19,"column":44}},"11":{"start":{"line":21,"column":0},"end":{"line":27,"column":2}},"12":{"start":{"line":22,"column":2},"end":{"line":26,"column":5}},"13":{"start":{"line":29,"column":0},"end":{"line":85,"column":2}},"14":{"start":{"line":30,"column":2},"end":{"line":30,"column":32}},"15":{"start":{"line":31,"column":2},"end":{"line":31,"column":28}},"16":{"start":{"line":32,"column":2},"end":{"line":32,"column":24}},"17":{"start":{"line":33,"column":2},"end":{"line":33,"column":20}},"18":{"start":{"line":35,"column":2},"end":{"line":35,"column":117}},"19":{"start":{"line":37,"column":2},"end":{"line":84,"column":16}},"20":{"start":{"line":39,"column":4},"end":{"line":39,"column":20}},"21":{"start":{"line":40,"column":4},"end":{"line":40,"column":21}},"22":{"start":{"line":41,"column":4},"end":{"line":83,"column":18}},"23":{"start":{"line":42,"column":6},"end":{"line":82,"column":20}},"24":{"start":{"line":43,"column":8},"end":{"line":47,"column":22}},"25":{"start":{"line":45,"column":10},"end":{"line":45,"column":66}},"26":{"start":{"line":46,"column":10},"end":{"line":46,"column":22}},"27":{"start":{"line":49,"column":8},"end":{"line":81,"column":22}},"28":{"start":{"line":50,"column":10},"end":{"line":50,"column":43}},"29":{"start":{"line":51,"column":10},"end":{"line":51,"column":33}},"30":{"start":{"line":52,"column":10},"end":{"line":52,"column":41}},"31":{"start":{"line":53,"column":10},"end":{"line":53,"column":37}},"32":{"start":{"line":54,"column":10},"end":{"line":54,"column":33}},"33":{"start":{"line":55,"column":10},"end":{"line":78,"column":24}},"34":{"start":{"line":56,"column":12},"end":{"line":56,"column":35}},"35":{"start":{"line":58,"column":12},"end":{"line":58,"column":62}},"36":{"start":{"line":59,"column":12},"end":{"line":59,"column":62}},"37":{"start":{"line":60,"column":12},"end":{"line":60,"column":75}},"38":{"start":{"line":61,"column":12},"end":{"line":61,"column":76}},"39":{"start":{"line":62,"column":12},"end":{"line":62,"column":76}},"40":{"start":{"line":63,"column":12},"end":{"line":63,"column":76}},"41":{"start":{"line":64,"column":12},"end":{"line":64,"column":85}},"42":{"start":{"line":65,"column":12},"end":{"line":65,"column":86}},"43":{"start":{"line":67,"column":12},"end":{"line":76,"column":14}},"44":{"start":{"line":77,"column":12},"end":{"line":77,"column":24}},"45":{"start":{"line":80,"column":10},"end":{"line":80,"column":37}},"46":{"start":{"line":87,"column":0},"end":{"line":103,"column":2}},"47":{"start":{"line":88,"column":2},"end":{"line":88,"column":30}},"48":{"start":{"line":89,"column":2},"end":{"line":89,"column":19}},"49":{"start":{"line":90,"column":2},"end":{"line":93,"column":4}},"50":{"start":{"line":91,"column":4},"end":{"line":91,"column":24}},"51":{"start":{"line":92,"column":4},"end":{"line":92,"column":11}},"52":{"start":{"line":94,"column":2},"end":{"line":102,"column":3}},"53":{"start":{"line":95,"column":4},"end":{"line":97,"column":7}},"54":{"start":{"line":96,"column":6},"end":{"line":96,"column":45}},"55":{"start":{"line":99,"column":4},"end":{"line":101,"column":7}},"56":{"start":{"line":100,"column":6},"end":{"line":100,"column":45}},"57":{"start":{"line":105,"column":0},"end":{"line":105,"column":33}}},"branchMap":{"1":{"line":35,"type":"cond-expr","locations":[{"start":{"line":35,"column":44},"end":{"line":35,"column":78}},{"start":{"line":35,"column":81},"end":{"line":35,"column":116}}]},"2":{"line":94,"type":"if","locations":[{"start":{"line":94,"column":2},"end":{"line":94,"column":2}},{"start":{"line":94,"column":2},"end":{"line":94,"column":2}}]}}}}