TN:
SF:/data/github/geopackage-js/lib/features/user/featureColumn.js
FN:14,(anonymous_1)
FN:33,(anonymous_2)
FN:48,(anonymous_3)
FN:63,(anonymous_4)
FN:79,(anonymous_5)
FN:87,(anonymous_6)
FNF:6
FNH:6
FNDA:311,(anonymous_1)
FNDA:7,(anonymous_2)
FNDA:7,(anonymous_3)
FNDA:39,(anonymous_4)
FNDA:53,(anonymous_5)
FNDA:4028,(anonymous_6)
DA:6,1
DA:9,1
DA:14,1
DA:15,311
DA:16,311
DA:18,311
DA:19,0
DA:23,1
DA:33,1
DA:34,7
DA:48,1
DA:49,7
DA:63,1
DA:64,39
DA:79,1
DA:80,53
DA:87,1
DA:88,4028
DA:91,1
LF:19
LH:18
BRDA:18,1,0,0
BRDA:18,1,1,311
BRDA:18,2,0,311
BRDA:18,2,1,255
BRF:4
BRH:3
end_of_record
TN:
SF:/data/github/geopackage-js/lib/user/userColumn.js
FN:12,UserColumn
FN:23,(anonymous_2)
FN:31,(anonymous_3)
FNF:3
FNH:3
FNDA:1441,UserColumn
FNDA:2,(anonymous_2)
FNDA:1441,(anonymous_3)
DA:6,1
DA:12,1
DA:13,1441
DA:14,1441
DA:15,1441
DA:16,1441
DA:17,1441
DA:19,1441
DA:20,1441
DA:23,1
DA:24,2
DA:25,2
DA:26,2
DA:28,2
DA:31,1
DA:32,1441
DA:33,0
DA:37,1
LF:18
LH:17
BRDA:25,1,0,2
BRDA:25,1,1,0
BRDA:32,2,0,0
BRDA:32,2,1,1441
BRDA:32,3,0,1441
BRDA:32,3,1,30
BRDA:32,3,2,15
BRF:7
BRH:5
end_of_record
TN:
SF:/data/github/geopackage-js/lib/db/dataTypes.js
FN:110,(anonymous_1)
FN:166,(anonymous_2)
FNF:2
FNH:2
FNDA:157,(anonymous_1)
FNDA:1279,(anonymous_2)
DA:10,1
DA:15,1
DA:20,1
DA:25,1
DA:30,1
DA:35,1
DA:40,1
DA:45,1
DA:50,1
DA:55,1
DA:60,1
DA:65,1
DA:70,1
DA:71,1
DA:73,1
DA:74,1
DA:75,1
DA:76,1
DA:77,1
DA:78,1
DA:79,1
DA:80,1
DA:81,1
DA:82,1
DA:83,1
DA:84,1
DA:85,1
DA:86,1
DA:87,1
DA:89,1
DA:90,1
DA:91,1
DA:92,1
DA:93,1
DA:94,1
DA:95,1
DA:96,1
DA:97,1
DA:98,1
DA:99,1
DA:100,1
DA:101,1
DA:102,1
DA:110,1
DA:111,157
DA:113,157
DA:115,8
DA:116,8
DA:118,1
DA:119,1
DA:121,1
DA:122,1
DA:124,1
DA:125,1
DA:127,1
DA:128,1
DA:130,74
DA:131,74
DA:133,1
DA:134,1
DA:136,1
DA:137,1
DA:139,8
DA:140,8
DA:142,22
DA:143,22
DA:145,29
DA:146,29
DA:148,1
DA:149,1
DA:151,1
DA:152,1
DA:154,8
DA:155,8
DA:158,157
DA:166,1
DA:167,1279
DA:168,1279
DA:169,1279
DA:170,1279
DA:172,1279
LF:81
LH:81
BRDA:113,1,0,8
BRDA:113,1,1,1
BRDA:113,1,2,1
BRDA:113,1,3,1
BRDA:113,1,4,1
BRDA:113,1,5,74
BRDA:113,1,6,1
BRDA:113,1,7,1
BRDA:113,1,8,8
BRDA:113,1,9,22
BRDA:113,1,10,29
BRDA:113,1,11,1
BRDA:113,1,12,1
BRDA:113,1,13,8
BRDA:168,2,0,1279
BRDA:168,2,1,0
BRF:16
BRH:15
end_of_record
TN:
SF:/data/github/geopackage-js/lib/features/user/featureTable.js
FN:15,(anonymous_1)
FN:35,(anonymous_2)
FN:39,(anonymous_3)
FNF:3
FNH:3
FNDA:56,(anonymous_1)
FNDA:32,(anonymous_2)
FNDA:1,(anonymous_3)
DA:6,1
DA:8,1
DA:15,1
DA:16,56
DA:17,56
DA:18,56
DA:19,311
DA:20,311
DA:21,56
DA:22,56
DA:25,56
DA:26,56
DA:29,1
DA:35,1
DA:36,32
DA:39,1
DA:40,1
DA:47,1
LF:18
LH:18
BRDA:20,1,0,56
BRDA:20,1,1,255
BRF:2
BRH:2
end_of_record
TN:
SF:/data/github/geopackage-js/lib/user/userTable.js
FN:11,(anonymous_1)
FN:15,(anonymous_2)
FN:62,(anonymous_3)
FN:73,(anonymous_4)
FN:85,(anonymous_5)
FN:96,(anonymous_6)
FN:109,(anonymous_7)
FN:118,(anonymous_8)
FN:127,(anonymous_9)
FN:135,(anonymous_10)
FN:143,(anonymous_11)
FN:147,(anonymous_12)
FNF:12
FNH:10
FNDA:280,(anonymous_1)
FNDA:1275,(anonymous_2)
FNDA:940,(anonymous_3)
FNDA:0,(anonymous_4)
FNDA:940,(anonymous_5)
FNDA:49,(anonymous_6)
FNDA:3862,(anonymous_7)
FNDA:20576,(anonymous_8)
FNDA:47,(anonymous_9)
FNDA:3348,(anonymous_10)
FNDA:515,(anonymous_11)
FNDA:0,(anonymous_12)
DA:11,1
DA:12,280
DA:15,280
DA:16,1275
DA:19,280
DA:20,1441
DA:21,1441
DA:22,0
DA:23,1441
DA:24,0
DA:28,280
DA:29,280
DA:30,280
DA:32,280
DA:33,1441
DA:34,1441
DA:35,1441
DA:36,279
DA:37,0
DA:39,279
DA:41,1441
DA:42,1441
DA:45,280
DA:46,280
DA:47,280
DA:48,280
DA:53,280
DA:62,1
DA:63,940
DA:64,0
DA:73,1
DA:74,0
DA:75,0
DA:76,0
DA:85,1
DA:86,940
DA:87,0
DA:96,1
DA:97,49
DA:98,49
DA:99,0
DA:101,49
DA:109,1
DA:110,3862
DA:118,1
DA:119,20576
DA:127,1
DA:128,47
DA:135,1
DA:136,3348
DA:143,1
DA:144,515
DA:147,1
DA:148,0
DA:151,1
DA:152,1
DA:154,1
LF:57
LH:47
BRDA:21,1,0,0
BRDA:21,1,1,1441
BRDA:23,2,0,0
BRDA:23,2,1,1441
BRDA:35,3,0,279
BRDA:35,3,1,1162
BRDA:36,4,0,0
BRDA:36,4,1,279
BRDA:63,5,0,0
BRDA:63,5,1,940
BRDA:75,6,0,0
BRDA:75,6,1,0
BRDA:75,7,0,0
BRDA:75,7,1,0
BRDA:86,8,0,0
BRDA:86,8,1,940
BRDA:86,9,0,940
BRDA:86,9,1,940
BRDA:98,10,0,0
BRDA:98,10,1,49
BRDA:98,11,0,49
BRDA:98,11,1,49
BRF:22
BRH:12
end_of_record
TN:
SF:/data/github/geopackage-js/lib/features/columns/index.js
FN:18,(anonymous_1)
FN:64,(anonymous_2)
FN:93,(anonymous_3)
FN:99,(anonymous_4)
FN:109,(anonymous_5)
FN:110,(anonymous_6)
FN:125,(anonymous_7)
FN:127,(anonymous_8)
FN:131,(anonymous_9)
FN:142,(anonymous_10)
FN:153,(anonymous_11)
FN:158,(anonymous_12)
FN:162,(anonymous_13)
FN:166,(anonymous_14)
FN:167,(anonymous_15)
FNF:15
FNH:15
FNDA:60,(anonymous_1)
FNDA:1,(anonymous_2)
FNDA:154,(anonymous_3)
FNDA:55,(anonymous_4)
FNDA:54,(anonymous_5)
FNDA:54,(anonymous_6)
FNDA:5,(anonymous_7)
FNDA:50,(anonymous_8)
FNDA:5,(anonymous_9)
FNDA:32,(anonymous_10)
FNDA:2,(anonymous_11)
FNDA:33,(anonymous_12)
FNDA:2,(anonymous_13)
FNDA:1,(anonymous_14)
FNDA:1,(anonymous_15)
DA:7,1
DA:12,1
DA:18,1
DA:23,60
DA:29,60
DA:36,60
DA:42,60
DA:48,60
DA:54,60
DA:60,60
DA:64,1
DA:65,1
DA:93,1
DA:94,154
DA:97,1
DA:99,1
DA:100,55
DA:109,1
DA:110,54
DA:111,54
DA:112,53
DA:113,53
DA:114,53
DA:116,1
DA:125,1
DA:126,5
DA:127,5
DA:128,50
DA:129,50
DA:130,50
DA:132,5
DA:142,1
DA:143,32
DA:144,32
DA:153,1
DA:154,2
DA:155,2
DA:158,1
DA:159,33
DA:162,1
DA:163,2
DA:166,1
DA:167,1
DA:168,1
DA:169,1
DA:170,1
DA:178,1
DA:184,1
DA:190,1
DA:196,1
DA:202,1
DA:208,1
DA:214,1
DA:220,1
DA:226,1
DA:228,1
DA:229,1
DA:232,1
DA:233,1
DA:234,1
DA:235,1
DA:236,1
DA:237,1
DA:239,1
DA:240,1
LF:65
LH:65
BRDA:111,1,0,53
BRDA:111,1,1,1
BRDA:111,2,0,54
BRDA:111,2,1,54
BRDA:128,3,0,0
BRDA:128,3,1,50
BRF:6
BRH:5
end_of_record
TN:
SF:/data/github/geopackage-js/lib/dao/dao.js
FN:11,(anonymous_1)
FN:15,(anonymous_2)
FN:26,(anonymous_3)
FN:27,(anonymous_4)
FN:35,(anonymous_5)
FN:40,(anonymous_6)
FN:50,(anonymous_7)
FN:55,(anonymous_8)
FN:63,(anonymous_9)
FN:69,(anonymous_10)
FN:83,(anonymous_11)
FN:88,(anonymous_12)
FN:93,(anonymous_13)
FN:100,(anonymous_14)
FN:105,(anonymous_15)
FN:110,(anonymous_16)
FN:114,(anonymous_17)
FN:119,(anonymous_18)
FN:123,(anonymous_19)
FN:127,(anonymous_20)
FN:135,(anonymous_21)
FN:143,(anonymous_22)
FN:147,(anonymous_23)
FN:160,(anonymous_24)
FN:168,(anonymous_25)
FN:179,(anonymous_26)
FN:191,(anonymous_27)
FN:195,(anonymous_28)
FN:205,(anonymous_29)
FN:209,(anonymous_30)
FN:220,(anonymous_31)
FN:225,(anonymous_32)
FN:232,(anonymous_33)
FN:236,(anonymous_34)
FN:240,(anonymous_35)
FN:244,(anonymous_36)
FN:248,(anonymous_37)
FN:252,(anonymous_38)
FN:259,(anonymous_39)
FN:266,(anonymous_40)
FN:273,(anonymous_41)
FN:277,(anonymous_42)
FN:281,(anonymous_43)
FN:287,(anonymous_44)
FN:292,(anonymous_45)
FN:308,(anonymous_46)
FN:309,(anonymous_47)
FN:318,(anonymous_48)
FNF:48
FNH:42
FNDA:1811,(anonymous_1)
FNDA:1391,(anonymous_2)
FNDA:242,(anonymous_3)
FNDA:242,(anonymous_4)
FNDA:301,(anonymous_5)
FNDA:301,(anonymous_6)
FNDA:719,(anonymous_7)
FNDA:723,(anonymous_8)
FNDA:719,(anonymous_9)
FNDA:719,(anonymous_10)
FNDA:12,(anonymous_11)
FNDA:24,(anonymous_12)
FNDA:16,(anonymous_13)
FNDA:5,(anonymous_14)
FNDA:179,(anonymous_15)
FNDA:10,(anonymous_16)
FNDA:10,(anonymous_17)
FNDA:302,(anonymous_18)
FNDA:302,(anonymous_19)
FNDA:720,(anonymous_20)
FNDA:723,(anonymous_21)
FNDA:736,(anonymous_22)
FNDA:736,(anonymous_23)
FNDA:2232,(anonymous_24)
FNDA:180,(anonymous_25)
FNDA:16,(anonymous_26)
FNDA:2475,(anonymous_27)
FNDA:2855,(anonymous_28)
FNDA:273,(anonymous_29)
FNDA:483,(anonymous_30)
FNDA:0,(anonymous_31)
FNDA:0,(anonymous_32)
FNDA:0,(anonymous_33)
FNDA:0,(anonymous_34)
FNDA:0,(anonymous_35)
FNDA:8,(anonymous_36)
FNDA:8,(anonymous_37)
FNDA:2,(anonymous_38)
FNDA:1,(anonymous_39)
FNDA:1,(anonymous_40)
FNDA:3,(anonymous_41)
FNDA:0,(anonymous_42)
FNDA:1128,(anonymous_43)
FNDA:1,(anonymous_44)
FNDA:3,(anonymous_45)
FNDA:718,(anonymous_46)
FNDA:718,(anonymous_47)
FNDA:1,(anonymous_48)
DA:6,1
DA:11,1
DA:12,1811
DA:15,1
DA:16,1391
DA:17,1391
DA:18,10035
DA:26,1
DA:27,242
DA:28,242
DA:29,65
DA:31,177
DA:35,1
DA:36,301
DA:37,301
DA:38,301
DA:40,301
DA:41,301
DA:42,301
DA:43,300
DA:45,300
DA:46,300
DA:50,1
DA:51,719
DA:52,719
DA:55,1
DA:56,723
DA:57,723
DA:58,1440
DA:60,723
DA:63,1
DA:64,719
DA:65,719
DA:67,719
DA:69,719
DA:70,719
DA:71,719
DA:72,4
DA:74,4
DA:75,4
DA:83,1
DA:84,12
DA:85,12
DA:88,1
DA:89,24
DA:90,24
DA:93,1
DA:94,16
DA:95,16
DA:96,16
DA:97,16
DA:100,1
DA:101,5
DA:102,5
DA:105,1
DA:106,179
DA:107,179
DA:110,1
DA:111,10
DA:114,1
DA:115,10
DA:116,10
DA:119,1
DA:120,302
DA:123,1
DA:124,302
DA:127,1
DA:128,720
DA:129,720
DA:130,1437
DA:132,720
DA:135,1
DA:136,723
DA:137,723
DA:138,1440
DA:140,723
DA:143,1
DA:144,736
DA:147,1
DA:148,736
DA:150,736
DA:151,1476
DA:152,1476
DA:153,740
DA:155,1476
DA:157,736
DA:160,1
DA:161,2232
DA:162,2232
DA:163,2232
DA:165,2232
DA:168,1
DA:169,180
DA:170,180
DA:171,540
DA:172,540
DA:173,540
DA:176,180
DA:179,1
DA:180,16
DA:181,16
DA:182,39
DA:183,39
DA:184,39
DA:185,39
DA:188,16
DA:191,1
DA:192,2475
DA:195,1
DA:196,2855
DA:197,2855
DA:198,1430
DA:200,1425
DA:202,2855
DA:205,1
DA:206,273
DA:209,1
DA:210,483
DA:211,483
DA:212,483
DA:213,483
DA:214,4
DA:216,479
DA:220,1
DA:221,0
DA:222,0
DA:223,0
DA:225,0
DA:226,0
DA:227,0
DA:228,0
DA:232,1
DA:233,0
DA:236,1
DA:237,0
DA:240,1
DA:241,0
DA:244,1
DA:245,8
DA:248,1
DA:249,8
DA:252,1
DA:253,2
DA:254,1
DA:256,1
DA:259,1
DA:260,1
DA:261,1
DA:263,1
DA:266,1
DA:267,1
DA:268,1
DA:270,1
DA:273,1
DA:274,3
DA:277,1
DA:278,0
DA:281,1
DA:282,1128
DA:283,1128
DA:284,1128
DA:287,1
DA:288,1
DA:289,1
DA:292,1
DA:293,3
DA:295,3
DA:296,3
DA:297,3
DA:298,3
DA:299,3
DA:300,3
DA:302,3
DA:303,3
DA:304,3
DA:305,3
DA:308,1
DA:309,718
DA:310,718
DA:311,715
DA:313,3
DA:318,1
DA:319,1
DA:326,1
LF:184
LH:173
BRDA:16,1,0,0
BRDA:16,1,1,1391
BRDA:28,2,0,65
BRDA:28,2,1,177
BRDA:41,3,0,0
BRDA:41,3,1,301
BRDA:42,4,0,1
BRDA:42,4,1,300
BRDA:70,5,0,0
BRDA:70,5,1,719
BRDA:71,6,0,715
BRDA:71,6,1,4
BRDA:152,7,0,740
BRDA:152,7,1,736
BRDA:162,8,0,2232
BRDA:162,8,1,0
BRDA:162,9,0,2232
BRDA:162,9,1,1430
BRDA:172,10,0,540
BRDA:172,10,1,0
BRDA:172,11,0,540
BRDA:172,11,1,540
BRDA:176,12,0,0
BRDA:176,12,1,180
BRDA:184,13,0,39
BRDA:184,13,1,0
BRDA:184,14,0,39
BRDA:184,14,1,39
BRDA:188,15,0,0
BRDA:188,15,1,16
BRDA:197,16,0,1430
BRDA:197,16,1,1425
BRDA:197,17,0,2855
BRDA:197,17,1,1425
BRDA:213,18,0,4
BRDA:213,18,1,479
BRDA:226,19,0,0
BRDA:226,19,1,0
BRDA:227,20,0,0
BRDA:227,20,1,0
BRDA:253,21,0,1
BRDA:253,21,1,1
BRDA:310,22,0,715
BRDA:310,22,1,3
BRF:44
BRH:32
end_of_record
TN:
SF:/data/github/geopackage-js/lib/db/sqliteQueryBuilder.js
FN:6,(anonymous_1)
FN:10,(anonymous_2)
FN:40,(anonymous_3)
FN:46,(anonymous_4)
FN:70,(anonymous_5)
FN:91,(anonymous_6)
FN:112,(anonymous_7)
FN:140,(anonymous_8)
FN:172,appendClauseToString
FN:179,appendColumnsToString
FN:188,isEmpty
FNF:11
FNH:10
FNDA:13388,(anonymous_1)
FNDA:1750,(anonymous_2)
FNDA:0,(anonymous_3)
FNDA:1128,(anonymous_4)
FNDA:178,(anonymous_5)
FNDA:1131,(anonymous_6)
FNDA:1,(anonymous_7)
FNDA:3,(anonymous_8)
FNDA:8750,appendClauseToString
FNDA:5,appendColumnsToString
FNDA:3500,isEmpty
DA:6,1
DA:7,13388
DA:10,1
DA:12,1750
DA:13,1750
DA:14,0
DA:17,1750
DA:18,1750
DA:19,179
DA:21,1750
DA:22,5
DA:24,1745
DA:27,1750
DA:28,1750
DA:29,5
DA:31,1750
DA:32,1750
DA:33,1750
DA:34,1750
DA:35,1750
DA:37,1750
DA:40,1
DA:41,0
DA:42,0
DA:43,0
DA:46,1
DA:47,1128
DA:48,178
DA:50,950
DA:51,950
DA:52,950
DA:53,950
DA:54,950
DA:55,6573
DA:56,5775
DA:57,4825
DA:58,4825
DA:60,5775
DA:61,5775
DA:62,5775
DA:66,950
DA:67,950
DA:70,1
DA:71,178
DA:72,178
DA:73,178
DA:74,178
DA:75,178
DA:76,178
DA:77,910
DA:78,910
DA:79,732
DA:80,732
DA:82,910
DA:83,910
DA:84,910
DA:87,178
DA:88,178
DA:91,1
DA:92,1131
DA:93,1131
DA:94,178
DA:95,178
DA:96,910
DA:99,953
DA:100,6579
DA:101,5781
DA:102,46
DA:104,5735
DA:109,1131
DA:112,1
DA:113,1
DA:114,1
DA:115,1
DA:116,1
DA:117,1
DA:118,0
DA:120,1
DA:121,1
DA:122,1
DA:123,1
DA:125,1
DA:126,1
DA:127,1
DA:130,1
DA:131,1
DA:132,1
DA:134,1
DA:140,1
DA:141,3
DA:142,3
DA:143,3
DA:144,0
DA:146,0
DA:147,0
DA:148,0
DA:149,0
DA:151,0
DA:152,0
DA:153,0
DA:156,3
DA:157,6
DA:158,3
DA:160,6
DA:162,6
DA:163,6
DA:164,6
DA:169,3
DA:172,1
DA:173,8750
DA:174,1714
DA:176,8750
DA:179,1
DA:180,5
DA:181,5
DA:182,0
DA:184,5
DA:185,5
DA:188,1
DA:189,3500
LF:120
LH:106
BRDA:13,1,0,0
BRDA:13,1,1,1750
BRDA:13,2,0,1750
BRDA:13,2,1,1750
BRDA:18,3,0,179
BRDA:18,3,1,1571
BRDA:21,4,0,5
BRDA:21,4,1,1745
BRDA:21,5,0,1750
BRDA:21,5,1,5
BRDA:28,6,0,5
BRDA:28,6,1,1745
BRDA:47,7,0,178
BRDA:47,7,1,950
BRDA:55,8,0,5775
BRDA:55,8,1,798
BRDA:56,9,0,4825
BRDA:56,9,1,950
BRDA:78,10,0,732
BRDA:78,10,1,178
BRDA:93,11,0,178
BRDA:93,11,1,953
BRDA:100,12,0,5781
BRDA:100,12,1,798
BRDA:101,13,0,46
BRDA:101,13,1,5735
BRDA:117,14,0,0
BRDA:117,14,1,1
BRDA:125,15,0,1
BRDA:125,15,1,0
BRDA:130,16,0,1
BRDA:130,16,1,0
BRDA:143,17,0,0
BRDA:143,17,1,3
BRDA:148,18,0,0
BRDA:148,18,1,0
BRDA:157,19,0,3
BRDA:157,19,1,3
BRDA:162,20,0,6
BRDA:162,20,1,0
BRDA:173,21,0,1714
BRDA:173,21,1,7036
BRDA:189,22,0,3500
BRDA:189,22,1,0
BRF:44
BRH:35
end_of_record
TN:
SF:/data/github/geopackage-js/lib/dao/columnValues.js
FN:2,(anonymous_1)
FN:9,(anonymous_2)
FN:13,(anonymous_3)
FN:18,(anonymous_4)
FNF:4
FNH:3
FNDA:739,(anonymous_1)
FNDA:0,(anonymous_2)
FNDA:1476,(anonymous_3)
FNDA:1515,(anonymous_4)
DA:2,1
DA:3,739
DA:4,739
DA:7,1
DA:9,1
DA:10,0
DA:13,1
DA:14,1476
DA:15,1476
DA:18,1
DA:19,1515
LF:11
LH:10
BRF:0
BRH:0
end_of_record
TN:
SF:/data/github/geopackage-js/lib/core/srs/index.js
FN:16,(anonymous_1)
FN:78,(anonymous_2)
FN:84,(anonymous_3)
FN:93,(anonymous_4)
FN:97,(anonymous_5)
FN:115,(anonymous_6)
FN:134,(anonymous_7)
FN:153,(anonymous_8)
FN:172,(anonymous_9)
FN:191,(anonymous_10)
FN:202,(anonymous_11)
FN:212,(anonymous_12)
FN:222,(anonymous_13)
FN:232,(anonymous_14)
FN:242,(anonymous_15)
FN:252,(anonymous_16)
FNF:16
FNH:9
FNDA:419,(anonymous_1)
FNDA:378,(anonymous_2)
FNDA:256,(anonymous_3)
FNDA:4,(anonymous_4)
FNDA:5,(anonymous_5)
FNDA:40,(anonymous_6)
FNDA:40,(anonymous_7)
FNDA:40,(anonymous_8)
FNDA:43,(anonymous_9)
FNDA:0,(anonymous_10)
FNDA:0,(anonymous_11)
FNDA:0,(anonymous_12)
FNDA:0,(anonymous_13)
FNDA:0,(anonymous_14)
FNDA:0,(anonymous_15)
FNDA:0,(anonymous_16)
DA:7,1
DA:9,1
DA:16,1
DA:21,419
DA:26,419
DA:32,419
DA:38,419
DA:44,419
DA:50,419
DA:78,1
DA:79,378
DA:82,1
DA:84,1
DA:85,256
DA:93,1
DA:94,4
DA:97,1
DA:98,5
DA:99,2
DA:100,3
DA:101,2
DA:102,1
DA:103,0
DA:105,1
DA:115,1
DA:116,40
DA:117,40
DA:118,40
DA:119,40
DA:120,40
DA:121,40
DA:122,40
DA:125,40
DA:134,1
DA:135,40
DA:136,40
DA:137,40
DA:138,40
DA:139,40
DA:140,40
DA:141,40
DA:144,40
DA:153,1
DA:154,40
DA:155,40
DA:156,40
DA:157,40
DA:158,40
DA:159,40
DA:160,40
DA:163,40
DA:172,1
DA:173,43
DA:174,43
DA:175,43
DA:176,43
DA:177,43
DA:178,43
DA:179,43
DA:182,43
DA:191,1
DA:192,0
DA:202,1
DA:203,0
DA:212,1
DA:213,0
DA:222,1
DA:223,0
DA:232,1
DA:233,0
DA:242,1
DA:243,0
DA:252,1
DA:253,0
DA:260,1
DA:266,1
DA:272,1
DA:278,1
DA:284,1
DA:290,1
DA:296,1
DA:302,1
DA:305,1
DA:307,1
DA:308,1
LF:85
LH:77
BRDA:98,1,0,2
BRDA:98,1,1,3
BRDA:98,2,0,5
BRDA:98,2,1,2
BRDA:98,2,2,0
BRDA:100,3,0,2
BRDA:100,3,1,1
BRDA:100,4,0,3
BRDA:100,4,1,3
BRDA:100,4,2,3
BRDA:102,5,0,0
BRDA:102,5,1,1
BRDA:102,6,0,1
BRDA:102,6,1,1
BRF:14
BRH:12
end_of_record
TN:
SF:/data/github/geopackage-js/lib/core/contents/index.js
FN:21,(anonymous_1)
FN:93,(anonymous_2)
FN:99,(anonymous_3)
FN:103,(anonymous_4)
FN:104,(anonymous_5)
FN:110,(anonymous_6)
FN:114,(anonymous_7)
FN:118,(anonymous_8)
FN:122,(anonymous_9)
FN:126,(anonymous_10)
FN:130,(anonymous_11)
FN:134,(anonymous_12)
FN:138,(anonymous_13)
FN:142,(anonymous_14)
FN:146,(anonymous_15)
FN:150,(anonymous_16)
FN:154,(anonymous_17)
FN:158,(anonymous_18)
FN:163,(anonymous_19)
FN:167,(anonymous_20)
FN:175,(anonymous_21)
FN:177,(anonymous_22)
FN:185,(anonymous_23)
FN:187,(anonymous_24)
FN:199,(anonymous_25)
FN:205,(anonymous_26)
FN:209,(anonymous_27)
FN:213,(anonymous_28)
FNF:28
FNH:16
FNDA:39,(anonymous_1)
FNDA:119,(anonymous_2)
FNDA:25,(anonymous_3)
FNDA:2,(anonymous_4)
FNDA:2,(anonymous_5)
FNDA:0,(anonymous_6)
FNDA:0,(anonymous_7)
FNDA:0,(anonymous_8)
FNDA:0,(anonymous_9)
FNDA:0,(anonymous_10)
FNDA:0,(anonymous_11)
FNDA:0,(anonymous_12)
FNDA:0,(anonymous_13)
FNDA:0,(anonymous_14)
FNDA:0,(anonymous_15)
FNDA:0,(anonymous_16)
FNDA:0,(anonymous_17)
FNDA:8,(anonymous_18)
FNDA:3,(anonymous_19)
FNDA:3,(anonymous_20)
FNDA:3,(anonymous_21)
FNDA:3,(anonymous_22)
FNDA:2,(anonymous_23)
FNDA:2,(anonymous_24)
FNDA:3,(anonymous_25)
FNDA:10,(anonymous_26)
FNDA:3,(anonymous_27)
FNDA:2,(anonymous_28)
DA:7,1
DA:13,1
DA:21,1
DA:26,39
DA:34,39
DA:40,39
DA:46,39
DA:53,39
DA:59,39
DA:65,39
DA:71,39
DA:77,39
DA:83,39
DA:93,1
DA:94,119
DA:97,1
DA:99,1
DA:100,25
DA:103,1
DA:104,2
DA:105,2
DA:106,2
DA:110,1
DA:111,0
DA:114,1
DA:115,0
DA:118,1
DA:119,0
DA:122,1
DA:123,0
DA:126,1
DA:127,0
DA:130,1
DA:131,0
DA:134,1
DA:135,0
DA:138,1
DA:139,0
DA:142,1
DA:143,0
DA:146,1
DA:147,0
DA:150,1
DA:151,0
DA:154,1
DA:155,0
DA:158,1
DA:159,8
DA:160,8
DA:163,1
DA:164,3
DA:166,3
DA:167,3
DA:168,3
DA:169,2
DA:170,2
DA:171,2
DA:175,1
DA:176,3
DA:177,3
DA:178,3
DA:179,2
DA:180,2
DA:181,2
DA:185,1
DA:186,2
DA:187,2
DA:188,2
DA:189,1
DA:190,1
DA:191,4
DA:192,4
DA:193,4
DA:195,1
DA:199,1
DA:201,3
DA:202,3
DA:205,1
DA:206,10
DA:209,1
DA:210,3
DA:213,1
DA:214,2
DA:217,1
DA:218,1
DA:219,1
DA:220,1
DA:221,1
DA:222,1
DA:223,1
DA:224,1
DA:225,1
DA:226,1
DA:227,1
DA:228,1
DA:230,1
DA:231,1
DA:233,1
DA:234,1
DA:236,1
DA:237,1
LF:101
LH:89
BRDA:168,1,0,1
BRDA:168,1,1,2
BRDA:168,2,0,3
BRDA:168,2,1,3
BRDA:168,2,2,3
BRDA:178,3,0,1
BRDA:178,3,1,2
BRDA:178,4,0,3
BRDA:178,4,1,3
BRDA:178,4,2,3
BRDA:188,5,0,1
BRDA:188,5,1,1
BRDA:188,6,0,2
BRDA:188,6,1,2
BRDA:188,6,2,2
BRF:15
BRH:15
end_of_record
TN:
SF:/data/github/geopackage-js/lib/tiles/matrix/index.js
FN:21,(anonymous_1)
FN:77,(anonymous_2)
FN:83,(anonymous_3)
FN:92,(anonymous_4)
FN:97,(anonymous_5)
FN:103,(anonymous_6)
FN:108,(anonymous_7)
FNF:7
FNH:7
FNDA:842,(anonymous_1)
FNDA:232,(anonymous_2)
FNDA:7,(anonymous_3)
FNDA:1,(anonymous_4)
FNDA:1,(anonymous_5)
FNDA:1,(anonymous_6)
FNDA:1,(anonymous_7)
DA:7,1
DA:11,1
DA:21,1
DA:27,842
DA:33,842
DA:39,842
DA:45,842
DA:51,842
DA:57,842
DA:63,842
DA:69,842
DA:77,1
DA:78,232
DA:81,1
DA:83,1
DA:84,7
DA:92,1
DA:93,1
DA:94,1
DA:97,1
DA:98,1
DA:100,1
DA:103,1
DA:104,1
DA:105,1
DA:108,1
DA:109,1
DA:112,1
DA:113,1
DA:114,1
DA:115,1
DA:116,1
DA:117,1
DA:118,1
DA:119,1
DA:120,1
DA:121,1
DA:122,1
DA:124,1
DA:125,1
DA:126,1
DA:127,1
DA:128,1
DA:129,1
DA:130,1
DA:131,1
DA:134,1
DA:135,1
DA:136,1
DA:138,1
DA:139,1
LF:51
LH:51
BRF:0
BRH:0
end_of_record
TN:
SF:/data/github/geopackage-js/lib/tiles/matrixset/index.js
FN:20,(anonymous_1)
FN:59,(anonymous_2)
FN:66,(anonymous_3)
FN:70,(anonymous_4)
FN:76,(anonymous_5)
FN:87,(anonymous_6)
FN:94,(anonymous_7)
FN:102,(anonymous_8)
FN:104,(anonymous_9)
FN:108,(anonymous_10)
FN:113,(anonymous_11)
FN:114,(anonymous_12)
FN:127,(anonymous_13)
FN:132,(anonymous_14)
FN:137,(anonymous_15)
FN:141,(anonymous_16)
FNF:16
FNH:15
FNDA:225,(anonymous_1)
FNDA:1,(anonymous_2)
FNDA:477,(anonymous_3)
FNDA:9,(anonymous_4)
FNDA:0,(anonymous_5)
FNDA:457,(anonymous_6)
FNDA:8,(anonymous_7)
FNDA:6,(anonymous_8)
FNDA:6,(anonymous_9)
FNDA:6,(anonymous_10)
FNDA:1,(anonymous_11)
FNDA:1,(anonymous_12)
FNDA:212,(anonymous_13)
FNDA:3,(anonymous_14)
FNDA:213,(anonymous_15)
FNDA:3,(anonymous_16)
DA:7,1
DA:12,1
DA:20,1
DA:26,225
DA:32,225
DA:38,225
DA:44,225
DA:50,225
DA:56,225
DA:59,1
DA:60,1
DA:61,1
DA:62,1
DA:63,1
DA:66,1
DA:67,477
DA:70,1
DA:71,9
DA:72,9
DA:76,1
DA:77,0
DA:78,0
DA:87,1
DA:88,457
DA:89,457
DA:92,1
DA:94,1
DA:95,8
DA:102,1
DA:103,6
DA:104,6
DA:105,6
DA:106,6
DA:107,6
DA:109,6
DA:113,1
DA:114,1
DA:115,1
DA:116,1
DA:117,1
DA:118,1
DA:127,1
DA:128,212
DA:129,212
DA:132,1
DA:133,3
DA:134,3
DA:137,1
DA:138,213
DA:141,1
DA:142,3
DA:143,3
DA:146,1
DA:147,1
DA:148,1
DA:149,1
DA:150,1
DA:151,1
DA:153,1
DA:154,1
DA:155,1
DA:156,1
DA:157,1
DA:158,1
DA:159,1
DA:160,1
DA:162,1
DA:163,1
DA:164,1
DA:166,1
DA:167,1
DA:168,1
DA:169,1
DA:170,1
DA:171,1
DA:172,1
DA:174,1
DA:175,1
LF:78
LH:76
BRDA:71,1,0,9
BRDA:71,1,1,0
BRDA:71,2,0,9
BRDA:71,2,1,9
BRDA:77,3,0,0
BRDA:77,3,1,0
BRDA:105,4,0,0
BRDA:105,4,1,6
BRDA:115,5,0,0
BRDA:115,5,1,1
BRDA:116,6,0,0
BRDA:116,6,1,1
BRF:12
BRH:6
end_of_record
TN:
SF:/data/github/geopackage-js/lib/boundingBox.js
FN:11,(anonymous_1)
FN:34,(anonymous_2)
FN:43,(anonymous_3)
FN:67,(anonymous_4)
FN:82,(anonymous_5)
FNF:5
FNH:5
FNDA:1266,(anonymous_1)
FNDA:5,(anonymous_2)
FNDA:1,(anonymous_3)
FNDA:3,(anonymous_4)
FNDA:307,(anonymous_5)
DA:1,1
DA:11,1
DA:13,1266
DA:14,1265
DA:15,1265
DA:16,1265
DA:17,1265
DA:19,1
DA:20,1
DA:21,1
DA:22,1
DA:23,1
DA:27,1
DA:34,1
DA:35,5
DA:43,1
DA:44,1
DA:67,1
DA:68,3
DA:69,1
DA:72,2
DA:73,1
DA:76,1
DA:82,1
DA:83,307
DA:84,301
DA:85,301
DA:86,301
DA:87,6
DA:88,6
DA:89,6
DA:90,6
DA:92,301
DA:93,301
DA:94,301
DA:95,301
DA:97,6
LF:37
LH:37
BRDA:13,1,0,1265
BRDA:13,1,1,1
BRDA:68,2,0,1
BRDA:68,2,1,2
BRDA:72,3,0,1
BRDA:72,3,1,1
BRDA:76,4,0,1
BRDA:76,4,1,1
BRDA:76,4,2,1
BRDA:76,4,3,1
BRDA:83,5,0,301
BRDA:83,5,1,6
BRDA:83,6,0,307
BRDA:83,6,1,307
BRDA:83,6,2,307
BRDA:83,6,3,301
BRDA:86,7,0,6
BRDA:86,7,1,295
BRDA:86,8,0,301
BRDA:86,8,1,296
BRDA:87,9,0,2
BRDA:87,9,1,4
BRDA:88,10,0,0
BRDA:88,10,1,6
BRDA:89,11,0,0
BRDA:89,11,1,6
BRDA:90,12,0,0
BRDA:90,12,1,6
BRF:28
BRH:25
end_of_record
TN:
SF:/data/github/geopackage-js/lib/db/tableCreator.js
FN:7,(anonymous_1)
FN:17,(anonymous_2)
FN:33,(anonymous_3)
FN:41,(anonymous_4)
FN:45,(anonymous_5)
FN:49,(anonymous_6)
FN:53,(anonymous_7)
FN:57,(anonymous_8)
FN:61,(anonymous_9)
FN:65,(anonymous_10)
FN:69,(anonymous_11)
FN:73,(anonymous_12)
FN:77,(anonymous_13)
FN:81,(anonymous_14)
FN:85,(anonymous_15)
FN:89,(anonymous_16)
FN:93,(anonymous_17)
FN:95,(anonymous_18)
FN:100,(anonymous_19)
FN:102,(anonymous_20)
FNF:20
FNH:20
FNDA:201,(anonymous_1)
FNDA:40,(anonymous_2)
FNDA:40,(anonymous_3)
FNDA:41,(anonymous_4)
FNDA:41,(anonymous_5)
FNDA:8,(anonymous_6)
FNDA:11,(anonymous_7)
FNDA:11,(anonymous_8)
FNDA:3,(anonymous_9)
FNDA:4,(anonymous_10)
FNDA:6,(anonymous_11)
FNDA:6,(anonymous_12)
FNDA:4,(anonymous_13)
FNDA:3,(anonymous_14)
FNDA:3,(anonymous_15)
FNDA:1,(anonymous_16)
FNDA:142,(anonymous_17)
FNDA:410,(anonymous_18)
FNDA:19,(anonymous_19)
FNDA:19,(anonymous_20)
DA:1,1
DA:3,1
DA:7,1
DA:8,201
DA:9,6
DA:11,195
DA:15,1
DA:17,1
DA:18,40
DA:20,40
DA:34,40
DA:35,0
DA:37,40
DA:41,1
DA:42,41
DA:45,1
DA:46,41
DA:49,1
DA:50,8
DA:53,1
DA:54,11
DA:57,1
DA:58,11
DA:61,1
DA:62,3
DA:65,1
DA:66,4
DA:69,1
DA:70,6
DA:73,1
DA:74,6
DA:77,1
DA:78,4
DA:81,1
DA:82,3
DA:85,1
DA:86,3
DA:89,1
DA:90,1
DA:93,1
DA:94,142
DA:95,142
DA:96,410
DA:100,1
DA:101,19
DA:102,19
DA:103,19
DA:104,0
DA:106,19
DA:108,19
DA:109,19
DA:110,127
DA:111,127
DA:112,108
DA:114,127
DA:115,127
DA:116,14
DA:117,14
DA:118,7
DA:120,14
DA:122,127
DA:123,55
DA:125,127
DA:126,19
DA:128,127
DA:129,2
DA:130,1
DA:132,1
DA:137,19
DA:138,0
DA:139,0
DA:140,0
DA:141,0
DA:142,0
DA:143,0
DA:145,0
DA:147,0
DA:150,19
DA:151,7
DA:154,19
DA:156,19
DA:160,1
LF:82
LH:72
BRDA:8,1,0,6
BRDA:8,1,1,195
BRDA:34,2,0,0
BRDA:34,2,1,40
BRDA:103,3,0,0
BRDA:103,3,1,19
BRDA:103,4,0,19
BRDA:103,4,1,19
BRDA:111,5,0,108
BRDA:111,5,1,19
BRDA:115,6,0,14
BRDA:115,6,1,113
BRDA:117,7,0,7
BRDA:117,7,1,7
BRDA:122,8,0,55
BRDA:122,8,1,72
BRDA:125,9,0,19
BRDA:125,9,1,108
BRDA:128,10,0,2
BRDA:128,10,1,125
BRDA:129,11,0,1
BRDA:129,11,1,1
BRDA:142,12,0,0
BRDA:142,12,1,0
BRDA:150,13,0,7
BRDA:150,13,1,12
BRF:26
BRH:22
end_of_record
TN:
SF:/data/github/geopackage-js/lib/db/geoPackageConnection.js
FN:3,(anonymous_1)
FN:10,(anonymous_2)
FN:16,(anonymous_3)
FN:20,(anonymous_4)
FN:24,(anonymous_5)
FN:28,(anonymous_6)
FN:32,(anonymous_7)
FN:36,(anonymous_8)
FN:40,(anonymous_9)
FN:44,(anonymous_10)
FN:52,(anonymous_11)
FN:58,(anonymous_12)
FN:62,(anonymous_13)
FN:71,(anonymous_14)
FN:77,(anonymous_15)
FN:86,(anonymous_16)
FN:92,(anonymous_17)
FN:96,(anonymous_18)
FN:100,(anonymous_19)
FN:110,(anonymous_20)
FN:114,(anonymous_21)
FN:118,(anonymous_22)
FN:124,(anonymous_23)
FN:125,(anonymous_24)
FN:135,(anonymous_25)
FN:139,(anonymous_26)
FN:140,(anonymous_27)
FNF:27
FNH:26
FNDA:159,(anonymous_1)
FNDA:159,(anonymous_2)
FNDA:142,(anonymous_3)
FNDA:1,(anonymous_4)
FNDA:67,(anonymous_5)
FNDA:1,(anonymous_6)
FNDA:1443,(anonymous_7)
FNDA:0,(anonymous_8)
FNDA:433,(anonymous_9)
FNDA:752,(anonymous_10)
FNDA:249,(anonymous_11)
FNDA:1,(anonymous_12)
FNDA:8,(anonymous_13)
FNDA:8,(anonymous_14)
FNDA:8,(anonymous_15)
FNDA:8,(anonymous_16)
FNDA:15,(anonymous_17)
FNDA:1128,(anonymous_18)
FNDA:5,(anonymous_19)
FNDA:1,(anonymous_20)
FNDA:19,(anonymous_21)
FNDA:1,(anonymous_22)
FNDA:1,(anonymous_23)
FNDA:1,(anonymous_24)
FNDA:158,(anonymous_25)
FNDA:1,(anonymous_26)
FNDA:1,(anonymous_27)
DA:1,1
DA:3,1
DA:4,159
DA:5,159
DA:7,0
DA:10,159
DA:11,159
DA:12,159
DA:16,1
DA:17,142
DA:20,1
DA:21,1
DA:24,1
DA:25,67
DA:28,1
DA:29,1
DA:32,1
DA:33,1443
DA:36,1
DA:37,0
DA:40,1
DA:41,433
DA:44,1
DA:45,752
DA:46,273
DA:47,273
DA:49,752
DA:52,1
DA:53,249
DA:54,35
DA:55,35
DA:56,35
DA:58,249
DA:59,249
DA:62,1
DA:63,8
DA:64,8
DA:65,8
DA:66,8
DA:67,8
DA:69,8
DA:71,8
DA:72,8
DA:73,8
DA:77,1
DA:78,8
DA:79,8
DA:80,8
DA:81,8
DA:82,8
DA:84,8
DA:86,8
DA:87,8
DA:88,8
DA:92,1
DA:93,15
DA:96,1
DA:97,1128
DA:100,1
DA:101,5
DA:103,5
DA:104,5
DA:107,5
DA:110,1
DA:111,1
DA:114,1
DA:115,19
DA:118,1
DA:119,1
DA:120,1
DA:121,1
DA:124,1
DA:125,1
DA:126,1
DA:127,0
DA:129,1
DA:133,1
DA:135,1
DA:136,158
DA:139,1
DA:140,1
DA:141,1
DA:142,1
LF:83
LH:80
BRDA:4,1,0,159
BRDA:4,1,1,0
BRDA:4,2,0,159
BRDA:4,2,1,159
BRDA:45,3,0,273
BRDA:45,3,1,479
BRDA:53,4,0,35
BRDA:53,4,1,214
BRDA:58,5,0,1
BRDA:58,5,1,248
BRDA:64,6,0,8
BRDA:64,6,1,0
BRDA:66,7,0,8
BRDA:66,7,1,0
BRDA:72,8,0,0
BRDA:72,8,1,8
BRDA:72,9,0,8
BRDA:72,9,1,8
BRDA:79,10,0,8
BRDA:79,10,1,0
BRDA:81,11,0,8
BRDA:81,11,1,0
BRDA:87,12,0,0
BRDA:87,12,1,8
BRDA:87,13,0,8
BRDA:87,13,1,8
BRDA:103,14,0,5
BRDA:103,14,1,0
BRDA:126,15,0,0
BRDA:126,15,1,1
BRDA:126,16,0,1
BRDA:126,16,1,1
BRF:32
BRH:23
end_of_record
TN:
SF:/data/github/geopackage-js/lib/geoPackageConstants.js
FNF:0
FNH:0
DA:7,1
DA:9,1
DA:11,1
DA:13,1
DA:15,1
DA:17,1
DA:19,1
DA:21,1
LF:8
LH:8
BRF:0
BRH:0
end_of_record
TN:
SF:/data/github/geopackage-js/lib/geoPackage.js
FN:47,(anonymous_1)
FN:54,(anonymous_2)
FN:58,(anonymous_3)
FN:62,(anonymous_4)
FN:66,(anonymous_5)
FN:74,(anonymous_6)
FN:78,(anonymous_7)
FN:82,(anonymous_8)
FN:86,(anonymous_9)
FN:90,(anonymous_10)
FN:94,(anonymous_11)
FN:98,(anonymous_12)
FN:102,(anonymous_13)
FN:106,(anonymous_14)
FN:110,(anonymous_15)
FN:115,(anonymous_16)
FN:118,(anonymous_17)
FN:119,(anonymous_18)
FN:124,(anonymous_19)
FN:126,(anonymous_20)
FN:127,(anonymous_21)
FN:135,(anonymous_22)
FN:137,(anonymous_23)
FN:142,(anonymous_24)
FN:144,(anonymous_25)
FN:160,(anonymous_26)
FN:162,(anonymous_27)
FN:174,(anonymous_28)
FN:176,(anonymous_29)
FN:184,(anonymous_30)
FN:188,(anonymous_31)
FN:192,(anonymous_32)
FN:196,(anonymous_33)
FN:206,(anonymous_34)
FN:212,(anonymous_35)
FN:227,(anonymous_36)
FN:229,(anonymous_37)
FN:239,(anonymous_38)
FN:242,(anonymous_39)
FN:254,(anonymous_40)
FN:256,(anonymous_41)
FN:269,(anonymous_42)
FN:273,(anonymous_43)
FN:277,(anonymous_44)
FN:278,(anonymous_45)
FN:280,(anonymous_46)
FN:292,(anonymous_47)
FN:294,(anonymous_48)
FN:296,(anonymous_49)
FN:298,(anonymous_50)
FN:300,done
FN:317,(anonymous_52)
FN:319,(anonymous_53)
FN:331,(anonymous_54)
FN:333,(anonymous_55)
FN:346,(anonymous_56)
FN:359,(anonymous_57)
FN:365,(anonymous_58)
FN:370,(anonymous_59)
FN:389,(anonymous_60)
FN:393,(anonymous_61)
FN:398,(anonymous_62)
FN:404,(anonymous_63)
FN:407,(anonymous_64)
FN:433,(anonymous_65)
FN:434,(anonymous_66)
FN:448,(anonymous_67)
FN:450,(anonymous_68)
FN:462,(anonymous_69)
FN:464,(anonymous_70)
FN:472,(anonymous_71)
FN:474,(anonymous_72)
FN:482,(anonymous_73)
FN:484,(anonymous_74)
FN:492,(anonymous_75)
FN:494,(anonymous_76)
FN:502,(anonymous_77)
FN:504,(anonymous_78)
FN:512,(anonymous_79)
FN:514,(anonymous_80)
FN:522,(anonymous_81)
FN:530,(anonymous_82)
FN:535,(anonymous_83)
FN:538,(anonymous_84)
FN:544,(anonymous_85)
FN:545,(anonymous_86)
FN:549,(anonymous_87)
FN:558,(anonymous_88)
FN:564,(anonymous_89)
FN:580,(anonymous_90)
FN:592,(anonymous_91)
FN:601,(anonymous_92)
FN:614,(anonymous_93)
FN:617,(anonymous_94)
FN:619,(anonymous_95)
FN:634,(anonymous_96)
FNF:96
FNH:95
FNDA:140,(anonymous_1)
FNDA:111,(anonymous_2)
FNDA:476,(anonymous_3)
FNDA:67,(anonymous_4)
FNDA:1,(anonymous_5)
FNDA:1,(anonymous_6)
FNDA:82,(anonymous_7)
FNDA:89,(anonymous_8)
FNDA:233,(anonymous_9)
FNDA:226,(anonymous_10)
FNDA:18,(anonymous_11)
FNDA:2,(anonymous_12)
FNDA:1,(anonymous_13)
FNDA:1,(anonymous_14)
FNDA:1,(anonymous_15)
FNDA:209,(anonymous_16)
FNDA:209,(anonymous_17)
FNDA:815,(anonymous_18)
FNDA:209,(anonymous_19)
FNDA:209,(anonymous_20)
FNDA:209,(anonymous_21)
FNDA:1,(anonymous_22)
FNDA:1,(anonymous_23)
FNDA:208,(anonymous_24)
FNDA:208,(anonymous_25)
FNDA:5,(anonymous_26)
FNDA:5,(anonymous_27)
FNDA:4,(anonymous_28)
FNDA:4,(anonymous_29)
FNDA:63,(anonymous_30)
FNDA:1,(anonymous_31)
FNDA:9,(anonymous_32)
FNDA:9,(anonymous_33)
FNDA:47,(anonymous_34)
FNDA:47,(anonymous_35)
FNDA:1,(anonymous_36)
FNDA:1,(anonymous_37)
FNDA:46,(anonymous_38)
FNDA:46,(anonymous_39)
FNDA:8,(anonymous_40)
FNDA:8,(anonymous_41)
FNDA:6,(anonymous_42)
FNDA:3,(anonymous_43)
FNDA:5,(anonymous_44)
FNDA:5,(anonymous_45)
FNDA:5,(anonymous_46)
FNDA:5,(anonymous_47)
FNDA:5,(anonymous_48)
FNDA:1,(anonymous_49)
FNDA:1,(anonymous_50)
FNDA:1,done
FNDA:10,(anonymous_52)
FNDA:10,(anonymous_53)
FNDA:10,(anonymous_54)
FNDA:10,(anonymous_55)
FNDA:11,(anonymous_56)
FNDA:9,(anonymous_57)
FNDA:9,(anonymous_58)
FNDA:9,(anonymous_59)
FNDA:9,(anonymous_60)
FNDA:9,(anonymous_61)
FNDA:7,(anonymous_62)
FNDA:26,(anonymous_63)
FNDA:19,(anonymous_64)
FNDA:173,(anonymous_65)
FNDA:173,(anonymous_66)
FNDA:2,(anonymous_67)
FNDA:2,(anonymous_68)
FNDA:1,(anonymous_69)
FNDA:1,(anonymous_70)
FNDA:5,(anonymous_71)
FNDA:5,(anonymous_72)
FNDA:5,(anonymous_73)
FNDA:5,(anonymous_74)
FNDA:1,(anonymous_75)
FNDA:1,(anonymous_76)
FNDA:1,(anonymous_77)
FNDA:1,(anonymous_78)
FNDA:1,(anonymous_79)
FNDA:1,(anonymous_80)
FNDA:0,(anonymous_81)
FNDA:1,(anonymous_82)
FNDA:3,(anonymous_83)
FNDA:3,(anonymous_84)
FNDA:3,(anonymous_85)
FNDA:3,(anonymous_86)
FNDA:3,(anonymous_87)
FNDA:3,(anonymous_88)
FNDA:3,(anonymous_89)
FNDA:3,(anonymous_90)
FNDA:3,(anonymous_91)
FNDA:3,(anonymous_92)
FNDA:3,(anonymous_93)
FNDA:15,(anonymous_94)
FNDA:15,(anonymous_95)
FNDA:3,(anonymous_96)
DA:6,1
DA:32,1
DA:36,1
DA:37,1
DA:38,4365
DA:39,4365
DA:47,1
DA:48,140
DA:49,140
DA:50,140
DA:51,140
DA:54,1
DA:55,111
DA:58,1
DA:59,476
DA:62,1
DA:63,67
DA:66,1
DA:67,1
DA:74,1
DA:75,1
DA:78,1
DA:79,82
DA:82,1
DA:83,89
DA:86,1
DA:87,233
DA:90,1
DA:91,226
DA:94,1
DA:95,18
DA:98,1
DA:99,2
DA:102,1
DA:103,1
DA:106,1
DA:107,1
DA:110,1
DA:111,1
DA:112,1
DA:115,1
DA:116,209
DA:117,209
DA:118,209
DA:119,209
DA:120,815
DA:121,815
DA:122,815
DA:123,815
DA:125,209
DA:126,209
DA:127,209
DA:128,209
DA:135,1
DA:136,1
DA:137,1
DA:138,1
DA:142,1
DA:143,208
DA:144,208
DA:145,208
DA:146,0
DA:147,208
DA:148,0
DA:150,208
DA:151,208
DA:152,208
DA:160,1
DA:161,5
DA:162,5
DA:163,5
DA:164,0
DA:166,5
DA:174,1
DA:175,4
DA:176,4
DA:177,4
DA:178,0
DA:180,4
DA:184,1
DA:185,63
DA:188,1
DA:189,1
DA:192,1
DA:193,9
DA:196,1
DA:197,9
DA:206,1
DA:207,47
DA:208,0
DA:211,47
DA:212,47
DA:213,47
DA:214,0
DA:216,47
DA:218,47
DA:227,1
DA:228,1
DA:229,1
DA:230,1
DA:239,1
DA:240,46
DA:241,46
DA:242,46
DA:243,46
DA:244,0
DA:246,46
DA:254,1
DA:255,8
DA:256,8
DA:257,8
DA:258,1
DA:260,7
DA:269,1
DA:270,6
DA:273,1
DA:274,3
DA:277,1
DA:278,5
DA:279,5
DA:280,5
DA:281,5
DA:282,5
DA:283,5
DA:284,5
DA:285,5
DA:286,5
DA:287,5
DA:288,5
DA:289,5
DA:290,5
DA:292,5
DA:293,5
DA:294,5
DA:295,5
DA:296,1
DA:297,1
DA:298,1
DA:299,1
DA:301,1
DA:305,4
DA:317,1
DA:318,10
DA:319,10
DA:320,10
DA:321,0
DA:323,10
DA:331,1
DA:332,10
DA:333,10
DA:334,10
DA:335,0
DA:337,10
DA:346,1
DA:347,11
DA:359,1
DA:360,9
DA:362,9
DA:366,9
DA:367,9
DA:368,9
DA:371,9
DA:372,9
DA:373,9
DA:374,9
DA:375,9
DA:376,9
DA:377,9
DA:378,9
DA:379,9
DA:380,9
DA:382,9
DA:383,9
DA:384,9
DA:385,9
DA:386,9
DA:387,9
DA:388,9
DA:389,9
DA:390,9
DA:394,9
DA:398,1
DA:399,7
DA:401,7
DA:403,7
DA:405,26
DA:408,19
DA:409,19
DA:410,19
DA:412,19
DA:413,19
DA:415,19
DA:416,19
DA:417,19
DA:418,19
DA:419,19
DA:420,19
DA:421,19
DA:422,19
DA:423,19
DA:425,19
DA:427,19
DA:433,1
DA:434,173
DA:435,173
DA:436,173
DA:437,173
DA:438,173
DA:439,173
DA:440,173
DA:448,1
DA:449,2
DA:450,2
DA:451,2
DA:452,0
DA:454,2
DA:462,1
DA:463,1
DA:464,1
DA:465,1
DA:466,0
DA:468,1
DA:472,1
DA:473,5
DA:474,5
DA:475,5
DA:476,0
DA:478,5
DA:482,1
DA:483,5
DA:484,5
DA:485,5
DA:486,0
DA:488,5
DA:492,1
DA:493,1
DA:494,1
DA:495,1
DA:496,0
DA:498,1
DA:502,1
DA:503,1
DA:504,1
DA:505,1
DA:506,0
DA:508,1
DA:512,1
DA:513,1
DA:514,1
DA:515,1
DA:516,0
DA:518,1
DA:522,1
DA:523,0
DA:530,1
DA:531,1
DA:532,1
DA:535,1
DA:536,3
DA:537,3
DA:539,3
DA:540,3
DA:541,3
DA:542,3
DA:545,3
DA:546,3
DA:547,3
DA:550,3
DA:551,1
DA:552,1
DA:553,1
DA:554,1
DA:555,1
DA:556,1
DA:557,1
DA:559,3
DA:560,2
DA:561,2
DA:562,2
DA:563,2
DA:565,3
DA:566,3
DA:567,3
DA:568,1
DA:569,1
DA:570,2
DA:571,2
DA:572,2
DA:573,2
DA:574,2
DA:575,2
DA:576,2
DA:577,2
DA:578,2
DA:580,3
DA:581,3
DA:582,3
DA:583,3
DA:584,3
DA:585,3
DA:586,3
DA:587,3
DA:588,3
DA:589,3
DA:590,3
DA:591,3
DA:592,3
DA:593,3
DA:601,3
DA:602,3
DA:610,3
DA:615,3
DA:616,3
DA:617,3
DA:618,15
DA:619,15
DA:620,15
DA:631,15
DA:632,15
DA:635,3
DA:641,1
LF:321
LH:304
BRDA:38,1,0,4365
BRDA:38,1,1,0
BRDA:145,2,0,0
BRDA:145,2,1,208
BRDA:147,3,0,0
BRDA:147,3,1,208
BRDA:163,4,0,0
BRDA:163,4,1,5
BRDA:177,5,0,0
BRDA:177,5,1,4
BRDA:207,6,0,0
BRDA:207,6,1,47
BRDA:213,7,0,0
BRDA:213,7,1,47
BRDA:243,8,0,0
BRDA:243,8,1,46
BRDA:257,9,0,1
BRDA:257,9,1,7
BRDA:295,10,0,1
BRDA:295,10,1,4
BRDA:320,11,0,0
BRDA:320,11,1,10
BRDA:334,12,0,0
BRDA:334,12,1,10
BRDA:451,13,0,0
BRDA:451,13,1,2
BRDA:465,14,0,0
BRDA:465,14,1,1
BRDA:475,15,0,0
BRDA:475,15,1,5
BRDA:485,16,0,0
BRDA:485,16,1,5
BRDA:495,17,0,0
BRDA:495,17,1,1
BRDA:505,18,0,0
BRDA:505,18,1,1
BRDA:515,19,0,0
BRDA:515,19,1,1
BRDA:550,20,0,2
BRDA:550,20,1,1
BRDA:559,21,0,1
BRDA:559,21,1,2
BRDA:567,22,0,1
BRDA:567,22,1,2
BRDA:570,23,0,2
BRDA:570,23,1,0
BRDA:627,24,0,14
BRDA:627,24,1,1
BRDA:628,25,0,3
BRDA:628,25,1,12
BRDA:628,26,0,15
BRDA:628,26,1,3
BRF:52
BRH:34
end_of_record
TN:
SF:/data/github/geopackage-js/lib/features/user/featureDao.js
FN:30,(anonymous_1)
FN:48,(anonymous_2)
FN:59,(anonymous_3)
FN:68,(anonymous_4)
FN:78,(anonymous_5)
FN:86,(anonymous_6)
FN:94,(anonymous_7)
FN:102,(anonymous_8)
FN:110,(anonymous_9)
FN:118,(anonymous_10)
FN:122,(anonymous_11)
FN:130,(anonymous_12)
FN:134,(anonymous_13)
FN:135,(anonymous_14)
FN:140,(anonymous_15)
FNF:15
FNH:14
FNDA:47,(anonymous_1)
FNDA:1,(anonymous_2)
FNDA:2981,(anonymous_3)
FNDA:1904,(anonymous_4)
FNDA:2976,(anonymous_5)
FNDA:5,(anonymous_6)
FNDA:55,(anonymous_7)
FNDA:1,(anonymous_8)
FNDA:78,(anonymous_9)
FNDA:1,(anonymous_10)
FNDA:30,(anonymous_11)
FNDA:7,(anonymous_12)
FNDA:5,(anonymous_13)
FNDA:775,(anonymous_14)
FNDA:0,(anonymous_15)
DA:6,1
DA:12,1
DA:30,1
DA:31,47
DA:32,47
DA:33,47
DA:34,47
DA:35,47
DA:46,1
DA:48,1
DA:49,1
DA:50,1
DA:52,0
DA:59,1
DA:60,2981
DA:68,1
DA:69,1904
DA:78,1
DA:79,2976
DA:86,1
DA:87,5
DA:94,1
DA:95,55
DA:102,1
DA:103,1
DA:110,1
DA:111,78
DA:118,1
DA:119,1
DA:122,1
DA:123,30
DA:130,1
DA:131,7
DA:134,1
DA:135,5
DA:136,775
DA:140,1
DA:141,0
DA:157,1
LF:39
LH:37
BRDA:49,1,0,1
BRDA:49,1,1,0
BRF:2
BRH:1
end_of_record
TN:
SF:/data/github/geopackage-js/lib/user/userDao.js
FN:19,(anonymous_1)
FN:34,(anonymous_2)
FN:38,(anonymous_3)
FN:47,(anonymous_4)
FN:65,(anonymous_5)
FN:73,(anonymous_6)
FN:82,(anonymous_7)
FN:97,(anonymous_8)
FNF:8
FNH:5
FNDA:257,(anonymous_1)
FNDA:0,(anonymous_2)
FNDA:0,(anonymous_3)
FNDA:3168,(anonymous_4)
FNDA:2,(anonymous_5)
FNDA:5,(anonymous_6)
FNDA:0,(anonymous_7)
FNDA:14,(anonymous_8)
DA:7,1
DA:10,1
DA:19,1
DA:20,257
DA:21,257
DA:22,257
DA:23,257
DA:24,257
DA:25,256
DA:27,1
DA:29,257
DA:32,1
DA:34,1
DA:35,0
DA:38,1
DA:39,0
DA:47,1
DA:48,3168
DA:49,3168
DA:50,3168
DA:51,3168
DA:52,3168
DA:53,15748
DA:54,15748
DA:56,3168
DA:65,1
DA:66,2
DA:73,1
DA:74,5
DA:82,1
DA:83,0
DA:97,1
DA:98,14
DA:101,1
LF:34
LH:31
BRDA:24,1,0,256
BRDA:24,1,1,1
BRDA:49,2,0,0
BRDA:49,2,1,3168
BRF:4
BRH:3
end_of_record
TN:
SF:/data/github/geopackage-js/lib/user/userRow.js
FN:15,(anonymous_1)
FN:49,(anonymous_2)
FN:57,(anonymous_3)
FN:66,(anonymous_4)
FN:75,(anonymous_5)
FN:84,(anonymous_6)
FN:97,(anonymous_7)
FN:107,(anonymous_8)
FN:116,(anonymous_9)
FN:125,(anonymous_10)
FN:134,(anonymous_11)
FN:143,(anonymous_12)
FN:151,(anonymous_13)
FN:166,(anonymous_14)
FN:174,(anonymous_15)
FN:183,(anonymous_16)
FN:195,(anonymous_17)
FN:204,(anonymous_18)
FN:213,(anonymous_19)
FN:220,(anonymous_20)
FN:230,(anonymous_21)
FNF:21
FNH:18
FNDA:3346,(anonymous_1)
FNDA:2,(anonymous_2)
FNDA:358,(anonymous_3)
FNDA:3862,(anonymous_4)
FNDA:2,(anonymous_5)
FNDA:3680,(anonymous_6)
FNDA:1582,(anonymous_7)
FNDA:4,(anonymous_8)
FNDA:2,(anonymous_9)
FNDA:1584,(anonymous_10)
FNDA:3676,(anonymous_11)
FNDA:47,(anonymous_12)
FNDA:724,(anonymous_13)
FNDA:724,(anonymous_14)
FNDA:2,(anonymous_15)
FNDA:178,(anonymous_16)
FNDA:178,(anonymous_17)
FNDA:538,(anonymous_18)
FNDA:0,(anonymous_19)
FNDA:0,(anonymous_20)
FNDA:0,(anonymous_21)
DA:6,1
DA:15,1
DA:20,3346
DA:25,3346
DA:30,3346
DA:32,3346
DA:33,178
DA:34,178
DA:35,178
DA:43,1
DA:49,1
DA:50,2
DA:57,1
DA:58,358
DA:66,1
DA:67,3862
DA:75,1
DA:76,2
DA:84,1
DA:85,3680
DA:86,3680
DA:87,3680
DA:89,3680
DA:97,1
DA:98,1582
DA:99,1582
DA:100,2
DA:101,1580
DA:102,189
DA:104,1391
DA:107,1
DA:108,4
DA:116,1
DA:117,2
DA:125,1
DA:126,1584
DA:134,1
DA:135,3676
DA:143,1
DA:144,47
DA:151,1
DA:152,724
DA:153,724
DA:158,724
DA:159,724
DA:166,1
DA:167,724
DA:174,1
DA:175,2
DA:183,1
DA:184,178
DA:185,0
DA:187,178
DA:195,1
DA:196,178
DA:204,1
DA:205,538
DA:213,1
DA:214,0
DA:220,1
DA:221,0
DA:230,1
LF:62
LH:59
BRDA:32,1,0,178
BRDA:32,1,1,3168
BRDA:86,2,0,3680
BRDA:86,2,1,0
BRDA:99,3,0,2
BRDA:99,3,1,1580
BRDA:100,4,0,2
BRDA:100,4,1,0
BRDA:101,5,0,189
BRDA:101,5,1,1391
BRDA:184,6,0,0
BRDA:184,6,1,178
BRF:12
BRH:9
end_of_record
TN:
SF:/data/github/geopackage-js/lib/features/user/featureRow.js
FN:18,(anonymous_1)
FN:29,(anonymous_2)
FN:37,(anonymous_3)
FN:45,(anonymous_4)
FN:53,(anonymous_5)
FN:57,(anonymous_6)
FN:66,(anonymous_7)
FNF:7
FNH:6
FNDA:2981,(anonymous_1)
FNDA:0,(anonymous_2)
FNDA:30,(anonymous_3)
FNDA:2954,(anonymous_4)
FNDA:5,(anonymous_5)
FNDA:3672,(anonymous_6)
FNDA:45,(anonymous_7)
DA:6,1
DA:10,1
DA:18,1
DA:19,2981
DA:20,2981
DA:23,1
DA:29,1
DA:30,0
DA:37,1
DA:38,30
DA:45,1
DA:46,2954
DA:53,1
DA:54,5
DA:57,1
DA:58,3672
DA:59,3672
DA:60,3672
DA:61,2937
DA:63,3672
DA:66,1
DA:67,45
DA:68,45
DA:69,45
DA:70,5
DA:73,40
DA:76,1
LF:27
LH:26
BRDA:60,1,0,2937
BRDA:60,1,1,735
BRDA:60,2,0,3672
BRDA:60,2,1,2954
BRDA:69,3,0,5
BRDA:69,3,1,40
BRF:6
BRH:6
end_of_record
TN:
SF:/data/github/geopackage-js/lib/geom/geometryData.js
FN:16,(anonymous_1)
FN:26,(anonymous_2)
FN:30,(anonymous_3)
FN:35,(anonymous_4)
FN:39,(anonymous_5)
FN:67,(anonymous_6)
FN:89,(anonymous_7)
FN:121,(anonymous_8)
FN:143,(anonymous_9)
FN:154,(anonymous_10)
FN:184,(anonymous_11)
FNF:11
FNH:11
FNDA:2961,(anonymous_1)
FNDA:7,(anonymous_2)
FNDA:7,(anonymous_3)
FNDA:1,(anonymous_4)
FNDA:2954,(anonymous_5)
FNDA:7,(anonymous_6)
FNDA:7,(anonymous_7)
FNDA:7,(anonymous_8)
FNDA:1,(anonymous_9)
FNDA:2952,(anonymous_10)
FNDA:2948,(anonymous_11)
DA:6,1
DA:8,1
DA:10,1
DA:11,1
DA:16,1
DA:17,2961
DA:18,2961
DA:19,2961
DA:20,2954
DA:24,1
DA:26,1
DA:27,7
DA:30,1
DA:31,7
DA:32,7
DA:35,1
DA:36,1
DA:39,1
DA:40,2954
DA:41,2954
DA:42,2954
DA:44,2954
DA:45,2954
DA:46,1
DA:49,2953
DA:50,2953
DA:51,1
DA:54,2952
DA:55,2952
DA:57,2948
DA:58,2948
DA:59,2948
DA:61,2948
DA:63,2948
DA:64,2948
DA:67,1
DA:68,7
DA:71,7
DA:74,7
DA:77,7
DA:78,7
DA:81,7
DA:83,7
DA:85,7
DA:86,7
DA:89,1
DA:90,7
DA:92,1
DA:94,1
DA:95,1
DA:96,1
DA:98,1
DA:99,1
DA:101,1
DA:102,1
DA:103,1
DA:104,1
DA:105,1
DA:107,1
DA:108,1
DA:109,1
DA:110,1
DA:111,1
DA:113,1
DA:114,1
DA:115,1
DA:118,1
DA:121,1
DA:122,7
DA:125,7
DA:126,7
DA:129,7
DA:130,7
DA:133,7
DA:134,7
DA:137,7
DA:138,7
DA:140,7
DA:143,1
DA:144,1
DA:145,1
DA:146,1
DA:148,1
DA:149,1
DA:151,1
DA:154,1
DA:156,2952
DA:157,2952
DA:158,2952
DA:159,3
DA:163,2949
DA:164,2949
DA:168,2949
DA:169,2949
DA:173,2949
DA:174,2949
DA:175,1
DA:179,2948
DA:180,2948
DA:181,2948
DA:184,1
DA:185,2948
DA:187,2948
DA:188,2948
DA:189,2948
DA:194,2948
DA:195,2912
DA:197,36
DA:199,36
DA:200,36
DA:201,36
DA:202,36
DA:204,36
DA:205,36
DA:206,36
DA:208,36
DA:209,36
DA:210,36
DA:213,36
DA:214,19
DA:215,19
DA:216,19
DA:220,36
DA:221,4
DA:222,4
DA:223,4
DA:225,36
DA:226,36
DA:227,36
LF:129
LH:129
BRDA:19,1,0,2954
BRDA:19,1,1,7
BRDA:41,2,0,2954
BRDA:41,2,1,0
BRDA:45,3,0,1
BRDA:45,3,1,2953
BRDA:50,4,0,1
BRDA:50,4,1,2952
BRDA:57,5,0,36
BRDA:57,5,1,2912
BRDA:81,6,0,0
BRDA:81,6,1,7
BRDA:90,7,0,6
BRDA:90,7,1,1
BRDA:92,8,0,0
BRDA:92,8,1,1
BRDA:95,9,0,1
BRDA:95,9,1,0
BRDA:98,10,0,1
BRDA:98,10,1,0
BRDA:108,11,0,1
BRDA:108,11,1,0
BRDA:113,12,0,1
BRDA:113,12,1,0
BRDA:125,13,0,0
BRDA:125,13,1,7
BRDA:129,14,0,0
BRDA:129,14,1,7
BRDA:133,15,0,6
BRDA:133,15,1,1
BRDA:137,16,0,7
BRDA:137,16,1,0
BRDA:145,17,0,1
BRDA:145,17,1,0
BRDA:148,18,0,1
BRDA:148,18,1,0
BRDA:158,19,0,3
BRDA:158,19,1,2949
BRDA:158,20,0,2952
BRDA:158,20,1,2950
BRDA:174,21,0,1
BRDA:174,21,1,2948
BRDA:185,22,0,36
BRDA:185,22,1,2912
BRDA:194,23,0,2912
BRDA:194,23,1,36
BRDA:213,24,0,19
BRDA:213,24,1,17
BRDA:213,25,0,36
BRDA:213,25,1,20
BRDA:220,26,0,4
BRDA:220,26,1,32
BRDA:220,27,0,36
BRDA:220,27,1,35
BRF:54
BRH:42
end_of_record
TN:
SF:/data/github/geopackage-js/lib/extension/index/featureTableIndex.js
FN:20,(anonymous_1)
FN:49,(anonymous_2)
FN:53,(anonymous_3)
FN:54,(anonymous_4)
FN:57,(anonymous_5)
FN:59,(anonymous_6)
FN:60,(anonymous_7)
FN:69,(anonymous_8)
FN:70,(anonymous_9)
FN:73,(anonymous_10)
FN:76,(anonymous_11)
FN:90,(anonymous_12)
FN:91,(anonymous_13)
FN:94,(anonymous_14)
FN:97,(anonymous_15)
FN:106,(anonymous_16)
FN:110,(anonymous_17)
FN:111,(anonymous_18)
FN:113,(anonymous_19)
FN:115,(anonymous_20)
FN:116,(anonymous_21)
FN:121,(anonymous_22)
FN:129,(anonymous_23)
FN:136,(anonymous_24)
FN:137,(anonymous_25)
FN:146,(anonymous_26)
FN:147,(anonymous_27)
FN:152,(anonymous_28)
FN:158,(anonymous_29)
FN:161,(anonymous_30)
FN:163,(anonymous_31)
FN:166,(anonymous_32)
FN:171,(anonymous_33)
FN:188,(anonymous_34)
FN:197,(anonymous_35)
FN:203,(anonymous_36)
FNF:36
FNH:34
FNDA:55,(anonymous_1)
FNDA:1,(anonymous_2)
FNDA:2,(anonymous_3)
FNDA:2,(anonymous_4)
FNDA:2,(anonymous_5)
FNDA:2,(anonymous_6)
FNDA:2,(anonymous_7)
FNDA:11,(anonymous_8)
FNDA:11,(anonymous_9)
FNDA:6,(anonymous_10)
FNDA:6,(anonymous_11)
FNDA:12,(anonymous_12)
FNDA:12,(anonymous_13)
FNDA:7,(anonymous_14)
FNDA:7,(anonymous_15)
FNDA:2,(anonymous_16)
FNDA:2,(anonymous_17)
FNDA:2,(anonymous_18)
FNDA:1,(anonymous_19)
FNDA:1,(anonymous_20)
FNDA:1,(anonymous_21)
FNDA:0,(anonymous_22)
FNDA:1,(anonymous_23)
FNDA:8,(anonymous_24)
FNDA:8,(anonymous_25)
FNDA:2,(anonymous_26)
FNDA:2,(anonymous_27)
FNDA:2,(anonymous_28)
FNDA:2,(anonymous_29)
FNDA:0,(anonymous_30)
FNDA:714,(anonymous_31)
FNDA:2,(anonymous_32)
FNDA:715,(anonymous_33)
FNDA:3,(anonymous_34)
FNDA:5,(anonymous_35)
FNDA:5,(anonymous_36)
DA:2,1
DA:11,1
DA:20,1
DA:25,55
DA:27,55
DA:29,55
DA:31,55
DA:33,55
DA:35,55
DA:37,55
DA:39,55
DA:41,55
DA:43,55
DA:47,1
DA:49,1
DA:50,1
DA:53,1
DA:54,2
DA:55,2
DA:56,2
DA:57,2
DA:58,2
DA:59,2
DA:60,2
DA:61,2
DA:69,1
DA:70,11
DA:71,11
DA:72,6
DA:73,6
DA:74,6
DA:75,6
DA:76,6
DA:77,6
DA:78,0
DA:80,6
DA:81,6
DA:85,5
DA:90,1
DA:91,12
DA:92,12
DA:93,7
DA:94,7
DA:95,7
DA:96,7
DA:98,7
DA:101,5
DA:106,1
DA:107,2
DA:110,1
DA:111,2
DA:112,2
DA:113,1
DA:114,1
DA:115,1
DA:116,1
DA:117,1
DA:121,0
DA:122,0
DA:129,1
DA:130,1
DA:131,1
DA:132,1
DA:133,1
DA:136,1
DA:137,8
DA:138,8
DA:139,6
DA:141,2
DA:146,1
DA:147,2
DA:148,2
DA:152,1
DA:153,2
DA:154,2
DA:155,2
DA:158,1
DA:159,2
DA:160,0
DA:161,0
DA:163,2
DA:164,714
DA:165,714
DA:167,2
DA:171,1
DA:172,715
DA:173,715
DA:174,715
DA:175,715
DA:176,715
DA:177,715
DA:180,715
DA:181,715
DA:182,715
DA:184,0
DA:188,1
DA:189,3
DA:190,0
DA:191,0
DA:193,3
DA:194,3
DA:197,1
DA:198,5
DA:199,5
DA:200,5
DA:203,1
DA:204,5
DA:205,5
DA:206,5
DA:207,5
DA:208,5
DA:209,4
DA:210,4
DA:211,4
DA:213,1
DA:214,1
DA:215,1
DA:216,1
DA:217,1
DA:218,1
DA:219,1
DA:220,1
DA:221,1
DA:224,5
DA:225,5
DA:226,5
DA:227,5
DA:229,5
DA:230,5
DA:231,1
DA:233,5
DA:234,5
DA:235,0
DA:236,0
DA:237,0
DA:238,0
DA:239,0
DA:242,5
DA:243,0
DA:244,0
DA:245,0
DA:246,0
DA:247,0
DA:250,5
DA:252,5
DA:255,1
DA:256,1
DA:257,1
DA:259,1
LF:149
LH:131
BRDA:55,1,0,0
BRDA:55,1,1,2
BRDA:56,2,0,2
BRDA:56,2,1,0
BRDA:56,3,0,2
BRDA:56,3,1,1
BRDA:58,4,0,0
BRDA:58,4,1,2
BRDA:71,5,0,6
BRDA:71,5,1,5
BRDA:74,6,0,0
BRDA:74,6,1,6
BRDA:77,7,0,0
BRDA:77,7,1,6
BRDA:77,8,0,6
BRDA:77,8,1,6
BRDA:92,9,0,7
BRDA:92,9,1,5
BRDA:112,10,0,1
BRDA:112,10,1,1
BRDA:114,11,0,1
BRDA:114,11,1,0
BRDA:138,12,0,6
BRDA:138,12,1,2
BRDA:159,13,0,0
BRDA:159,13,1,2
BRDA:172,14,0,0
BRDA:172,14,1,715
BRDA:174,15,0,715
BRDA:174,15,1,0
BRDA:176,16,0,715
BRDA:176,16,1,0
BRDA:180,17,0,715
BRDA:180,17,1,0
BRDA:189,18,0,0
BRDA:189,18,1,3
BRDA:208,19,0,4
BRDA:208,19,1,1
BRDA:230,20,0,1
BRDA:230,20,1,4
BRDA:234,21,0,0
BRDA:234,21,1,5
BRDA:242,22,0,0
BRDA:242,22,1,5
BRF:44
BRH:30
end_of_record
TN:
SF:/data/github/geopackage-js/lib/extension/index.js
FN:22,(anonymous_1)
FN:66,(anonymous_2)
FN:70,(anonymous_3)
FN:74,(anonymous_4)
FN:78,(anonymous_5)
FN:82,(anonymous_6)
FN:86,(anonymous_7)
FN:96,(anonymous_8)
FN:102,(anonymous_9)
FN:106,(anonymous_10)
FN:110,(anonymous_11)
FN:117,(anonymous_12)
FN:125,(anonymous_13)
FNF:13
FNH:5
FNDA:1,(anonymous_1)
FNDA:0,(anonymous_2)
FNDA:0,(anonymous_3)
FNDA:0,(anonymous_4)
FNDA:55,(anonymous_5)
FNDA:0,(anonymous_6)
FNDA:0,(anonymous_7)
FNDA:57,(anonymous_8)
FNDA:0,(anonymous_9)
FNDA:0,(anonymous_10)
FNDA:0,(anonymous_11)
FNDA:8,(anonymous_12)
FNDA:2,(anonymous_13)
DA:7,1
DA:11,1
DA:22,1
DA:30,1
DA:37,1
DA:44,1
DA:51,1
DA:58,1
DA:61,1
DA:63,1
DA:64,1
DA:66,1
DA:67,0
DA:70,1
DA:71,0
DA:74,1
DA:75,0
DA:78,1
DA:79,55
DA:82,1
DA:83,0
DA:86,1
DA:87,0
DA:88,0
DA:96,1
DA:97,57
DA:100,1
DA:102,1
DA:103,0
DA:106,1
DA:107,0
DA:110,1
DA:111,0
DA:112,0
DA:113,0
DA:114,0
DA:117,1
DA:118,8
DA:119,8
DA:120,8
DA:121,8
DA:122,8
DA:125,1
DA:126,2
DA:127,2
DA:130,1
DA:131,1
DA:132,1
DA:133,1
DA:134,1
DA:135,1
DA:137,1
DA:138,1
DA:140,1
DA:141,1
LF:55
LH:43
BRF:0
BRH:0
end_of_record
TN:
SF:/data/github/geopackage-js/lib/extension/baseExtension.js
FN:6,(anonymous_1)
FN:22,(anonymous_2)
FN:23,(anonymous_3)
FN:27,(anonymous_4)
FN:29,(anonymous_5)
FN:47,(anonymous_6)
FN:48,(anonymous_7)
FN:63,(anonymous_8)
FN:67,(anonymous_9)
FNF:9
FNH:7
FNDA:0,(anonymous_1)
FNDA:2,(anonymous_2)
FNDA:2,(anonymous_3)
FNDA:1,(anonymous_4)
FNDA:1,(anonymous_5)
FNDA:2,(anonymous_6)
FNDA:2,(anonymous_7)
FNDA:0,(anonymous_8)
FNDA:1,(anonymous_9)
DA:1,1
DA:6,1
DA:7,0
DA:8,0
DA:11,1
DA:22,1
DA:23,2
DA:24,2
DA:25,1
DA:27,1
DA:28,1
DA:29,1
DA:31,1
DA:34,0
DA:47,1
DA:48,2
DA:49,2
DA:50,1
DA:52,1
DA:63,1
DA:67,1
DA:68,1
DA:69,1
DA:70,1
DA:71,1
DA:72,1
DA:73,1
DA:74,1
LF:28
LH:25
BRDA:24,1,0,1
BRDA:24,1,1,1
BRDA:28,2,0,1
BRDA:28,2,1,0
BRDA:49,3,0,1
BRDA:49,3,1,1
BRF:6
BRH:5
end_of_record
TN:
SF:/data/github/geopackage-js/lib/extension/index/tableIndex.js
FN:16,(anonymous_1)
FN:36,(anonymous_2)
FN:42,(anonymous_3)
FN:46,(anonymous_4)
FN:50,(anonymous_5)
FN:54,(anonymous_6)
FNF:6
FNH:4
FNDA:16,(anonymous_1)
FNDA:56,(anonymous_2)
FNDA:15,(anonymous_3)
FNDA:0,(anonymous_4)
FNDA:0,(anonymous_5)
FNDA:1,(anonymous_6)
DA:7,1
DA:10,1
DA:16,1
DA:22,16
DA:28,16
DA:36,1
DA:37,56
DA:40,1
DA:42,1
DA:43,15
DA:46,1
DA:50,1
DA:54,1
DA:55,1
DA:56,1
DA:60,1
DA:61,1
DA:62,1
DA:64,1
DA:65,1
DA:67,1
DA:68,1
LF:22
LH:22
BRF:0
BRH:0
end_of_record
TN:
SF:/data/github/geopackage-js/lib/extension/index/geometryIndex.js
FN:17,(anonymous_1)
FN:80,(anonymous_2)
FN:93,(anonymous_3)
FN:99,(anonymous_4)
FN:108,(anonymous_5)
FN:113,(anonymous_6)
FN:124,(anonymous_7)
FN:135,(anonymous_8)
FN:147,(anonymous_9)
FN:167,(anonymous_10)
FN:168,(anonymous_11)
FNF:11
FNH:6
FNDA:715,(anonymous_1)
FNDA:715,(anonymous_2)
FNDA:56,(anonymous_3)
FNDA:0,(anonymous_4)
FNDA:0,(anonymous_5)
FNDA:0,(anonymous_6)
FNDA:0,(anonymous_7)
FNDA:0,(anonymous_8)
FNDA:715,(anonymous_9)
FNDA:2,(anonymous_10)
FNDA:2,(anonymous_11)
DA:7,1
DA:11,1
DA:17,1
DA:23,715
DA:29,715
DA:35,715
DA:41,715
DA:47,715
DA:53,715
DA:59,715
DA:65,715
DA:71,715
DA:77,715
DA:80,1
DA:81,715
DA:82,715
DA:84,0
DA:93,1
DA:94,56
DA:97,1
DA:99,1
DA:100,0
DA:108,1
DA:109,0
DA:110,0
DA:113,1
DA:114,0
DA:124,1
DA:125,0
DA:135,1
DA:136,0
DA:147,1
DA:148,715
DA:149,715
DA:150,715
DA:151,715
DA:152,715
DA:153,715
DA:154,715
DA:155,715
DA:156,0
DA:157,0
DA:160,715
DA:161,0
DA:162,0
DA:164,715
DA:167,1
DA:168,2
DA:169,2
DA:170,1
DA:171,1
DA:175,1
DA:176,1
DA:177,1
DA:178,1
DA:179,1
DA:180,1
DA:181,1
DA:182,1
DA:183,1
DA:184,1
DA:185,1
DA:187,1
DA:188,1
DA:190,1
DA:191,1
LF:66
LH:55
BRDA:81,1,0,715
BRDA:81,1,1,0
BRDA:155,2,0,0
BRDA:155,2,1,715
BRDA:160,3,0,0
BRDA:160,3,1,715
BRDA:169,4,0,1
BRDA:169,4,1,1
BRF:8
BRH:5
end_of_record
TN:
SF:/data/github/geopackage-js/lib/geom/envelopeBuilder.js
FN:4,(anonymous_1)
FN:15,(anonymous_2)
FNF:2
FNH:1
FNDA:715,(anonymous_1)
FNDA:0,(anonymous_2)
DA:1,1
DA:2,1
DA:4,1
DA:5,715
DA:6,715
DA:7,715
DA:15,1
LF:7
LH:7
BRF:0
BRH:0
end_of_record
TN:
SF:/data/github/geopackage-js/lib/features/user/featureTableReader.js
FN:20,(anonymous_1)
FN:31,(anonymous_2)
FN:33,(anonymous_3)
FN:42,(anonymous_4)
FN:46,(anonymous_5)
FNF:5
FNH:5
FNDA:49,(anonymous_1)
FNDA:49,(anonymous_2)
FNDA:1,(anonymous_3)
FNDA:49,(anonymous_4)
FNDA:244,(anonymous_5)
DA:6,1
DA:13,1
DA:20,1
DA:21,49
DA:22,1
DA:24,48
DA:25,48
DA:29,1
DA:31,1
DA:32,49
DA:33,1
DA:34,1
DA:35,1
DA:38,48
DA:42,1
DA:43,49
DA:46,1
DA:47,244
DA:48,244
DA:49,244
DA:50,244
DA:51,49
DA:53,195
DA:55,244
DA:56,244
DA:58,244
DA:60,244
DA:95,1
LF:28
LH:28
BRDA:21,1,0,1
BRDA:21,1,1,48
BRDA:32,2,0,1
BRDA:32,2,1,48
BRDA:50,3,0,49
BRDA:50,3,1,195
BRDA:56,4,0,0
BRDA:56,4,1,244
BRF:8
BRH:7
end_of_record
TN:
SF:/data/github/geopackage-js/lib/user/userTableReader.js
FN:11,(anonymous_1)
FN:27,(anonymous_2)
FN:29,(anonymous_3)
FN:65,(anonymous_4)
FN:71,(anonymous_5)
FNF:5
FNH:5
FNDA:261,(anonymous_1)
FNDA:261,(anonymous_2)
FNDA:261,(anonymous_3)
FNDA:25,(anonymous_4)
FNDA:3,(anonymous_5)
DA:6,1
DA:11,1
DA:12,261
DA:15,1
DA:16,1
DA:17,1
DA:18,1
DA:19,1
DA:20,1
DA:27,1
DA:28,261
DA:29,261
DA:30,261
DA:31,1314
DA:32,1314
DA:33,1314
DA:34,1314
DA:35,1314
DA:36,1314
DA:37,1314
DA:38,1314
DA:39,16
DA:40,16
DA:41,16
DA:42,16
DA:43,16
DA:44,16
DA:48,1314
DA:49,1314
DA:50,2
DA:52,1314
DA:54,1314
DA:57,261
DA:58,0
DA:60,261
DA:61,261
DA:65,1
DA:67,25
DA:68,25
DA:71,1
DA:72,3
DA:79,1
LF:42
LH:41
BRDA:38,1,0,16
BRDA:38,1,1,1298
BRDA:38,2,0,1314
BRDA:38,2,1,1314
BRDA:40,3,0,16
BRDA:40,3,1,0
BRDA:42,4,0,16
BRDA:42,4,1,0
BRDA:49,5,0,2
BRDA:49,5,1,1312
BRDA:57,6,0,0
BRDA:57,6,1,261
BRF:12
BRH:9
end_of_record
TN:
SF:/data/github/geopackage-js/lib/wkb/index.js
FN:22,(anonymous_1)
FNF:1
FNH:1
FNDA:57,(anonymous_1)
DA:6,1
DA:8,1
DA:9,1
DA:10,1
DA:11,1
DA:12,1
DA:13,1
DA:14,1
DA:15,1
DA:22,1
DA:23,57
DA:24,57
DA:25,33
DA:27,24
LF:14
LH:14
BRDA:24,1,0,33
BRDA:24,1,1,24
BRF:2
BRH:2
end_of_record
TN:
SF:/data/github/geopackage-js/lib/tiles/user/tileTableReader.js
FN:19,(anonymous_1)
FN:26,(anonymous_2)
FN:30,(anonymous_3)
FN:34,(anonymous_4)
FNF:4
FNH:4
FNDA:209,(anonymous_1)
FNDA:209,(anonymous_2)
FNDA:209,(anonymous_3)
FNDA:1045,(anonymous_4)
DA:6,1
DA:12,1
DA:19,1
DA:20,209
DA:21,209
DA:24,1
DA:26,1
DA:27,209
DA:30,1
DA:31,209
DA:34,1
DA:35,1045
DA:36,1045
DA:37,1045
DA:41,1045
DA:43,1045
DA:50,1
LF:17
LH:17
BRDA:37,1,0,0
BRDA:37,1,1,1045
BRF:2
BRH:1
end_of_record
TN:
SF:/data/github/geopackage-js/lib/tiles/user/tileTable.js
FN:16,(anonymous_1)
FN:73,(anonymous_2)
FN:77,(anonymous_3)
FN:81,(anonymous_4)
FN:85,(anonymous_5)
FN:89,(anonymous_6)
FN:93,(anonymous_7)
FN:97,(anonymous_8)
FNF:8
FNH:8
FNDA:221,(anonymous_1)
FNDA:15,(anonymous_2)
FNDA:349,(anonymous_3)
FNDA:351,(anonymous_4)
FNDA:358,(anonymous_5)
FNDA:2,(anonymous_6)
FNDA:12,(anonymous_7)
FNDA:12,(anonymous_8)
DA:6,1
DA:9,1
DA:16,1
DA:17,221
DA:19,221
DA:20,221
DA:21,221
DA:22,221
DA:26,221
DA:27,1105
DA:29,1105
DA:30,1105
DA:32,1105
DA:34,221
DA:35,221
DA:36,221
DA:38,221
DA:39,221
DA:40,221
DA:42,221
DA:43,221
DA:44,221
DA:46,221
DA:47,221
DA:48,221
DA:52,221
DA:53,221
DA:55,221
DA:56,221
DA:58,221
DA:59,221
DA:61,221
DA:62,221
DA:65,1
DA:71,1
DA:73,1
DA:74,15
DA:77,1
DA:78,349
DA:81,1
DA:82,351
DA:85,1
DA:86,358
DA:89,1
DA:90,2
DA:93,1
DA:94,12
DA:97,1
DA:98,12
DA:99,12
DA:100,12
DA:101,12
DA:102,12
DA:103,12
DA:104,12
LF:55
LH:55
BRDA:32,1,0,221
BRDA:32,1,1,221
BRDA:32,1,2,221
BRDA:32,1,3,221
BRF:4
BRH:4
end_of_record
TN:
SF:/data/github/geopackage-js/lib/tiles/user/tileColumn.js
FN:14,(anonymous_1)
FN:27,(anonymous_2)
FN:35,(anonymous_3)
FN:44,(anonymous_4)
FN:54,(anonymous_5)
FN:63,(anonymous_6)
FNF:6
FNH:6
FNDA:1105,(anonymous_1)
FNDA:12,(anonymous_2)
FNDA:12,(anonymous_3)
FNDA:12,(anonymous_4)
FNDA:12,(anonymous_5)
FNDA:12,(anonymous_6)
DA:6,1
DA:9,1
DA:14,1
DA:15,1105
DA:16,1105
DA:17,0
DA:21,1
DA:27,1
DA:28,12
DA:35,1
DA:36,12
DA:44,1
DA:45,12
DA:54,1
DA:55,12
DA:63,1
DA:64,12
DA:67,1
DA:68,1
DA:69,1
DA:70,1
DA:71,1
DA:73,1
LF:23
LH:22
BRDA:16,1,0,0
BRDA:16,1,1,1105
BRF:2
BRH:1
end_of_record
TN:
SF:/data/github/geopackage-js/lib/tiles/user/tileDao.js
FN:28,(anonymous_1)
FN:57,(anonymous_2)
FN:59,(anonymous_3)
FN:81,(anonymous_4)
FN:90,(anonymous_5)
FN:95,(anonymous_6)
FN:108,(anonymous_7)
FN:112,(anonymous_8)
FN:116,(anonymous_9)
FN:119,(anonymous_10)
FN:122,(anonymous_11)
FN:125,(anonymous_12)
FN:128,(anonymous_13)
FN:144,(anonymous_14)
FN:157,(anonymous_15)
FN:166,(anonymous_16)
FN:176,(anonymous_17)
FN:184,(anonymous_18)
FN:193,(anonymous_19)
FN:202,(anonymous_20)
FN:213,(anonymous_21)
FN:220,(anonymous_22)
FN:223,(anonymous_23)
FN:228,(anonymous_24)
FN:229,(anonymous_25)
FN:242,(anonymous_26)
FN:243,(anonymous_27)
FN:257,(anonymous_28)
FN:262,(anonymous_29)
FN:276,(anonymous_30)
FN:281,(anonymous_31)
FN:295,(anonymous_32)
FN:301,(anonymous_33)
FN:303,(anonymous_34)
FN:306,(anonymous_35)
FN:309,(anonymous_36)
FN:318,(anonymous_37)
FN:323,(anonymous_38)
FN:328,(anonymous_39)
FN:334,(anonymous_40)
FN:340,(anonymous_41)
FN:351,(anonymous_42)
FN:356,(anonymous_43)
FN:360,(anonymous_44)
FN:364,(anonymous_45)
FNF:45
FNH:44
FNDA:209,(anonymous_1)
FNDA:209,(anonymous_2)
FNDA:209,(anonymous_3)
FNDA:0,(anonymous_4)
FNDA:5,(anonymous_5)
FNDA:4,(anonymous_6)
FNDA:4,(anonymous_7)
FNDA:4,(anonymous_8)
FNDA:4,(anonymous_9)
FNDA:4,(anonymous_10)
FNDA:4,(anonymous_11)
FNDA:4,(anonymous_12)
FNDA:4,(anonymous_13)
FNDA:5,(anonymous_14)
FNDA:364,(anonymous_15)
FNDA:190,(anonymous_16)
FNDA:190,(anonymous_17)
FNDA:173,(anonymous_18)
FNDA:18,(anonymous_19)
FNDA:111,(anonymous_20)
FNDA:2,(anonymous_21)
FNDA:2,(anonymous_22)
FNDA:2,(anonymous_23)
FNDA:1,(anonymous_24)
FNDA:4,(anonymous_25)
FNDA:1,(anonymous_26)
FNDA:4,(anonymous_27)
FNDA:1,(anonymous_28)
FNDA:2,(anonymous_29)
FNDA:1,(anonymous_30)
FNDA:2,(anonymous_31)
FNDA:102,(anonymous_32)
FNDA:225,(anonymous_33)
FNDA:123,(anonymous_34)
FNDA:302,(anonymous_35)
FNDA:179,(anonymous_36)
FNDA:176,(anonymous_37)
FNDA:179,(anonymous_38)
FNDA:123,(anonymous_39)
FNDA:102,(anonymous_40)
FNDA:1,(anonymous_41)
FNDA:1,(anonymous_42)
FNDA:211,(anonymous_43)
FNDA:5,(anonymous_44)
FNDA:3,(anonymous_45)
DA:6,1
DA:16,1
DA:28,1
DA:29,209
DA:31,209
DA:32,209
DA:33,209
DA:34,209
DA:35,209
DA:36,209
DA:38,209
DA:39,0
DA:40,0
DA:42,209
DA:43,209
DA:47,209
DA:48,815
DA:49,815
DA:52,209
DA:55,1
DA:57,1
DA:58,209
DA:59,209
DA:60,209
DA:61,209
DA:64,209
DA:65,815
DA:67,815
DA:68,815
DA:69,815
DA:70,815
DA:71,0
DA:72,0
DA:74,815
DA:75,815
DA:77,209
DA:81,1
DA:82,0
DA:90,1
DA:91,5
DA:93,5
DA:94,5
DA:95,4
DA:97,4
DA:98,4
DA:99,4
DA:101,4
DA:104,1
DA:108,1
DA:109,4
DA:112,1
DA:113,4
DA:114,4
DA:115,4
DA:117,4
DA:120,4
DA:123,4
DA:126,4
DA:129,4
DA:130,4
DA:131,4
DA:132,4
DA:134,4
DA:144,1
DA:145,5
DA:146,5
DA:147,5
DA:148,4
DA:150,5
DA:157,1
DA:158,364
DA:166,1
DA:167,190
DA:176,1
DA:177,190
DA:184,1
DA:185,173
DA:193,1
DA:194,18
DA:202,1
DA:203,111
DA:213,1
DA:215,2
DA:216,2
DA:217,2
DA:218,2
DA:219,2
DA:220,2
DA:221,2
DA:222,2
DA:224,2
DA:228,1
DA:229,1
DA:230,4
DA:231,4
DA:232,4
DA:242,1
DA:243,1
DA:244,4
DA:245,4
DA:246,4
DA:257,1
DA:258,1
DA:259,1
DA:260,1
DA:262,1
DA:263,2
DA:264,2
DA:265,2
DA:276,1
DA:277,1
DA:278,1
DA:279,1
DA:281,1
DA:282,2
DA:283,2
DA:284,2
DA:295,1
DA:296,102
DA:297,102
DA:298,102
DA:300,102
DA:302,225
DA:304,123
DA:305,123
DA:307,302
DA:310,179
DA:311,179
DA:312,179
DA:313,179
DA:314,179
DA:315,179
DA:316,179
DA:318,179
DA:319,176
DA:320,176
DA:321,176
DA:322,176
DA:324,179
DA:325,179
DA:329,123
DA:330,123
DA:335,102
DA:340,1
DA:341,1
DA:343,1
DA:344,1
DA:345,1
DA:346,1
DA:347,1
DA:349,1
DA:351,1
DA:352,1
DA:356,1
DA:357,211
DA:360,1
DA:361,5
DA:364,1
DA:365,3
DA:368,1
LF:160
LH:155
BRDA:38,1,0,0
BRDA:38,1,1,209
BRDA:70,2,0,0
BRDA:70,2,1,815
BRDA:94,3,0,4
BRDA:94,3,1,1
BRDA:97,4,0,4
BRDA:97,4,1,0
BRDA:129,5,0,0
BRDA:129,5,1,4
BRDA:131,6,0,4
BRDA:131,6,1,0
BRDA:131,7,0,4
BRDA:131,7,1,4
BRDA:131,7,2,4
BRDA:131,7,3,4
BRDA:147,8,0,4
BRDA:147,8,1,1
BRDA:230,9,0,0
BRDA:230,9,1,4
BRDA:231,10,0,0
BRDA:231,10,1,4
BRDA:231,11,0,4
BRDA:231,11,1,4
BRDA:244,12,0,0
BRDA:244,12,1,4
BRDA:245,13,0,0
BRDA:245,13,1,4
BRDA:245,14,0,4
BRDA:245,14,1,4
BRDA:263,15,0,0
BRDA:263,15,1,2
BRDA:264,16,0,0
BRDA:264,16,1,2
BRDA:264,17,0,2
BRDA:264,17,1,2
BRDA:282,18,0,0
BRDA:282,18,1,2
BRDA:283,19,0,0
BRDA:283,19,1,2
BRDA:283,20,0,2
BRDA:283,20,1,2
BRDA:296,21,0,0
BRDA:296,21,1,102
BRDA:319,22,0,0
BRDA:319,22,1,176
BRDA:320,23,0,0
BRDA:320,23,1,176
BRDA:320,24,0,176
BRDA:320,24,1,176
BRF:50
BRH:34
end_of_record
TN:
SF:/data/github/geopackage-js/lib/tiles/tileGrid.js
FN:5,(anonymous_1)
FN:12,(anonymous_2)
FN:16,(anonymous_3)
FNF:3
FNH:3
FNDA:386,(anonymous_1)
FNDA:1,(anonymous_2)
FNDA:3,(anonymous_3)
DA:5,1
DA:6,386
DA:7,386
DA:8,386
DA:9,386
DA:12,1
DA:13,1
DA:16,1
DA:17,3
DA:18,2
DA:24,1
LF:11
LH:11
BRDA:17,1,0,1
BRDA:17,1,1,2
BRDA:18,2,0,2
BRDA:18,2,1,2
BRDA:18,2,2,1
BRDA:18,2,3,1
BRF:6
BRH:6
end_of_record
TN:
SF:/data/github/geopackage-js/lib/tiles/user/tileRow.js
FN:16,(anonymous_1)
FN:23,(anonymous_2)
FN:27,(anonymous_3)
FN:35,(anonymous_4)
FN:43,(anonymous_5)
FN:51,(anonymous_6)
FN:59,(anonymous_7)
FN:67,(anonymous_8)
FN:75,(anonymous_9)
FN:83,(anonymous_10)
FN:91,(anonymous_11)
FN:99,(anonymous_12)
FN:107,(anonymous_13)
FN:115,(anonymous_14)
FN:123,(anonymous_15)
FN:131,(anonymous_16)
FN:139,(anonymous_17)
FN:147,(anonymous_18)
FN:155,(anonymous_19)
FN:163,(anonymous_20)
FNF:20
FNH:16
FNDA:363,(anonymous_1)
FNDA:4,(anonymous_2)
FNDA:865,(anonymous_3)
FNDA:173,(anonymous_4)
FNDA:15,(anonymous_5)
FNDA:15,(anonymous_6)
FNDA:173,(anonymous_7)
FNDA:0,(anonymous_8)
FNDA:349,(anonymous_9)
FNDA:176,(anonymous_10)
FNDA:173,(anonymous_11)
FNDA:0,(anonymous_12)
FNDA:351,(anonymous_13)
FNDA:178,(anonymous_14)
FNDA:173,(anonymous_15)
FNDA:0,(anonymous_16)
FNDA:358,(anonymous_17)
FNDA:185,(anonymous_18)
FNDA:173,(anonymous_19)
FNDA:0,(anonymous_20)
DA:6,1
DA:8,1
DA:16,1
DA:17,363
DA:18,363
DA:21,1
DA:23,1
DA:24,4
DA:27,1
DA:28,865
DA:35,1
DA:36,173
DA:43,1
DA:44,15
DA:51,1
DA:52,15
DA:59,1
DA:60,173
DA:67,1
DA:68,0
DA:75,1
DA:76,349
DA:83,1
DA:84,176
DA:91,1
DA:92,173
DA:99,1
DA:100,0
DA:107,1
DA:108,351
DA:115,1
DA:116,178
DA:123,1
DA:124,173
DA:131,1
DA:132,0
DA:139,1
DA:140,358
DA:147,1
DA:148,185
DA:155,1
DA:156,173
DA:163,1
DA:195,1
LF:44
LH:41
BRF:0
BRH:0
end_of_record
TN:
SF:/data/github/geopackage-js/lib/tiles/tileBoundingBoxUtils.js
FN:9,(anonymous_1)
FN:63,(anonymous_2)
FN:80,(anonymous_3)
FN:87,(anonymous_4)
FN:104,(anonymous_5)
FN:113,(anonymous_6)
FN:157,(anonymous_7)
FN:182,(anonymous_8)
FN:193,(anonymous_9)
FN:207,(anonymous_10)
FN:245,(anonymous_11)
FN:277,(anonymous_12)
FN:312,(anonymous_13)
FN:340,(anonymous_14)
FNF:14
FNH:10
FNDA:133,(anonymous_1)
FNDA:0,(anonymous_2)
FNDA:0,(anonymous_3)
FNDA:0,(anonymous_4)
FNDA:0,(anonymous_5)
FNDA:184,(anonymous_6)
FNDA:105,(anonymous_7)
FNDA:238,(anonymous_8)
FNDA:238,(anonymous_9)
FNDA:199,(anonymous_10)
FNDA:400,(anonymous_11)
FNDA:400,(anonymous_12)
FNDA:173,(anonymous_13)
FNDA:4,(anonymous_14)
DA:2,1
DA:5,1
DA:7,1
DA:9,1
DA:10,133
DA:12,133
DA:13,133
DA:15,133
DA:16,133
DA:17,133
DA:18,133
DA:20,133
DA:63,1
DA:64,0
DA:65,0
DA:66,0
DA:67,0
DA:69,0
DA:80,1
DA:81,0
DA:82,0
DA:83,0
DA:84,0
DA:87,1
DA:88,0
DA:89,0
DA:90,0
DA:91,0
DA:104,1
DA:105,0
DA:106,0
DA:107,0
DA:108,0
DA:110,0
DA:113,1
DA:114,184
DA:116,184
DA:117,184
DA:118,184
DA:119,184
DA:120,184
DA:121,184
DA:122,184
DA:124,184
DA:125,184
DA:126,184
DA:127,184
DA:128,184
DA:130,184
DA:131,184
DA:132,184
DA:133,184
DA:134,184
DA:135,184
DA:136,184
DA:138,184
DA:139,184
DA:140,184
DA:141,184
DA:142,184
DA:144,184
DA:157,1
DA:158,105
DA:159,105
DA:161,105
DA:163,105
DA:165,105
DA:167,105
DA:170,105
DA:172,105
DA:182,1
DA:183,238
DA:193,1
DA:194,238
DA:207,1
DA:208,199
DA:209,199
DA:210,199
DA:211,198
DA:212,2
DA:214,198
DA:215,37
DA:219,199
DA:220,199
DA:223,199
DA:224,199
DA:225,40
DA:227,199
DA:228,34
DA:232,199
DA:233,199
DA:245,1
DA:246,400
DA:247,400
DA:248,400
DA:249,400
DA:250,3
DA:251,397
DA:252,37
DA:254,360
DA:255,360
DA:256,360
DA:257,360
DA:258,360
DA:260,164
DA:261,121
DA:265,400
DA:277,1
DA:278,400
DA:279,400
DA:281,400
DA:282,400
DA:283,34
DA:284,366
DA:285,40
DA:287,326
DA:288,326
DA:289,326
DA:290,326
DA:291,326
DA:293,167
DA:294,84
DA:298,400
DA:312,1
DA:313,173
DA:314,173
DA:315,173
DA:316,173
DA:317,173
DA:318,173
DA:319,173
DA:322,173
DA:323,173
DA:326,173
DA:327,173
DA:328,173
DA:329,173
DA:332,173
DA:333,173
DA:335,173
DA:337,173
DA:340,1
DA:342,4
DA:343,4
DA:344,4
DA:345,4
DA:348,4
DA:349,4
DA:352,4
DA:353,4
DA:354,4
DA:355,4
DA:358,4
DA:359,4
DA:361,4
LF:155
LH:137
BRDA:210,1,0,198
BRDA:210,1,1,1
BRDA:210,2,0,199
BRDA:210,2,1,199
BRDA:211,3,0,2
BRDA:211,3,1,196
BRDA:214,4,0,37
BRDA:214,4,1,161
BRDA:223,5,0,199
BRDA:223,5,1,0
BRDA:223,6,0,199
BRDA:223,6,1,199
BRDA:224,7,0,40
BRDA:224,7,1,159
BRDA:227,8,0,34
BRDA:227,8,1,165
BRDA:249,9,0,3
BRDA:249,9,1,397
BRDA:251,10,0,37
BRDA:251,10,1,360
BRDA:258,11,0,164
BRDA:258,11,1,196
BRDA:260,12,0,121
BRDA:260,12,1,43
BRDA:282,13,0,34
BRDA:282,13,1,366
BRDA:284,14,0,40
BRDA:284,14,1,326
BRDA:291,15,0,167
BRDA:291,15,1,159
BRDA:293,16,0,84
BRDA:293,16,1,83
BRF:32
BRH:31
end_of_record
TN:
SF:/data/github/geopackage-js/lib/tiles/user/tileDaoUtils.js
FN:2,(anonymous_1)
FNF:1
FNH:1
FNDA:18,(anonymous_1)
DA:2,1
DA:3,18
DA:4,18
DA:5,18
DA:6,66
DA:7,66
DA:8,66
DA:9,66
DA:10,0
DA:12,66
DA:13,0
LF:11
LH:9
BRDA:9,1,0,0
BRDA:9,1,1,66
BRDA:12,2,0,0
BRDA:12,2,1,66
BRF:4
BRH:2
end_of_record
TN:
SF:/data/github/geopackage-js/lib/dataColumns/index.js
FN:23,(anonymous_1)
FN:73,(anonymous_2)
FN:79,(anonymous_3)
FN:88,(anonymous_4)
FN:99,(anonymous_5)
FN:109,(anonymous_6)
FN:110,(anonymous_7)
FN:119,(anonymous_8)
FN:124,(anonymous_9)
FNF:9
FNH:8
FNDA:3,(anonymous_1)
FNDA:24,(anonymous_2)
FNDA:0,(anonymous_3)
FNDA:1,(anonymous_4)
FNDA:1,(anonymous_5)
FNDA:20,(anonymous_6)
FNDA:20,(anonymous_7)
FNDA:7,(anonymous_8)
FNDA:10,(anonymous_9)
DA:7,1
DA:10,1
DA:23,1
DA:28,3
DA:34,3
DA:40,3
DA:46,3
DA:52,3
DA:58,3
DA:63,3
DA:73,1
DA:74,24
DA:77,1
DA:79,1
DA:80,0
DA:88,1
DA:89,1
DA:90,1
DA:99,1
DA:100,1
DA:109,1
DA:110,20
DA:111,20
DA:112,10
DA:114,10
DA:117,10
DA:118,10
DA:119,10
DA:120,7
DA:121,7
DA:123,7
DA:125,10
DA:130,1
DA:131,1
DA:132,1
DA:133,1
DA:134,1
DA:135,1
DA:136,1
DA:137,1
DA:138,1
DA:139,1
DA:141,1
DA:142,1
DA:144,1
DA:145,1
LF:46
LH:45
BRDA:111,1,0,10
BRDA:111,1,1,10
BRDA:111,2,0,20
BRDA:111,2,1,10
BRDA:120,3,0,7
BRDA:120,3,1,0
BRF:6
BRH:5
end_of_record
TN:
SF:/data/github/geopackage-js/lib/dataColumnConstraints/index.js
FN:15,(anonymous_1)
FN:71,(anonymous_2)
FN:77,(anonymous_3)
FN:87,(anonymous_4)
FN:98,(anonymous_5)
FNF:5
FNH:5
FNDA:4,(anonymous_1)
FNDA:3,(anonymous_2)
FNDA:1,(anonymous_3)
FNDA:1,(anonymous_4)
FNDA:1,(anonymous_5)
DA:7,1
DA:9,1
DA:15,1
DA:21,4
DA:27,4
DA:33,4
DA:39,4
DA:45,4
DA:51,4
DA:57,4
DA:62,4
DA:71,1
DA:72,3
DA:75,1
DA:77,1
DA:78,1
DA:87,1
DA:88,1
DA:98,1
DA:99,1
DA:100,1
DA:101,1
DA:102,1
DA:104,1
DA:107,1
DA:108,1
DA:109,1
DA:110,1
DA:111,1
DA:112,1
DA:113,1
DA:114,1
DA:115,1
DA:117,1
DA:118,1
DA:120,1
DA:121,1
LF:37
LH:37
BRF:0
BRH:0
end_of_record
TN:
SF:/data/github/geopackage-js/lib/metadata/index.js
FN:16,(anonymous_1)
FN:69,(anonymous_2)
FN:193,(anonymous_3)
FN:199,(anonymous_4)
FNF:4
FNH:3
FNDA:12,(anonymous_1)
FNDA:19,(anonymous_2)
FNDA:9,(anonymous_3)
FNDA:0,(anonymous_4)
DA:7,1
DA:9,1
DA:16,1
DA:22,12
DA:28,12
DA:34,12
DA:40,12
DA:46,12
DA:49,1
DA:50,1
DA:51,1
DA:52,1
DA:53,1
DA:54,1
DA:55,1
DA:56,1
DA:57,1
DA:58,1
DA:59,1
DA:60,1
DA:61,1
DA:62,1
DA:63,1
DA:64,1
DA:65,1
DA:66,1
DA:67,1
DA:69,1
DA:70,19
DA:72,1
DA:78,1
DA:84,1
DA:90,1
DA:96,1
DA:102,1
DA:108,1
DA:114,1
DA:120,1
DA:126,1
DA:132,1
DA:138,1
DA:144,1
DA:150,1
DA:156,1
DA:162,1
DA:168,1
DA:174,1
DA:180,1
DA:193,1
DA:194,9
DA:197,1
DA:199,1
DA:200,0
DA:203,1
DA:204,1
DA:205,1
DA:206,1
DA:207,1
DA:208,1
DA:210,1
DA:211,1
DA:213,1
DA:214,1
LF:63
LH:62
BRDA:70,1,0,1
BRDA:70,1,1,1
BRDA:70,1,2,1
BRDA:70,1,3,1
BRDA:70,1,4,1
BRDA:70,1,5,1
BRDA:70,1,6,1
BRDA:70,1,7,1
BRDA:70,1,8,1
BRDA:70,1,9,1
BRDA:70,1,10,1
BRDA:70,1,11,1
BRDA:70,1,12,1
BRDA:70,1,13,1
BRDA:70,1,14,1
BRDA:70,1,15,1
BRDA:70,1,16,1
BRDA:70,1,17,1
BRDA:70,1,18,1
BRF:19
BRH:19
end_of_record
TN:
SF:/data/github/geopackage-js/lib/metadata/reference/index.js
FN:16,(anonymous_1)
FN:69,(anonymous_2)
FN:80,(anonymous_3)
FN:92,(anonymous_4)
FN:100,(anonymous_5)
FN:132,(anonymous_6)
FN:138,(anonymous_7)
FN:142,(anonymous_8)
FN:152,(anonymous_9)
FN:159,(anonymous_10)
FN:165,(anonymous_11)
FNF:11
FNH:10
FNDA:7,(anonymous_1)
FNDA:46,(anonymous_2)
FNDA:7,(anonymous_3)
FNDA:4,(anonymous_4)
FNDA:7,(anonymous_5)
FNDA:9,(anonymous_6)
FNDA:0,(anonymous_7)
FNDA:1,(anonymous_8)
FNDA:1,(anonymous_9)
FNDA:1,(anonymous_10)
FNDA:2,(anonymous_11)
DA:7,1
DA:10,1
DA:16,1
DA:22,7
DA:28,7
DA:36,7
DA:44,7
DA:51,7
DA:58,7
DA:66,7
DA:69,1
DA:70,46
DA:71,7
DA:73,39
DA:80,1
DA:81,7
DA:82,7
DA:84,0
DA:92,1
DA:93,4
DA:94,4
DA:96,0
DA:100,1
DA:101,7
DA:102,7
DA:104,3
DA:105,3
DA:106,3
DA:107,3
DA:109,4
DA:110,4
DA:111,4
DA:113,0
DA:114,0
DA:116,0
DA:117,0
DA:121,1
DA:122,1
DA:123,1
DA:124,1
DA:125,1
DA:132,1
DA:133,9
DA:136,1
DA:138,1
DA:139,0
DA:142,1
DA:143,1
DA:144,1
DA:146,1
DA:147,1
DA:149,1
DA:152,1
DA:153,1
DA:154,1
DA:155,1
DA:156,1
DA:159,1
DA:160,1
DA:161,1
DA:162,1
DA:165,1
DA:166,2
DA:167,2
DA:168,2
DA:171,1
DA:172,1
DA:173,1
DA:174,1
DA:175,1
DA:176,1
DA:177,1
DA:178,1
DA:181,1
DA:182,1
DA:184,1
DA:185,1
LF:77
LH:70
BRDA:70,1,0,7
BRDA:70,1,1,39
BRDA:81,2,0,7
BRDA:81,2,1,0
BRDA:93,3,0,4
BRDA:93,3,1,0
BRDA:102,4,0,3
BRDA:102,4,1,4
BRDA:102,4,2,0
BRDA:102,4,3,0
BRF:10
BRH:6
end_of_record
TN:
SF:/data/github/geopackage-js/lib/proj4Defs.js
FNF:0
FNH:0
DA:1,1
LF:1
LH:1
BRF:0
BRH:0
end_of_record
TN:
SF:/data/github/geopackage-js/lib/geoPackageManager.js
FN:19,(anonymous_1)
FN:24,(anonymous_2)
FN:25,(anonymous_3)
FN:33,(anonymous_4)
FN:36,(anonymous_5)
FN:37,(anonymous_6)
FN:40,(anonymous_7)
FN:48,(anonymous_8)
FN:54,(anonymous_9)
FN:59,(anonymous_10)
FN:69,(anonymous_11)
FN:70,(anonymous_12)
FN:73,(anonymous_13)
FN:74,(anonymous_14)
FN:77,(anonymous_15)
FN:80,(anonymous_16)
FNF:16
FNH:16
FNDA:71,(anonymous_1)
FNDA:70,(anonymous_2)
FNDA:70,(anonymous_3)
FNDA:70,(anonymous_4)
FNDA:70,(anonymous_5)
FNDA:70,(anonymous_6)
FNDA:70,(anonymous_7)
FNDA:2,(anonymous_8)
FNDA:2,(anonymous_9)
FNDA:1,(anonymous_10)
FNDA:1,(anonymous_11)
FNDA:1,(anonymous_12)
FNDA:1,(anonymous_13)
FNDA:1,(anonymous_14)
FNDA:1,(anonymous_15)
FNDA:2,(anonymous_16)
DA:6,1
DA:10,1
DA:19,1
DA:20,71
DA:21,71
DA:23,70
DA:24,70
DA:25,70
DA:26,70
DA:27,0
DA:28,0
DA:30,70
DA:31,70
DA:34,70
DA:35,70
DA:37,70
DA:38,70
DA:41,70
DA:42,0
DA:44,70
DA:48,1
DA:49,2
DA:50,0
DA:51,0
DA:53,2
DA:55,2
DA:56,2
DA:57,2
DA:58,1
DA:59,1
DA:60,1
DA:61,0
DA:63,1
DA:66,0
DA:70,1
DA:71,1
DA:74,1
DA:75,1
DA:78,1
DA:81,2
DA:82,1
DA:84,1
LF:42
LH:35
BRDA:21,1,0,1
BRDA:21,1,1,70
BRDA:26,2,0,0
BRDA:26,2,1,70
BRDA:41,3,0,0
BRDA:41,3,1,70
BRDA:49,4,0,0
BRDA:49,4,1,2
BRDA:55,5,0,2
BRDA:55,5,1,0
BRDA:57,6,0,1
BRDA:57,6,1,1
BRDA:58,7,0,1
BRDA:58,7,1,0
BRDA:58,8,0,1
BRDA:58,8,1,1
BRDA:60,9,0,0
BRDA:60,9,1,1
BRDA:60,10,0,1
BRDA:60,10,1,1
BRDA:81,11,0,1
BRDA:81,11,1,1
BRDA:81,12,0,2
BRDA:81,12,1,1
BRF:24
BRH:18
end_of_record
TN:
SF:/data/github/geopackage-js/lib/validate/geoPackageValidate.js
FN:18,(anonymous_1)
FN:30,(anonymous_2)
FN:44,(anonymous_3)
FN:46,(anonymous_4)
FN:49,(anonymous_5)
FN:53,(anonymous_6)
FNF:6
FNH:6
FNDA:78,(anonymous_1)
FNDA:73,(anonymous_2)
FNDA:72,(anonymous_3)
FNDA:72,(anonymous_4)
FNDA:71,(anonymous_5)
FNDA:72,(anonymous_6)
DA:7,1
DA:18,1
DA:19,78
DA:20,78
DA:30,1
DA:31,73
DA:32,2
DA:44,1
DA:45,72
DA:47,72
DA:50,71
DA:51,71
DA:54,72
DA:55,1
DA:61,71
LF:15
LH:15
BRDA:20,1,0,78
BRDA:20,1,1,78
BRDA:20,1,2,78
BRDA:20,1,3,5
BRDA:31,2,0,2
BRDA:31,2,1,71
BRDA:54,3,0,1
BRDA:54,3,1,71
BRF:8
BRH:8
end_of_record
TN:
SF:/data/github/geopackage-js/lib/tiles/retriever/index.js
FN:8,(anonymous_1)
FN:18,(anonymous_2)
FN:24,(anonymous_3)
FN:37,(anonymous_4)
FN:41,(anonymous_5)
FN:44,(anonymous_6)
FN:52,(anonymous_7)
FN:57,(anonymous_8)
FN:62,(anonymous_9)
FN:67,(anonymous_10)
FN:72,(anonymous_11)
FN:77,(anonymous_12)
FN:94,(anonymous_13)
FN:95,(anonymous_14)
FN:105,(anonymous_15)
FN:106,(anonymous_16)
FN:107,(anonymous_17)
FN:110,(anonymous_18)
FN:120,(anonymous_19)
FNF:19
FNH:19
FNDA:18,(anonymous_1)
FNDA:2,(anonymous_2)
FNDA:2,(anonymous_3)
FNDA:2,(anonymous_4)
FNDA:1,(anonymous_5)
FNDA:2,(anonymous_6)
FNDA:94,(anonymous_7)
FNDA:1,(anonymous_8)
FNDA:1,(anonymous_9)
FNDA:1,(anonymous_10)
FNDA:1,(anonymous_11)
FNDA:98,(anonymous_12)
FNDA:98,(anonymous_13)
FNDA:169,(anonymous_14)
FNDA:98,(anonymous_15)
FNDA:169,(anonymous_16)
FNDA:169,(anonymous_17)
FNDA:98,(anonymous_18)
FNDA:100,(anonymous_19)
DA:1,1
DA:5,1
DA:8,1
DA:9,18
DA:10,18
DA:12,18
DA:13,18
DA:16,1
DA:18,1
DA:19,2
DA:20,0
DA:22,2
DA:23,2
DA:24,2
DA:25,2
DA:26,2
DA:27,1
DA:28,1
DA:30,2
DA:32,2
DA:37,1
DA:38,2
DA:39,2
DA:40,2
DA:41,2
DA:42,1
DA:43,1
DA:45,2
DA:46,1
DA:48,1
DA:52,1
DA:53,94
DA:54,94
DA:57,1
DA:58,1
DA:59,1
DA:62,1
DA:63,1
DA:64,1
DA:67,1
DA:68,1
DA:69,1
DA:72,1
DA:73,1
DA:74,1
DA:77,1
DA:78,98
DA:79,97
DA:80,97
DA:83,98
DA:84,98
DA:85,98
DA:86,98
DA:87,98
DA:88,98
DA:90,98
DA:91,98
DA:93,98
DA:94,98
DA:95,98
DA:99,169
DA:104,169
DA:106,98
DA:107,169
DA:108,169
DA:111,98
DA:112,97
DA:114,1
DA:120,1
DA:121,100
DA:122,100
DA:123,100
DA:125,0
LF:73
LH:71
BRDA:19,1,0,0
BRDA:19,1,1,2
BRDA:26,2,0,1
BRDA:26,2,1,1
BRDA:26,3,0,2
BRDA:26,3,1,1
BRDA:45,4,0,1
BRDA:45,4,1,1
BRDA:45,5,0,2
BRDA:45,5,1,2
BRDA:78,6,0,97
BRDA:78,6,1,1
BRDA:85,7,0,0
BRDA:85,7,1,98
BRDA:94,8,0,98
BRDA:94,8,1,0
BRDA:94,9,0,98
BRDA:94,9,1,0
BRDA:111,10,0,97
BRDA:111,10,1,1
BRDA:121,11,0,100
BRDA:121,11,1,0
BRF:22
BRH:17
end_of_record
TN:
SF:/data/github/geopackage-js/lib/tiles/creator/index.js
FN:6,(anonymous_1)
FN:18,TileCreator
FN:39,(anonymous_3)
FN:48,(anonymous_4)
FN:60,(anonymous_5)
FN:67,(anonymous_6)
FN:92,(anonymous_7)
FN:96,(anonymous_8)
FN:97,(anonymous_9)
FN:99,(anonymous_10)
FN:102,(anonymous_11)
FN:103,(anonymous_12)
FN:126,(anonymous_13)
FN:134,(anonymous_14)
FNF:14
FNH:14
FNDA:98,(anonymous_1)
FNDA:98,TileCreator
FNDA:169,(anonymous_3)
FNDA:168,(anonymous_4)
FNDA:100,(anonymous_5)
FNDA:1,(anonymous_6)
FNDA:257,(anonymous_7)
FNDA:256,(anonymous_8)
FNDA:256,(anonymous_9)
FNDA:65792,(anonymous_10)
FNDA:65536,(anonymous_11)
FNDA:65536,(anonymous_12)
FNDA:256,(anonymous_13)
FNDA:1,(anonymous_14)
DA:1,1
DA:4,1
DA:6,1
DA:7,98
DA:8,98
DA:9,98
DA:10,98
DA:11,98
DA:13,0
DA:14,0
DA:18,1
DA:19,98
DA:20,98
DA:21,98
DA:22,98
DA:23,98
DA:24,98
DA:25,98
DA:26,98
DA:27,98
DA:29,98
DA:30,98
DA:34,98
DA:37,1
DA:39,1
DA:40,169
DA:41,169
DA:42,1
DA:44,168
DA:48,1
DA:49,168
DA:51,168
DA:53,68
DA:55,100
DA:56,100
DA:60,1
DA:61,100
DA:67,1
DA:68,1
DA:69,1
DA:70,1
DA:71,1
DA:72,1
DA:73,1
DA:74,1
DA:75,1
DA:76,1
DA:79,1
DA:80,0
DA:82,1
DA:83,1
DA:84,1
DA:86,1
DA:87,0
DA:90,1
DA:91,1
DA:93,257
DA:94,257
DA:97,256
DA:98,256
DA:100,65792
DA:103,65536
DA:107,65536
DA:110,65536
DA:111,65536
DA:112,65536
DA:115,65536
DA:116,65536
DA:118,65536
DA:120,65536
DA:122,65536
DA:123,65536
DA:127,256
DA:128,256
DA:129,256
DA:135,1
LF:76
LH:72
BRDA:7,1,0,98
BRDA:7,1,1,0
BRDA:7,1,2,0
BRDA:8,2,0,98
BRDA:8,2,1,98
BRDA:9,3,0,98
BRDA:9,3,1,0
BRDA:9,4,0,98
BRDA:9,4,1,98
BRDA:34,5,0,98
BRDA:34,5,1,2
BRDA:34,5,2,2
BRDA:34,5,3,1
BRDA:41,6,0,1
BRDA:41,6,1,168
BRDA:51,7,0,68
BRDA:51,7,1,100
BRDA:51,8,0,168
BRDA:51,8,1,142
BRDA:51,8,2,142
BRDA:51,8,3,116
BRDA:74,9,0,1
BRDA:74,9,1,0
BRDA:79,10,0,0
BRDA:79,10,1,1
BRDA:79,11,0,1
BRDA:79,11,1,0
BRDA:86,12,0,0
BRDA:86,12,1,1
BRDA:118,13,0,65536
BRDA:118,13,1,0
BRDA:118,14,0,65536
BRDA:118,14,1,65536
BRDA:118,14,2,65536
BRDA:118,14,3,65536
BRF:35
BRH:27
end_of_record
TN:
SF:/data/github/geopackage-js/lib/tiles/features/index.js
FN:17,(anonymous_1)
FN:34,(anonymous_2)
FN:38,(anonymous_3)
FN:56,(anonymous_4)
FN:61,(anonymous_5)
FN:62,(anonymous_6)
FN:71,(anonymous_7)
FN:88,(anonymous_8)
FN:89,(anonymous_9)
FN:97,(anonymous_10)
FN:101,(anonymous_11)
FN:109,(anonymous_12)
FN:112,(anonymous_13)
FN:126,(anonymous_14)
FN:139,(anonymous_15)
FN:140,(anonymous_16)
FN:148,(anonymous_17)
FN:149,(anonymous_18)
FN:157,(anonymous_19)
FNF:19
FNH:17
FNDA:7,(anonymous_1)
FNDA:0,(anonymous_2)
FNDA:7,(anonymous_3)
FNDA:0,(anonymous_4)
FNDA:7,(anonymous_5)
FNDA:7,(anonymous_6)
FNDA:4,(anonymous_7)
FNDA:4,(anonymous_8)
FNDA:755,(anonymous_9)
FNDA:4,(anonymous_10)
FNDA:4,(anonymous_11)
FNDA:3,(anonymous_12)
FNDA:3,(anonymous_13)
FNDA:3,(anonymous_14)
FNDA:3,(anonymous_15)
FNDA:1071,(anonymous_16)
FNDA:3,(anonymous_17)
FNDA:3,(anonymous_18)
FNDA:1826,(anonymous_19)
DA:1,1
DA:4,1
DA:17,1
DA:18,7
DA:20,7
DA:21,7
DA:23,7
DA:24,7
DA:25,7
DA:26,7
DA:27,7
DA:29,7
DA:32,1
DA:34,1
DA:35,0
DA:38,1
DA:39,7
DA:40,0
DA:41,0
DA:43,7
DA:44,7
DA:47,7
DA:48,7
DA:49,7
DA:51,7
DA:52,7
DA:53,7
DA:56,1
DA:57,0
DA:58,0
DA:61,1
DA:62,7
DA:63,7
DA:64,4
DA:66,3
DA:71,1
DA:72,4
DA:73,4
DA:74,4
DA:76,4
DA:77,4
DA:78,4
DA:80,4
DA:81,4
DA:82,4
DA:83,4
DA:84,4
DA:85,4
DA:86,4
DA:88,4
DA:89,4
DA:90,755
DA:91,755
DA:92,755
DA:94,755
DA:95,755
DA:96,755
DA:98,4
DA:99,4
DA:101,4
DA:102,4
DA:104,4
DA:109,1
DA:110,3
DA:112,3
DA:113,3
DA:114,3
DA:115,0
DA:117,3
DA:118,3
DA:121,0
DA:126,1
DA:127,3
DA:128,3
DA:129,3
DA:130,3
DA:131,3
DA:133,3
DA:134,3
DA:135,3
DA:136,3
DA:137,3
DA:138,3
DA:139,3
DA:140,3
DA:141,1071
DA:142,1071
DA:143,1071
DA:144,1071
DA:146,1071
DA:147,1071
DA:149,3
DA:150,3
DA:152,3
DA:157,1
DA:158,1826
DA:159,1826
DA:160,1826
DA:162,1826
DA:166,1826
DA:169,1826
DA:170,1826
DA:171,1826
LF:103
LH:96
BRDA:20,1,0,7
BRDA:20,1,1,2
BRDA:21,2,0,7
BRDA:21,2,1,2
BRDA:39,3,0,0
BRDA:39,3,1,7
BRDA:63,4,0,4
BRDA:63,4,1,3
BRDA:91,5,0,755
BRDA:91,5,1,0
BRDA:91,6,0,755
BRDA:91,6,1,755
BRDA:114,7,0,0
BRDA:114,7,1,3
BRDA:117,8,0,3
BRDA:117,8,1,0
BRDA:117,9,0,3
BRDA:117,9,1,0
BRDA:143,10,0,1071
BRDA:143,10,1,0
BRDA:143,11,0,1071
BRDA:143,11,1,1071
BRF:22
BRH:16
end_of_record
TN:
SF:/data/github/geopackage-js/index.js
FN:34,(anonymous_1)
FN:43,(anonymous_2)
FN:45,(anonymous_3)
FN:56,(anonymous_4)
FN:62,(anonymous_5)
FN:64,(anonymous_6)
FN:71,(anonymous_7)
FN:72,(anonymous_8)
FN:76,(anonymous_9)
FN:87,(anonymous_10)
FN:91,(anonymous_11)
FN:92,(anonymous_12)
FN:93,(anonymous_13)
FN:109,(anonymous_14)
FN:118,(anonymous_15)
FN:122,(anonymous_16)
FN:127,(anonymous_17)
FN:128,(anonymous_18)
FN:140,(anonymous_19)
FN:141,(anonymous_20)
FN:142,(anonymous_21)
FN:168,(anonymous_22)
FN:169,(anonymous_23)
FN:170,(anonymous_24)
FN:184,(anonymous_25)
FN:186,(anonymous_26)
FN:188,(anonymous_27)
FN:189,(anonymous_28)
FN:204,(anonymous_29)
FN:214,(anonymous_30)
FN:215,(anonymous_31)
FN:227,(anonymous_32)
FN:228,(anonymous_33)
FN:232,(anonymous_34)
FN:233,(anonymous_35)
FN:269,(anonymous_36)
FN:270,(anonymous_37)
FN:271,(anonymous_38)
FN:272,(anonymous_39)
FN:304,(anonymous_40)
FN:314,(anonymous_41)
FN:315,(anonymous_42)
FN:329,(anonymous_43)
FN:330,(anonymous_44)
FN:347,(anonymous_45)
FN:350,(anonymous_46)
FN:369,(anonymous_47)
FN:385,(anonymous_48)
FN:411,(anonymous_49)
FN:418,(anonymous_50)
FN:419,(anonymous_51)
FN:437,(anonymous_52)
FN:438,(anonymous_53)
FN:457,(anonymous_54)
FN:458,(anonymous_55)
FNF:55
FNH:55
FNDA:2,(anonymous_1)
FNDA:1,(anonymous_2)
FNDA:1,(anonymous_3)
FNDA:8,(anonymous_4)
FNDA:8,(anonymous_5)
FNDA:8,(anonymous_6)
FNDA:8,(anonymous_7)
FNDA:8,(anonymous_8)
FNDA:8,(anonymous_9)
FNDA:5,(anonymous_10)
FNDA:4,(anonymous_11)
FNDA:4,(anonymous_12)
FNDA:4,(anonymous_13)
FNDA:3,(anonymous_14)
FNDA:1,(anonymous_15)
FNDA:1,(anonymous_16)
FNDA:1,(anonymous_17)
FNDA:1,(anonymous_18)
FNDA:2,(anonymous_19)
FNDA:2,(anonymous_20)
FNDA:2,(anonymous_21)
FNDA:1,(anonymous_22)
FNDA:1,(anonymous_23)
FNDA:1,(anonymous_24)
FNDA:1,(anonymous_25)
FNDA:1,(anonymous_26)
FNDA:1,(anonymous_27)
FNDA:1,(anonymous_28)
FNDA:1,(anonymous_29)
FNDA:1,(anonymous_30)
FNDA:1,(anonymous_31)
FNDA:1,(anonymous_32)
FNDA:1,(anonymous_33)
FNDA:1,(anonymous_34)
FNDA:2,(anonymous_35)
FNDA:1,(anonymous_36)
FNDA:1,(anonymous_37)
FNDA:1,(anonymous_38)
FNDA:1,(anonymous_39)
FNDA:1,(anonymous_40)
FNDA:1,(anonymous_41)
FNDA:1,(anonymous_42)
FNDA:1,(anonymous_43)
FNDA:1,(anonymous_44)
FNDA:1,(anonymous_45)
FNDA:1,(anonymous_46)
FNDA:1,(anonymous_47)
FNDA:4,(anonymous_48)
FNDA:1,(anonymous_49)
FNDA:5,(anonymous_50)
FNDA:5,(anonymous_51)
FNDA:1,(anonymous_52)
FNDA:1,(anonymous_53)
FNDA:1,(anonymous_54)
FNDA:1,(anonymous_55)
DA:6,1
DA:13,1
DA:24,1
DA:25,1
DA:26,1
DA:27,1
DA:34,1
DA:35,2
DA:43,1
DA:44,1
DA:45,1
DA:46,1
DA:47,1
DA:56,1
DA:57,8
DA:58,0
DA:59,0
DA:61,8
DA:63,8
DA:64,8
DA:65,8
DA:68,0
DA:72,8
DA:73,8
DA:74,8
DA:75,8
DA:76,8
DA:77,8
DA:83,1
DA:84,1
DA:85,1
DA:87,1
DA:88,5
DA:91,1
DA:92,4
DA:93,4
DA:94,4
DA:109,1
DA:110,3
DA:113,1
DA:114,1
DA:115,1
DA:116,1
DA:118,1
DA:119,1
DA:122,1
DA:123,1
DA:124,1
DA:127,1
DA:128,1
DA:129,1
DA:140,1
DA:141,2
DA:142,2
DA:143,2
DA:144,2
DA:145,2
DA:146,2
DA:147,2
DA:148,2
DA:149,2
DA:150,2
DA:151,2
DA:152,2
DA:156,2
DA:168,1
DA:169,1
DA:170,1
DA:171,1
DA:172,1
DA:173,1
DA:174,1
DA:175,1
DA:176,1
DA:177,1
DA:178,1
DA:179,1
DA:180,1
DA:184,1
DA:185,1
DA:186,1
DA:187,1
DA:188,1
DA:189,1
DA:190,1
DA:204,1
DA:205,1
DA:214,1
DA:215,1
DA:216,1
DA:227,1
DA:228,1
DA:229,1
DA:230,0
DA:232,1
DA:233,1
DA:234,2
DA:235,2
DA:236,2
DA:237,2
DA:238,2
DA:239,2
DA:240,2
DA:243,2
DA:248,2
DA:249,18
DA:250,16
DA:251,2
DA:252,2
DA:255,2
DA:256,2
DA:269,1
DA:270,1
DA:271,1
DA:272,1
DA:273,1
DA:274,1
DA:275,1
DA:276,1
DA:277,1
DA:278,1
DA:279,1
DA:281,1
DA:283,1
DA:284,1
DA:285,1
DA:286,9
DA:287,8
DA:288,1
DA:289,1
DA:292,1
DA:293,1
DA:304,1
DA:305,1
DA:314,1
DA:315,1
DA:316,1
DA:329,1
DA:330,1
DA:331,1
DA:332,1
DA:347,1
DA:348,1
DA:350,1
DA:351,1
DA:352,0
DA:354,1
DA:355,0
DA:357,1
DA:358,1
DA:359,5
DA:360,5
DA:369,1
DA:370,1
DA:371,1
DA:373,1
DA:374,1
DA:375,1
DA:376,1
DA:377,1
DA:378,1
DA:379,1
DA:380,1
DA:381,1
DA:383,1
DA:385,1
DA:386,4
DA:387,4
DA:388,4
DA:390,4
DA:391,4
DA:392,4
DA:393,4
DA:394,4
DA:395,4
DA:396,4
DA:397,4
DA:398,20
DA:399,20
DA:400,4
DA:402,16
DA:403,0
DA:405,16
DA:406,16
DA:409,4
DA:410,4
DA:412,1
DA:418,1
DA:419,5
DA:420,5
DA:421,5
DA:422,5
DA:437,1
DA:438,1
DA:439,1
DA:440,1
DA:441,1
DA:457,1
DA:458,1
DA:459,1
DA:460,1
LF:201
LH:194
BRDA:57,1,0,0
BRDA:57,1,1,8
BRDA:63,2,0,8
BRDA:63,2,1,0
BRDA:63,3,0,8
BRDA:63,3,1,8
BRDA:63,3,2,8
BRDA:73,4,0,8
BRDA:73,4,1,0
BRDA:146,5,0,0
BRDA:146,5,1,2
BRDA:151,6,0,2
BRDA:151,6,1,0
BRDA:174,7,0,0
BRDA:174,7,1,1
BRDA:179,8,0,1
BRDA:179,8,1,0
BRDA:187,9,0,0
BRDA:187,9,1,1
BRDA:216,10,0,1
BRDA:216,10,1,1
BRDA:229,11,0,0
BRDA:229,11,1,1
BRDA:236,12,0,2
BRDA:236,12,1,0
BRDA:239,13,0,2
BRDA:239,13,1,0
BRDA:239,14,0,2
BRDA:239,14,1,2
BRDA:249,15,0,16
BRDA:249,15,1,2
BRDA:249,16,0,18
BRDA:249,16,1,18
BRDA:251,17,0,2
BRDA:251,17,1,0
BRDA:252,18,0,2
BRDA:252,18,1,0
BRDA:276,19,0,1
BRDA:276,19,1,0
BRDA:278,20,0,1
BRDA:278,20,1,0
BRDA:278,21,0,1
BRDA:278,21,1,1
BRDA:286,22,0,8
BRDA:286,22,1,1
BRDA:286,23,0,9
BRDA:286,23,1,9
BRDA:288,24,0,1
BRDA:288,24,1,0
BRDA:289,25,0,1
BRDA:289,25,1,0
BRDA:316,26,0,1
BRDA:316,26,1,1
BRDA:331,27,0,0
BRDA:331,27,1,1
BRDA:351,28,0,0
BRDA:351,28,1,1
BRDA:354,29,0,0
BRDA:354,29,1,1
BRDA:354,30,0,1
BRDA:354,30,1,1
BRDA:399,31,0,4
BRDA:399,31,1,16
BRDA:402,32,0,0
BRDA:402,32,1,16
BRDA:402,33,0,16
BRDA:402,33,1,16
BRDA:420,34,0,0
BRDA:420,34,1,5
BRDA:420,35,0,5
BRDA:420,35,1,5
BRDA:439,36,0,0
BRDA:439,36,1,1
BRDA:439,37,0,1
BRDA:439,37,1,1
BRF:75
BRH:52
end_of_record
TN:
SF:/data/github/geopackage-js/lib/db/sqliteAdapter.js
FN:4,(anonymous_1)
FN:7,(anonymous_2)
FN:18,(anonymous_3)
FN:22,Adapter
FN:26,(anonymous_5)
FN:30,(anonymous_6)
FN:34,(anonymous_7)
FN:38,(anonymous_8)
FN:42,(anonymous_9)
FN:46,(anonymous_10)
FN:50,(anonymous_11)
FN:57,(anonymous_12)
FN:58,(anonymous_13)
FN:64,(anonymous_14)
FN:65,(anonymous_15)
FN:70,(anonymous_16)
FN:72,(anonymous_17)
FN:73,(anonymous_18)
FN:79,(anonymous_19)
FN:80,(anonymous_20)
FN:86,(anonymous_21)
FN:87,(anonymous_22)
FNF:22
FNH:20
FNDA:159,(anonymous_1)
FNDA:159,(anonymous_2)
FNDA:1,(anonymous_3)
FNDA:160,Adapter
FNDA:142,(anonymous_5)
FNDA:1,(anonymous_6)
FNDA:0,(anonymous_7)
FNDA:1494,(anonymous_8)
FNDA:0,(anonymous_9)
FNDA:752,(anonymous_10)
FNDA:434,(anonymous_11)
FNDA:1128,(anonymous_12)
FNDA:1128,(anonymous_13)
FNDA:5,(anonymous_14)
FNDA:5,(anonymous_15)
FNDA:249,(anonymous_16)
FNDA:3238,(anonymous_17)
FNDA:3237,(anonymous_18)
FNDA:1,(anonymous_19)
FNDA:1,(anonymous_20)
FNDA:15,(anonymous_21)
FNDA:15,(anonymous_22)
DA:1,1
DA:4,1
DA:5,159
DA:6,159
DA:7,159
DA:8,159
DA:9,0
DA:10,0
DA:12,159
DA:13,159
DA:14,159
DA:18,1
DA:19,1
DA:22,1
DA:23,160
DA:26,1
DA:27,142
DA:30,1
DA:31,1
DA:34,1
DA:35,0
DA:38,1
DA:39,1494
DA:42,1
DA:43,0
DA:46,1
DA:47,752
DA:50,1
DA:51,434
DA:52,4
DA:54,430
DA:57,1
DA:58,1128
DA:59,1128
DA:60,1125
DA:64,1
DA:65,5
DA:66,5
DA:70,1
DA:71,249
DA:72,249
DA:73,3238
DA:76,249
DA:79,1
DA:80,1
DA:81,1
DA:82,1
DA:86,1
DA:87,15
DA:88,15
LF:50
LH:46
BRDA:6,1,0,159
BRDA:6,1,1,1
BRDA:8,2,0,0
BRDA:8,2,1,159
BRDA:51,3,0,4
BRDA:51,3,1,430
BRDA:59,4,0,3
BRDA:59,4,1,1125
BRDA:71,5,0,249
BRDA:71,5,1,0
BRDA:81,6,0,0
BRDA:81,6,1,1
BRF:12
BRH:9
end_of_record
TN:
SF:/data/github/geopackage-js/lib/tiles/creator/node.js
FN:9,NodeTileCreator
FN:21,(anonymous_2)
FN:29,(anonymous_3)
FN:37,(anonymous_4)
FN:41,(anonymous_5)
FN:42,(anonymous_6)
FN:43,(anonymous_7)
FN:48,(anonymous_8)
FN:49,(anonymous_9)
FN:55,(anonymous_10)
FN:79,(anonymous_11)
FN:87,(anonymous_12)
FN:90,(anonymous_13)
FN:95,(anonymous_14)
FN:99,(anonymous_15)
FNF:15
FNH:14
FNDA:98,NodeTileCreator
FNDA:65536,(anonymous_2)
FNDA:169,(anonymous_3)
FNDA:169,(anonymous_4)
FNDA:169,(anonymous_5)
FNDA:65536,(anonymous_6)
FNDA:65536,(anonymous_7)
FNDA:169,(anonymous_8)
FNDA:100,(anonymous_9)
FNDA:100,(anonymous_10)
FNDA:169,(anonymous_11)
FNDA:97,(anonymous_12)
FNDA:519,(anonymous_13)
FNDA:0,(anonymous_14)
FNDA:97,(anonymous_15)
DA:1,1
DA:7,1
DA:9,1
DA:10,98
DA:12,98
DA:13,98
DA:14,98
DA:15,98
DA:16,98
DA:19,1
DA:21,1
DA:22,65536
DA:29,1
DA:30,169
DA:31,169
DA:32,169
DA:33,169
DA:35,169
DA:37,169
DA:39,169
DA:40,169
DA:41,169
DA:42,169
DA:43,65536
DA:45,65536
DA:46,65536
DA:49,169
DA:50,100
DA:51,100
DA:52,100
DA:53,100
DA:54,100
DA:55,100
DA:56,100
DA:58,100
DA:59,100
DA:60,100
DA:61,100
DA:62,100
DA:63,100
DA:64,100
DA:65,100
DA:67,100
DA:77,100
DA:80,169
DA:87,1
DA:88,97
DA:89,97
DA:90,97
DA:91,519
DA:92,519
DA:94,97
DA:95,0
DA:96,0
DA:99,97
DA:100,97
DA:105,1
LF:57
LH:55
BRDA:14,1,0,98
BRDA:14,1,1,97
BRDA:35,2,0,168
BRDA:35,2,1,1
BRDA:94,3,0,0
BRDA:94,3,1,97
BRF:6
BRH:5
end_of_record
